#
# A fatal error has been detected by the Java Runtime Environment:
#
#  EXCEPTION_ACCESS_VIOLATION (0xc0000005) at pc=0x000000006add21eb, pid=7572, tid=10104
#
# JRE version: Java(TM) SE Runtime Environment (13.0.2+8) (build 13.0.2+8)
# Java VM: Java HotSpot(TM) 64-Bit Server VM (13.0.2+8, mixed mode, sharing, tiered, compressed oops, g1 gc, windows-amd64)
# Problematic frame:
# C  [sqlite-3.20.1-3db79282-2419-4a38-95f7-c7d2e247796c-sqlitejdbc.dll+0x121eb]
#
# No core dump will be written. Minidumps are not enabled by default on client versions of Windows
#
# If you would like to submit a bug report, please visit:
#   http://bugreport.java.com/bugreport/crash.jsp
# The crash happened outside the Java Virtual Machine in native code.
# See problematic frame for where to report the bug.
#

---------------  S U M M A R Y ------------

Command Line: -Dfile.encoding=Cp1252 main.Launcher

Host: Intel(R) Core(TM) i5-7200U CPU @ 2.50GHz, 4 cores, 7G,  Windows 10 , 64 bit Build 19041 (10.0.19041.662)
Time: Fri Jan  8 17:36:19 2021 Hora estándar romance elapsed time: 18 seconds (0d 0h 0m 18s)

---------------  T H R E A D  ---------------

Current thread (0x000002d01e2d2800):  JavaThread "Thread-10" [_thread_in_native, id=10104, stack(0x000000d2b4200000,0x000000d2b4300000)]

Stack: [0x000000d2b4200000,0x000000d2b4300000],  sp=0x000000d2b42fefd0,  free space=1019k
Native frames: (J=compiled Java code, j=interpreted, Vv=VM code, C=native code)
C  [sqlite-3.20.1-3db79282-2419-4a38-95f7-c7d2e247796c-sqlitejdbc.dll+0x121eb]

Java frames: (J=compiled Java code, j=interpreted, Vv=VM code)
j  org.sqlite.core.NativeDB.column_int(JI)I+0
j  org.sqlite.jdbc3.JDBC3ResultSet.getInt(I)I+16
j  org.sqlite.jdbc3.JDBC3ResultSet.getInt(Ljava/lang/String;)I+6
j  main.GameDB.getNumberSessions(I)I+60
j  main.GameDB.updatePosition()V+33
j  main.states.GameState.lambda$0()V+10
j  main.states.GameState$$Lambda$154.run()V+4
j  java.lang.Thread.run()V+11 java.base@13.0.2
v  ~StubRoutines::call_stub

siginfo: EXCEPTION_ACCESS_VIOLATION (0xc0000005), reading address 0x000002d01ef946e8


Register to memory mapping:

RIP=0x000000006add21eb sqlite-3.20.1-3db79282-2419-4a38-95f7-c7d2e247796c-sqlitejdbc.dll
RAX=0x000000006adc2be0 sqlite-3.20.1-3db79282-2419-4a38-95f7-c7d2e247796c-sqlitejdbc.dll
RBX=0x000002d01ef946e8 is an unknown value
RCX=0x000002d01ef946e8 is an unknown value
RDX=0x0 is NULL
RSP=0x000000d2b42fefd0 is pointing into the stack for thread: 0x000002d01e2d2800
RBP=0x000000d2b42ff0f0 is pointing into the stack for thread: 0x000002d01e2d2800
RSI=0x0000000000000168 is an unknown value
RDI=0x0 is NULL
R8 =0x000002d01ef946e8 is an unknown value
R9 =0x0 is NULL
R10=0x000002d008440225 is at code_begin+1477 in an Interpreter codelet
method entry point (kind = native_synchronized)  [0x000002d00843fc60, 0x000002d0084409a0]  3392 bytes
R11=0x0000000000000121 is an unknown value
R12=0x0 is NULL
R13={method} {0x000002d01daeb950} 'column_int' '(JI)I' in 'org/sqlite/core/NativeDB'
R14=0x000000d2b42ff128 is pointing into the stack for thread: 0x000002d01e2d2800
R15=0x000002d01e2d2800 is a thread


Registers:
RAX=0x000000006adc2be0, RBX=0x000002d01ef946e8, RCX=0x000002d01ef946e8, RDX=0x0000000000000000
RSP=0x000000d2b42fefd0, RBP=0x000000d2b42ff0f0, RSI=0x0000000000000168, RDI=0x0000000000000000
R8 =0x000002d01ef946e8, R9 =0x0000000000000000, R10=0x000002d008440225, R11=0x0000000000000121
R12=0x0000000000000000, R13=0x000002d01daeb948, R14=0x000000d2b42ff128, R15=0x000002d01e2d2800
RIP=0x000000006add21eb, EFLAGS=0x0000000000010206

Top of Stack: (sp=0x000000d2b42fefd0)
0x000000d2b42fefd0:   000002d01e2d2800 000000d2b42ff098
0x000000d2b42fefe0:   000002d01daeb948 0000000000000000
0x000000d2b42feff0:   000000d2b43fee50 000002d01ef946e8
0x000000d2b42ff000:   0000000000000168 000000006addf04e
0x000000d2b42ff010:   000002d01e614000 000002d000000005
0x000000d2b42ff020:   000002d000000002 00000000878cebf8
0x000000d2b42ff030:   000000d2b42ff128 000002d01daeb948
0x000000d2b42ff040:   0000000000000168 000002d008440254
0x000000d2b42ff050:   000000d2b42ff098 000000d2b42ff0a8
0x000000d2b42ff060:   0000000000000000 000002d00843ff7d
0x000000d2b42ff070:   000002d01e2d2805 000000d2b42ff0f0
0x000000d2b42ff080:   0000000000000168 000000d2b42ff0a0
0x000000d2b42ff090:   000002d00843ff24 0000000000000003
0x000000d2b42ff0a0:   00000000878cebf8 000000d2b42ff098
0x000000d2b42ff0b0:   000002d01daeb948 000000d2b42ff128
0x000000d2b42ff0c0:   000002d01db31408 0000000000000000 

Instructions: (pc=0x000000006add21eb)
0x000000006add20eb:   00 00 00 00 00 53 48 83 ec 20 48 89 cb 48 8b 09
0x000000006add20fb:   66 f7 41 08 60 24 75 3d b8 01 00 00 00 66 89 41
0x000000006add210b:   08 c6 43 29 01 48 8b 49 28 c7 43 24 07 00 00 00
0x000000006add211b:   f7 41 54 00 ff ff 00 74 0c 48 83 c4 20 5b c3 66
0x000000006add212b:   0f 1f 44 00 00 48 83 c4 20 5b e9 16 f2 ff ff 66
0x000000006add213b:   0f 1f 44 00 00 e8 3b ed ff ff 48 8b 0b eb c2 66
0x000000006add214b:   0f 1f 44 00 00 53 48 83 ec 20 81 fa 0a 0c 00 00
0x000000006add215b:   74 2a 81 e2 fb 00 00 00 83 fa 0a 75 1f 48 89 cb
0x000000006add216b:   48 8b 09 31 c0 4c 8b 89 80 00 00 00 4d 85 c9 74
0x000000006add217b:   08 45 31 c0 30 d2 41 ff d1 89 43 4c 48 83 c4 20
0x000000006add218b:   5b c3 0f 1f 00 53 48 83 ec 30 48 89 cb 48 8b 89
0x000000006add219b:   48 01 00 00 48 85 c9 74 11 66 f7 41 08 60 24 75
0x000000006add21ab:   14 b8 01 00 00 00 66 89 41 08 48 89 d9 48 83 c4
0x000000006add21bb:   30 5b eb 91 90 89 54 24 2c e8 b7 ec ff ff 8b 54
0x000000006add21cb:   24 2c 48 89 d9 48 83 c4 30 5b e9 76 ff ff ff 66
0x000000006add21db:   0f 1f 44 00 00 56 53 48 83 ec 28 48 85 c9 74 77
0x000000006add21eb:   48 8b 01 48 89 ce 48 63 da 48 8b 48 18 48 85 c9
0x000000006add21fb:   74 06 ff 15 45 6e 0b 00 48 8b 86 88 00 00 00 48
0x000000006add220b:   85 c0 74 31 0f b7 96 bc 00 00 00 39 da 7e 26 85
0x000000006add221b:   db 78 22 48 8d 14 dd 00 00 00 00 48 c1 e3 06 48
0x000000006add222b:   29 d3 48 01 d8 48 83 c4 28 5b 5e c3 66 0f 1f 84
0x000000006add223b:   00 00 00 00 00 48 8b 0e ba 19 00 00 00 c7 41 44
0x000000006add224b:   19 00 00 00 e8 3c ff ff ff 48 8d 05 e5 25 0c 00
0x000000006add225b:   48 83 c4 28 5b 5e c3 48 8d 05 d7 25 0c 00 48 83
0x000000006add226b:   c4 28 5b 5e c3 48 83 fa 7f 76 2a 48 81 fa ff 3f
0x000000006add227b:   00 00 77 31 48 89 d0 83 e2 7f 48 c1 e8 07 88 51
0x000000006add228b:   01 83 c8 80 88 01 b8 02 00 00 00 c3 66 0f 1f 84
0x000000006add229b:   00 00 00 00 00 88 11 b8 01 00 00 00 c3 0f 1f 84
0x000000006add22ab:   00 00 00 00 00 e9 fb 25 ff ff 90 66 2e 0f 1f 84
0x000000006add22bb:   00 00 00 00 00 56 53 48 83 ec 38 48 8d 5c 24 20
0x000000006add22cb:   48 89 ce 48 89 d9 e8 9a ff ff ff 48 89 da 41 89
0x000000006add22db:   c0 48 89 f1 e8 4c b3 ff ff 90 48 83 c4 38 5b 5e 


Stack slot to memory mapping:
stack at sp + 0 slots: 0x000002d01e2d2800 is a thread
stack at sp + 1 slots: 0x000000d2b42ff098 is pointing into the stack for thread: 0x000002d01e2d2800
stack at sp + 2 slots: {method} {0x000002d01daeb950} 'column_int' '(JI)I' in 'org/sqlite/core/NativeDB'
stack at sp + 3 slots: 0x0 is NULL
stack at sp + 4 slots: 0x000000d2b43fee50 is pointing into the stack for thread: 0x000002d01e2cc800
stack at sp + 5 slots: 0x000002d01ef946e8 is an unknown value
stack at sp + 6 slots: 0x0000000000000168 is an unknown value
stack at sp + 7 slots: 0x000000006addf04e sqlite-3.20.1-3db79282-2419-4a38-95f7-c7d2e247796c-sqlitejdbc.dll


---------------  P R O C E S S  ---------------

Threads class SMR info:
_java_thread_list=0x000002d01e661a90, length=18, elements={
0x000002d01d626800, 0x000002d01d62a800, 0x000002d01d645800, 0x000002d01d646800,
0x000002d01d64a000, 0x000002d01d652000, 0x000002d01d67c000, 0x000002d01e0dc000,
0x000002d01e0e2000, 0x000002d01e410800, 0x000002d07eee7800, 0x000002d01e439800,
0x000002d01e43a000, 0x000002d01e4a2000, 0x000002d01e556000, 0x000002d01e2cc000,
0x000002d01e2d2800, 0x000002d01e2cc800
}

Java Threads: ( => current thread )
  0x000002d01d626800 JavaThread "Reference Handler" daemon [_thread_blocked, id=12788, stack(0x000000d2b2800000,0x000000d2b2900000)]
  0x000002d01d62a800 JavaThread "Finalizer" daemon [_thread_blocked, id=14908, stack(0x000000d2b2900000,0x000000d2b2a00000)]
  0x000002d01d645800 JavaThread "Signal Dispatcher" daemon [_thread_blocked, id=14444, stack(0x000000d2b2a00000,0x000000d2b2b00000)]
  0x000002d01d646800 JavaThread "Attach Listener" daemon [_thread_blocked, id=15548, stack(0x000000d2b2b00000,0x000000d2b2c00000)]
  0x000002d01d64a000 JavaThread "C2 CompilerThread0" daemon [_thread_blocked, id=14716, stack(0x000000d2b2c00000,0x000000d2b2d00000)]
  0x000002d01d652000 JavaThread "C1 CompilerThread0" daemon [_thread_blocked, id=9084, stack(0x000000d2b2d00000,0x000000d2b2e00000)]
  0x000002d01d67c000 JavaThread "Sweeper thread" daemon [_thread_blocked, id=7504, stack(0x000000d2b2e00000,0x000000d2b2f00000)]
  0x000002d01e0dc000 JavaThread "Service Thread" daemon [_thread_blocked, id=11936, stack(0x000000d2b2f00000,0x000000d2b3000000)]
  0x000002d01e0e2000 JavaThread "Common-Cleaner" daemon [_thread_blocked, id=14456, stack(0x000000d2b3100000,0x000000d2b3200000)]
  0x000002d01e410800 JavaThread "Thread-0" [_thread_in_native, id=7656, stack(0x000000d2b3200000,0x000000d2b3300000)]
  0x000002d07eee7800 JavaThread "DestroyJavaVM" [_thread_blocked, id=12452, stack(0x000000d2b2100000,0x000000d2b2200000)]
  0x000002d01e439800 JavaThread "Java2D Disposer" daemon [_thread_blocked, id=11372, stack(0x000000d2b3300000,0x000000d2b3400000)]
  0x000002d01e43a000 JavaThread "AWT-Shutdown" [_thread_blocked, id=15444, stack(0x000000d2b3400000,0x000000d2b3500000)]
  0x000002d01e4a2000 JavaThread "AWT-Windows" daemon [_thread_in_native, id=3180, stack(0x000000d2b3500000,0x000000d2b3600000)]
  0x000002d01e556000 JavaThread "AWT-EventQueue-0" [_thread_blocked, id=4400, stack(0x000000d2b3600000,0x000000d2b3700000)]
  0x000002d01e2cc000 JavaThread "Thread-8" [_thread_in_native, id=11072, stack(0x000000d2b4000000,0x000000d2b4100000)]
=>0x000002d01e2d2800 JavaThread "Thread-10" [_thread_in_native, id=10104, stack(0x000000d2b4200000,0x000000d2b4300000)]
  0x000002d01e2cc800 JavaThread "Thread-11" [_thread_in_native, id=9664, stack(0x000000d2b4300000,0x000000d2b4400000)]

Other Threads:
  0x000002d01d623000 VMThread "VM Thread" [stack: 0x000000d2b2700000,0x000000d2b2800000] [id=13476]
  0x000002d01e0e1000 WatcherThread [stack: 0x000000d2b3000000,0x000000d2b3100000] [id=14388]
  0x000002d07ef2e000 GCTaskThread "GC Thread#0" [stack: 0x000000d2b2200000,0x000000d2b2300000] [id=7536]
  0x000002d01e61f800 GCTaskThread "GC Thread#1" [stack: 0x000000d2b3700000,0x000000d2b3800000] [id=6540]
  0x000002d01e61b000 GCTaskThread "GC Thread#2" [stack: 0x000000d2b3900000,0x000000d2b3a00000] [id=1724]
  0x000002d01e61d000 GCTaskThread "GC Thread#3" [stack: 0x000000d2b3a00000,0x000000d2b3b00000] [id=14480]
  0x000002d07ef40800 ConcurrentGCThread "G1 Main Marker" [stack: 0x000000d2b2300000,0x000000d2b2400000] [id=12448]
  0x000002d07ef42800 ConcurrentGCThread "G1 Conc#0" [stack: 0x000000d2b2400000,0x000000d2b2500000] [id=5540]
  0x000002d01d4b1800 ConcurrentGCThread "G1 Refine#0" [stack: 0x000000d2b2500000,0x000000d2b2600000] [id=10604]
  0x000002d01e138800 ConcurrentGCThread "G1 Refine#1" [stack: 0x000000d2b3b00000,0x000000d2b3c00000] [id=14472]
  0x000002d01e5aa000 ConcurrentGCThread "G1 Refine#2" [stack: 0x000000d2b3c00000,0x000000d2b3d00000] [id=13640]
  0x000002d07efc2800 ConcurrentGCThread "G1 Young RemSet Sampling" [stack: 0x000000d2b2600000,0x000000d2b2700000] [id=10124]

Threads with active compile tasks:

VM state:not at safepoint (normal execution)

VM Mutex/Monitor currently owned by a thread: None

Heap address: 0x0000000081400000, size: 2028 MB, Compressed Oops mode: 32-bit
Narrow klass base: 0x0000000800000000, Narrow klass shift: 3
Compressed class space size: 1073741824 Address: 0x0000000800b40000

Heap:
 garbage-first heap   total 131072K, used 43730K [0x0000000081400000, 0x0000000100000000)
  region size 1024K, 29 young (29696K), 1 survivors (1024K)
 Metaspace       used 10075K, capacity 10407K, committed 10752K, reserved 1058816K
  class space    used 1005K, capacity 1169K, committed 1280K, reserved 1048576K
Heap Regions: E=young(eden), S=young(survivor), O=old, HS=humongous(starts), HC=humongous(continues), CS=collection set, F=free, A=archive, TAMS=top-at-mark-start (previous, next)
|   0|0x0000000081400000, 0x0000000081500000, 0x0000000081500000|100%|HS|  |TAMS 0x0000000081400000, 0x0000000081400000| Complete 
|   1|0x0000000081500000, 0x0000000081600000, 0x0000000081600000|100%|HC|  |TAMS 0x0000000081500000, 0x0000000081500000| Complete 
|   2|0x0000000081600000, 0x0000000081700000, 0x0000000081700000|100%|HS|  |TAMS 0x0000000081600000, 0x0000000081600000| Complete 
|   3|0x0000000081700000, 0x0000000081800000, 0x0000000081800000|100%|HC|  |TAMS 0x0000000081700000, 0x0000000081700000| Complete 
|   4|0x0000000081800000, 0x0000000081900000, 0x0000000081900000|100%|HS|  |TAMS 0x0000000081800000, 0x0000000081800000| Complete 
|   5|0x0000000081900000, 0x0000000081a00000, 0x0000000081a00000|100%|HC|  |TAMS 0x0000000081900000, 0x0000000081900000| Complete 
|   6|0x0000000081a00000, 0x0000000081b00000, 0x0000000081b00000|100%|HS|  |TAMS 0x0000000081a00000, 0x0000000081a00000| Complete 
|   7|0x0000000081b00000, 0x0000000081c00000, 0x0000000081c00000|100%|HC|  |TAMS 0x0000000081b00000, 0x0000000081b00000| Complete 
|   8|0x0000000081c00000, 0x0000000081d00000, 0x0000000081d00000|100%| O|  |TAMS 0x0000000081c00000, 0x0000000081c00000| Untracked 
|   9|0x0000000081d00000, 0x0000000081e00000, 0x0000000081e00000|100%| O|  |TAMS 0x0000000081d00000, 0x0000000081d00000| Untracked 
|  10|0x0000000081e00000, 0x0000000081f00000, 0x0000000081f00000|100%|HS|  |TAMS 0x0000000081e00000, 0x0000000081e00000| Complete 
|  11|0x0000000081f00000, 0x0000000082000000, 0x0000000082000000|100%|HC|  |TAMS 0x0000000081f00000, 0x0000000081f00000| Complete 
|  12|0x0000000082000000, 0x0000000082100000, 0x0000000082100000|100%| O|  |TAMS 0x0000000082000000, 0x0000000082000000| Untracked 
|  13|0x0000000082100000, 0x0000000082196800, 0x0000000082200000| 58%| O|  |TAMS 0x0000000082100000, 0x0000000082100000| Untracked 
|  14|0x0000000082200000, 0x0000000082300000, 0x0000000082300000|100%|HS|  |TAMS 0x0000000082200000, 0x0000000082200000| Complete 
|  15|0x0000000082300000, 0x0000000082400000, 0x0000000082400000|100%|HC|  |TAMS 0x0000000082300000, 0x0000000082300000| Complete 
|  16|0x0000000082400000, 0x0000000082400000, 0x0000000082500000|  0%| F|  |TAMS 0x0000000082400000, 0x0000000082400000| Untracked 
|  17|0x0000000082500000, 0x0000000082500000, 0x0000000082600000|  0%| F|  |TAMS 0x0000000082500000, 0x0000000082500000| Untracked 
|  18|0x0000000082600000, 0x0000000082600000, 0x0000000082700000|  0%| F|  |TAMS 0x0000000082600000, 0x0000000082600000| Untracked 
|  19|0x0000000082700000, 0x0000000082700000, 0x0000000082800000|  0%| F|  |TAMS 0x0000000082700000, 0x0000000082700000| Untracked 
|  20|0x0000000082800000, 0x0000000082800000, 0x0000000082900000|  0%| F|  |TAMS 0x0000000082800000, 0x0000000082800000| Untracked 
|  21|0x0000000082900000, 0x0000000082900000, 0x0000000082a00000|  0%| F|  |TAMS 0x0000000082900000, 0x0000000082900000| Untracked 
|  22|0x0000000082a00000, 0x0000000082a00000, 0x0000000082b00000|  0%| F|  |TAMS 0x0000000082a00000, 0x0000000082a00000| Untracked 
|  23|0x0000000082b00000, 0x0000000082b00000, 0x0000000082c00000|  0%| F|  |TAMS 0x0000000082b00000, 0x0000000082b00000| Untracked 
|  24|0x0000000082c00000, 0x0000000082c00000, 0x0000000082d00000|  0%| F|  |TAMS 0x0000000082c00000, 0x0000000082c00000| Untracked 
|  25|0x0000000082d00000, 0x0000000082d00000, 0x0000000082e00000|  0%| F|  |TAMS 0x0000000082d00000, 0x0000000082d00000| Untracked 
|  26|0x0000000082e00000, 0x0000000082e00000, 0x0000000082f00000|  0%| F|  |TAMS 0x0000000082e00000, 0x0000000082e00000| Untracked 
|  27|0x0000000082f00000, 0x0000000082f00000, 0x0000000083000000|  0%| F|  |TAMS 0x0000000082f00000, 0x0000000082f00000| Untracked 
|  28|0x0000000083000000, 0x0000000083000000, 0x0000000083100000|  0%| F|  |TAMS 0x0000000083000000, 0x0000000083000000| Untracked 
|  29|0x0000000083100000, 0x0000000083100000, 0x0000000083200000|  0%| F|  |TAMS 0x0000000083100000, 0x0000000083100000| Untracked 
|  30|0x0000000083200000, 0x0000000083200000, 0x0000000083300000|  0%| F|  |TAMS 0x0000000083200000, 0x0000000083200000| Untracked 
|  31|0x0000000083300000, 0x0000000083300000, 0x0000000083400000|  0%| F|  |TAMS 0x0000000083300000, 0x0000000083300000| Untracked 
|  32|0x0000000083400000, 0x0000000083400000, 0x0000000083500000|  0%| F|  |TAMS 0x0000000083400000, 0x0000000083400000| Untracked 
|  33|0x0000000083500000, 0x0000000083500000, 0x0000000083600000|  0%| F|  |TAMS 0x0000000083500000, 0x0000000083500000| Untracked 
|  34|0x0000000083600000, 0x0000000083600000, 0x0000000083700000|  0%| F|  |TAMS 0x0000000083600000, 0x0000000083600000| Untracked 
|  35|0x0000000083700000, 0x0000000083700000, 0x0000000083800000|  0%| F|  |TAMS 0x0000000083700000, 0x0000000083700000| Untracked 
|  36|0x0000000083800000, 0x0000000083800000, 0x0000000083900000|  0%| F|  |TAMS 0x0000000083800000, 0x0000000083800000| Untracked 
|  37|0x0000000083900000, 0x0000000083900000, 0x0000000083a00000|  0%| F|  |TAMS 0x0000000083900000, 0x0000000083900000| Untracked 
|  38|0x0000000083a00000, 0x0000000083a00000, 0x0000000083b00000|  0%| F|  |TAMS 0x0000000083a00000, 0x0000000083a00000| Untracked 
|  39|0x0000000083b00000, 0x0000000083b00000, 0x0000000083c00000|  0%| F|  |TAMS 0x0000000083b00000, 0x0000000083b00000| Untracked 
|  40|0x0000000083c00000, 0x0000000083c00000, 0x0000000083d00000|  0%| F|  |TAMS 0x0000000083c00000, 0x0000000083c00000| Untracked 
|  41|0x0000000083d00000, 0x0000000083d00000, 0x0000000083e00000|  0%| F|  |TAMS 0x0000000083d00000, 0x0000000083d00000| Untracked 
|  42|0x0000000083e00000, 0x0000000083e00000, 0x0000000083f00000|  0%| F|  |TAMS 0x0000000083e00000, 0x0000000083e00000| Untracked 
|  43|0x0000000083f00000, 0x0000000083f00000, 0x0000000084000000|  0%| F|  |TAMS 0x0000000083f00000, 0x0000000083f00000| Untracked 
|  44|0x0000000084000000, 0x0000000084000000, 0x0000000084100000|  0%| F|  |TAMS 0x0000000084000000, 0x0000000084000000| Untracked 
|  45|0x0000000084100000, 0x0000000084100000, 0x0000000084200000|  0%| F|  |TAMS 0x0000000084100000, 0x0000000084100000| Untracked 
|  46|0x0000000084200000, 0x0000000084200000, 0x0000000084300000|  0%| F|  |TAMS 0x0000000084200000, 0x0000000084200000| Untracked 
|  47|0x0000000084300000, 0x0000000084300000, 0x0000000084400000|  0%| F|  |TAMS 0x0000000084300000, 0x0000000084300000| Untracked 
|  48|0x0000000084400000, 0x0000000084400000, 0x0000000084500000|  0%| F|  |TAMS 0x0000000084400000, 0x0000000084400000| Untracked 
|  49|0x0000000084500000, 0x0000000084500000, 0x0000000084600000|  0%| F|  |TAMS 0x0000000084500000, 0x0000000084500000| Untracked 
|  50|0x0000000084600000, 0x0000000084600000, 0x0000000084700000|  0%| F|  |TAMS 0x0000000084600000, 0x0000000084600000| Untracked 
|  51|0x0000000084700000, 0x0000000084700000, 0x0000000084800000|  0%| F|  |TAMS 0x0000000084700000, 0x0000000084700000| Untracked 
|  52|0x0000000084800000, 0x0000000084800000, 0x0000000084900000|  0%| F|  |TAMS 0x0000000084800000, 0x0000000084800000| Untracked 
|  53|0x0000000084900000, 0x0000000084900000, 0x0000000084a00000|  0%| F|  |TAMS 0x0000000084900000, 0x0000000084900000| Untracked 
|  54|0x0000000084a00000, 0x0000000084a00000, 0x0000000084b00000|  0%| F|  |TAMS 0x0000000084a00000, 0x0000000084a00000| Untracked 
|  55|0x0000000084b00000, 0x0000000084b00000, 0x0000000084c00000|  0%| F|  |TAMS 0x0000000084b00000, 0x0000000084b00000| Untracked 
|  56|0x0000000084c00000, 0x0000000084c00000, 0x0000000084d00000|  0%| F|  |TAMS 0x0000000084c00000, 0x0000000084c00000| Untracked 
|  57|0x0000000084d00000, 0x0000000084d00000, 0x0000000084e00000|  0%| F|  |TAMS 0x0000000084d00000, 0x0000000084d00000| Untracked 
|  58|0x0000000084e00000, 0x0000000084e00000, 0x0000000084f00000|  0%| F|  |TAMS 0x0000000084e00000, 0x0000000084e00000| Untracked 
|  59|0x0000000084f00000, 0x0000000084f00000, 0x0000000085000000|  0%| F|  |TAMS 0x0000000084f00000, 0x0000000084f00000| Untracked 
|  60|0x0000000085000000, 0x0000000085000000, 0x0000000085100000|  0%| F|  |TAMS 0x0000000085000000, 0x0000000085000000| Untracked 
|  61|0x0000000085100000, 0x0000000085100000, 0x0000000085200000|  0%| F|  |TAMS 0x0000000085100000, 0x0000000085100000| Untracked 
|  62|0x0000000085200000, 0x0000000085200000, 0x0000000085300000|  0%| F|  |TAMS 0x0000000085200000, 0x0000000085200000| Untracked 
|  63|0x0000000085300000, 0x0000000085300000, 0x0000000085400000|  0%| F|  |TAMS 0x0000000085300000, 0x0000000085300000| Untracked 
|  64|0x0000000085400000, 0x0000000085400000, 0x0000000085500000|  0%| F|  |TAMS 0x0000000085400000, 0x0000000085400000| Untracked 
|  65|0x0000000085500000, 0x0000000085500000, 0x0000000085600000|  0%| F|  |TAMS 0x0000000085500000, 0x0000000085500000| Untracked 
|  66|0x0000000085600000, 0x0000000085600000, 0x0000000085700000|  0%| F|  |TAMS 0x0000000085600000, 0x0000000085600000| Untracked 
|  67|0x0000000085700000, 0x0000000085700000, 0x0000000085800000|  0%| F|  |TAMS 0x0000000085700000, 0x0000000085700000| Untracked 
|  68|0x0000000085800000, 0x0000000085800000, 0x0000000085900000|  0%| F|  |TAMS 0x0000000085800000, 0x0000000085800000| Untracked 
|  69|0x0000000085900000, 0x0000000085900000, 0x0000000085a00000|  0%| F|  |TAMS 0x0000000085900000, 0x0000000085900000| Untracked 
|  70|0x0000000085a00000, 0x0000000085a00000, 0x0000000085b00000|  0%| F|  |TAMS 0x0000000085a00000, 0x0000000085a00000| Untracked 
|  71|0x0000000085b00000, 0x0000000085b00000, 0x0000000085c00000|  0%| F|  |TAMS 0x0000000085b00000, 0x0000000085b00000| Untracked 
|  72|0x0000000085c00000, 0x0000000085c00000, 0x0000000085d00000|  0%| F|  |TAMS 0x0000000085c00000, 0x0000000085c00000| Untracked 
|  73|0x0000000085d00000, 0x0000000085d00000, 0x0000000085e00000|  0%| F|  |TAMS 0x0000000085d00000, 0x0000000085d00000| Untracked 
|  74|0x0000000085e00000, 0x0000000085e00000, 0x0000000085f00000|  0%| F|  |TAMS 0x0000000085e00000, 0x0000000085e00000| Untracked 
|  75|0x0000000085f00000, 0x0000000085f00000, 0x0000000086000000|  0%| F|  |TAMS 0x0000000085f00000, 0x0000000085f00000| Untracked 
|  76|0x0000000086000000, 0x0000000086000000, 0x0000000086100000|  0%| F|  |TAMS 0x0000000086000000, 0x0000000086000000| Untracked 
|  77|0x0000000086100000, 0x0000000086100000, 0x0000000086200000|  0%| F|  |TAMS 0x0000000086100000, 0x0000000086100000| Untracked 
|  78|0x0000000086200000, 0x0000000086200000, 0x0000000086300000|  0%| F|  |TAMS 0x0000000086200000, 0x0000000086200000| Untracked 
|  79|0x0000000086300000, 0x0000000086300000, 0x0000000086400000|  0%| F|  |TAMS 0x0000000086300000, 0x0000000086300000| Untracked 
|  80|0x0000000086400000, 0x0000000086400000, 0x0000000086500000|  0%| F|  |TAMS 0x0000000086400000, 0x0000000086400000| Untracked 
|  81|0x0000000086500000, 0x0000000086500000, 0x0000000086600000|  0%| F|  |TAMS 0x0000000086500000, 0x0000000086500000| Untracked 
|  82|0x0000000086600000, 0x0000000086600000, 0x0000000086700000|  0%| F|  |TAMS 0x0000000086600000, 0x0000000086600000| Untracked 
|  83|0x0000000086700000, 0x0000000086700000, 0x0000000086800000|  0%| F|  |TAMS 0x0000000086700000, 0x0000000086700000| Untracked 
|  84|0x0000000086800000, 0x0000000086800000, 0x0000000086900000|  0%| F|  |TAMS 0x0000000086800000, 0x0000000086800000| Untracked 
|  85|0x0000000086900000, 0x0000000086900000, 0x0000000086a00000|  0%| F|  |TAMS 0x0000000086900000, 0x0000000086900000| Untracked 
|  86|0x0000000086a00000, 0x0000000086a00000, 0x0000000086b00000|  0%| F|  |TAMS 0x0000000086a00000, 0x0000000086a00000| Untracked 
|  87|0x0000000086b00000, 0x0000000086b00000, 0x0000000086c00000|  0%| F|  |TAMS 0x0000000086b00000, 0x0000000086b00000| Untracked 
|  88|0x0000000086c00000, 0x0000000086c00000, 0x0000000086d00000|  0%| F|  |TAMS 0x0000000086c00000, 0x0000000086c00000| Untracked 
|  89|0x0000000086d00000, 0x0000000086d00000, 0x0000000086e00000|  0%| F|  |TAMS 0x0000000086d00000, 0x0000000086d00000| Untracked 
|  90|0x0000000086e00000, 0x0000000086e00000, 0x0000000086f00000|  0%| F|  |TAMS 0x0000000086e00000, 0x0000000086e00000| Untracked 
|  91|0x0000000086f00000, 0x0000000086f00000, 0x0000000087000000|  0%| F|  |TAMS 0x0000000086f00000, 0x0000000086f00000| Untracked 
|  92|0x0000000087000000, 0x0000000087000000, 0x0000000087100000|  0%| F|  |TAMS 0x0000000087000000, 0x0000000087000000| Untracked 
|  93|0x0000000087100000, 0x0000000087100000, 0x0000000087200000|  0%| F|  |TAMS 0x0000000087100000, 0x0000000087100000| Untracked 
|  94|0x0000000087200000, 0x0000000087200000, 0x0000000087300000|  0%| F|  |TAMS 0x0000000087200000, 0x0000000087200000| Untracked 
|  95|0x0000000087300000, 0x0000000087300000, 0x0000000087400000|  0%| F|  |TAMS 0x0000000087300000, 0x0000000087300000| Untracked 
|  96|0x0000000087400000, 0x0000000087400000, 0x0000000087500000|  0%| F|  |TAMS 0x0000000087400000, 0x0000000087400000| Untracked 
|  97|0x0000000087500000, 0x0000000087500000, 0x0000000087600000|  0%| F|  |TAMS 0x0000000087500000, 0x0000000087500000| Untracked 
|  98|0x0000000087600000, 0x0000000087600000, 0x0000000087700000|  0%| F|  |TAMS 0x0000000087600000, 0x0000000087600000| Untracked 
|  99|0x0000000087700000, 0x0000000087780800, 0x0000000087800000| 50%| E|  |TAMS 0x0000000087700000, 0x0000000087700000| Complete 
| 100|0x0000000087800000, 0x0000000087900000, 0x0000000087900000|100%| E|CS|TAMS 0x0000000087800000, 0x0000000087800000| Complete 
| 101|0x0000000087900000, 0x0000000087a00000, 0x0000000087a00000|100%| E|CS|TAMS 0x0000000087900000, 0x0000000087900000| Complete 
| 102|0x0000000087a00000, 0x0000000087b00000, 0x0000000087b00000|100%| E|CS|TAMS 0x0000000087a00000, 0x0000000087a00000| Complete 
| 103|0x0000000087b00000, 0x0000000087c00000, 0x0000000087c00000|100%| E|CS|TAMS 0x0000000087b00000, 0x0000000087b00000| Complete 
| 104|0x0000000087c00000, 0x0000000087d00000, 0x0000000087d00000|100%| E|CS|TAMS 0x0000000087c00000, 0x0000000087c00000| Complete 
| 105|0x0000000087d00000, 0x0000000087d1e150, 0x0000000087e00000| 11%| S|CS|TAMS 0x0000000087d00000, 0x0000000087d00000| Complete 
| 106|0x0000000087e00000, 0x0000000087f00000, 0x0000000087f00000|100%| E|CS|TAMS 0x0000000087e00000, 0x0000000087e00000| Complete 
| 107|0x0000000087f00000, 0x0000000088000000, 0x0000000088000000|100%| E|CS|TAMS 0x0000000087f00000, 0x0000000087f00000| Complete 
| 108|0x0000000088000000, 0x0000000088100000, 0x0000000088100000|100%| E|CS|TAMS 0x0000000088000000, 0x0000000088000000| Complete 
| 109|0x0000000088100000, 0x0000000088200000, 0x0000000088200000|100%| E|CS|TAMS 0x0000000088100000, 0x0000000088100000| Complete 
| 110|0x0000000088200000, 0x0000000088300000, 0x0000000088300000|100%| E|CS|TAMS 0x0000000088200000, 0x0000000088200000| Complete 
| 111|0x0000000088300000, 0x0000000088400000, 0x0000000088400000|100%| E|CS|TAMS 0x0000000088300000, 0x0000000088300000| Complete 
| 112|0x0000000088400000, 0x0000000088500000, 0x0000000088500000|100%| E|CS|TAMS 0x0000000088400000, 0x0000000088400000| Complete 
| 113|0x0000000088500000, 0x0000000088600000, 0x0000000088600000|100%| E|CS|TAMS 0x0000000088500000, 0x0000000088500000| Complete 
| 114|0x0000000088600000, 0x0000000088700000, 0x0000000088700000|100%| E|CS|TAMS 0x0000000088600000, 0x0000000088600000| Complete 
| 115|0x0000000088700000, 0x0000000088800000, 0x0000000088800000|100%| E|CS|TAMS 0x0000000088700000, 0x0000000088700000| Complete 
| 116|0x0000000088800000, 0x0000000088900000, 0x0000000088900000|100%| E|CS|TAMS 0x0000000088800000, 0x0000000088800000| Complete 
| 117|0x0000000088900000, 0x0000000088a00000, 0x0000000088a00000|100%| E|CS|TAMS 0x0000000088900000, 0x0000000088900000| Complete 
| 118|0x0000000088a00000, 0x0000000088b00000, 0x0000000088b00000|100%| E|CS|TAMS 0x0000000088a00000, 0x0000000088a00000| Complete 
| 119|0x0000000088b00000, 0x0000000088c00000, 0x0000000088c00000|100%| E|CS|TAMS 0x0000000088b00000, 0x0000000088b00000| Complete 
| 120|0x0000000088c00000, 0x0000000088d00000, 0x0000000088d00000|100%| E|CS|TAMS 0x0000000088c00000, 0x0000000088c00000| Complete 
| 121|0x0000000088d00000, 0x0000000088e00000, 0x0000000088e00000|100%| E|CS|TAMS 0x0000000088d00000, 0x0000000088d00000| Complete 
| 122|0x0000000088e00000, 0x0000000088f00000, 0x0000000088f00000|100%| E|CS|TAMS 0x0000000088e00000, 0x0000000088e00000| Complete 
| 123|0x0000000088f00000, 0x0000000089000000, 0x0000000089000000|100%| E|CS|TAMS 0x0000000088f00000, 0x0000000088f00000| Complete 
| 124|0x0000000089000000, 0x0000000089100000, 0x0000000089100000|100%| E|CS|TAMS 0x0000000089000000, 0x0000000089000000| Complete 
| 125|0x0000000089100000, 0x0000000089200000, 0x0000000089200000|100%| E|CS|TAMS 0x0000000089100000, 0x0000000089100000| Complete 
| 126|0x0000000089200000, 0x0000000089300000, 0x0000000089300000|100%| E|CS|TAMS 0x0000000089200000, 0x0000000089200000| Complete 
| 127|0x0000000089300000, 0x0000000089400000, 0x0000000089400000|100%| E|CS|TAMS 0x0000000089300000, 0x0000000089300000| Complete 

Card table byte_map: [0x000002d07f3d0000,0x000002d07f7d0000] _byte_map_base: 0x000002d07efc6000

Marking Bits (Prev, Next): (CMBitMap*) 0x000002d07ef2e908, (CMBitMap*) 0x000002d07ef2e948
 Prev Bits: [0x000002d017430000, 0x000002d0193e0000)
 Next Bits: [0x000002d0193e0000, 0x000002d01b390000)

Polling page: 0x000002d07cdc0000

Metaspace:

Usage:
  Non-class:      9.02 MB capacity,     8.86 MB ( 98%) used,   142.77 KB (  2%) free+waste,    24.81 KB ( <1%) overhead. 
      Class:      1.14 MB capacity,  1005.04 KB ( 86%) used,   148.52 KB ( 13%) free+waste,    15.44 KB (  1%) overhead. 
       Both:     10.16 MB capacity,     9.84 MB ( 97%) used,   291.30 KB (  3%) free+waste,    40.25 KB ( <1%) overhead. 

Virtual space:
  Non-class space:       10.00 MB reserved,       9.25 MB ( 93%) committed 
      Class space:        1.00 GB reserved,       1.25 MB ( <1%) committed 
             Both:        1.01 GB reserved,      10.50 MB (  1%) committed 

Chunk freelists:
   Non-Class:  42.00 KB
       Class:  15.00 KB
        Both:  57.00 KB

MaxMetaspaceSize: 17179869184.00 GB
CompressedClassSpaceSize: 1.00 GB

CodeHeap 'non-profiled nmethods': size=120000Kb used=963Kb max_used=963Kb free=119037Kb
 bounds [0x000002d00ff00000, 0x000002d010170000, 0x000002d017430000]
CodeHeap 'profiled nmethods': size=120000Kb used=4298Kb max_used=4298Kb free=115701Kb
 bounds [0x000002d0089d0000, 0x000002d008e10000, 0x000002d00ff00000]
CodeHeap 'non-nmethods': size=5760Kb used=1306Kb max_used=1356Kb free=4453Kb
 bounds [0x000002d008430000, 0x000002d0086a0000, 0x000002d0089d0000]
 total_blobs=3422 nmethods=2103 adapters=495
 compilation: enabled
              stopped_count=0, restarted_count=0
 full_count=0

Compilation events (20 events):
Event: 18.737 Thread 0x000002d01d652000 2093       3       java.lang.String::contains (19 bytes)
Event: 18.737 Thread 0x000002d01d652000 nmethod 2093 0x000002d008dff110 code [0x000002d008dff2e0, 0x000002d008dff5e0]
Event: 18.738 Thread 0x000002d01d64a000 2094       4       java.lang.Integer::valueOf (32 bytes)
Event: 18.739 Thread 0x000002d01d64a000 nmethod 2094 0x000002d00fff0410 code [0x000002d00fff05a0, 0x000002d00fff0678]
Event: 18.812 Thread 0x000002d01d652000 2096       3       org.sqlite.core.CoreStatement::checkOpen (20 bytes)
Event: 18.813 Thread 0x000002d01d652000 nmethod 2096 0x000002d008dff710 code [0x000002d008dff8c0, 0x000002d008dffb70]
Event: 18.813 Thread 0x000002d01d652000 2097       3       java.lang.Integer::parseInt (7 bytes)
Event: 18.813 Thread 0x000002d01d652000 nmethod 2097 0x000002d008dffc90 code [0x000002d008dffe40, 0x000002d008dfffb0]
Event: 18.850 Thread 0x000002d01d652000 2098       3       java.util.Properties::<init> (32 bytes)
Event: 18.850 Thread 0x000002d01d652000 nmethod 2098 0x000002d008e00090 code [0x000002d008e002a0, 0x000002d008e00770]
Event: 18.850 Thread 0x000002d01d652000 2099       3       java.util.Hashtable::<init> (10 bytes)
Event: 18.850 Thread 0x000002d01d652000 nmethod 2099 0x000002d008e00910 code [0x000002d008e00ac0, 0x000002d008e00cf8]
Event: 18.850 Thread 0x000002d01d652000 2100       3       java.lang.Class::forName (47 bytes)
Event: 18.851 Thread 0x000002d01d652000 nmethod 2100 0x000002d008e00e10 code [0x000002d008e01000, 0x000002d008e01550]
Event: 18.858 Thread 0x000002d01d652000 2101       3       java.util.Properties::<init> (8 bytes)
Event: 18.858 Thread 0x000002d01d652000 nmethod 2101 0x000002d008e01710 code [0x000002d008e01920, 0x000002d008e01e50]
Event: 18.898 Thread 0x000002d01d652000 2102       3       java.lang.StringUTF16::length (5 bytes)
Event: 18.898 Thread 0x000002d01d652000 nmethod 2102 0x000002d008e02010 code [0x000002d008e021a0, 0x000002d008e022f8]
Event: 18.904 Thread 0x000002d01d652000 2103   !   3       java.util.TimeZone::clone (15 bytes)
Event: 18.904 Thread 0x000002d01d652000 nmethod 2103 0x000002d008e02390 code [0x000002d008e02560, 0x000002d008e02820]

GC Heap History (6 events):
Event: 2.032 GC heap before
{Heap before GC invocations=0 (full 0):
 garbage-first heap   total 131072K, used 22528K [0x0000000081400000, 0x0000000100000000)
  region size 1024K, 14 young (14336K), 0 survivors (0K)
 Metaspace       used 9206K, capacity 9539K, committed 9600K, reserved 1058816K
  class space    used 967K, capacity 1136K, committed 1152K, reserved 1048576K
}
Event: 2.038 GC heap after
{Heap after GC invocations=1 (full 0):
 garbage-first heap   total 131072K, used 11793K [0x0000000081400000, 0x0000000100000000)
  region size 1024K, 2 young (2048K), 2 survivors (2048K)
 Metaspace       used 9206K, capacity 9539K, committed 9600K, reserved 1058816K
  class space    used 967K, capacity 1136K, committed 1152K, reserved 1048576K
}
Event: 6.796 GC heap before
{Heap before GC invocations=1 (full 0):
 garbage-first heap   total 131072K, used 17937K [0x0000000081400000, 0x0000000100000000)
  region size 1024K, 6 young (6144K), 2 survivors (2048K)
 Metaspace       used 9718K, capacity 10052K, committed 10112K, reserved 1058816K
  class space    used 980K, capacity 1136K, committed 1152K, reserved 1048576K
}
Event: 6.800 GC heap after
{Heap after GC invocations=2 (full 0):
 garbage-first heap   total 131072K, used 14223K [0x0000000081400000, 0x0000000100000000)
  region size 1024K, 1 young (1024K), 1 survivors (1024K)
 Metaspace       used 9718K, capacity 10052K, committed 10112K, reserved 1058816K
  class space    used 980K, capacity 1136K, committed 1152K, reserved 1048576K
}
Event: 14.355 GC heap before
{Heap before GC invocations=2 (full 0):
 garbage-first heap   total 131072K, used 37775K [0x0000000081400000, 0x0000000100000000)
  region size 1024K, 22 young (22528K), 1 survivors (1024K)
 Metaspace       used 10050K, capacity 10404K, committed 10752K, reserved 1058816K
  class space    used 1004K, capacity 1168K, committed 1280K, reserved 1048576K
}
Event: 14.356 GC heap after
{Heap after GC invocations=3 (full 0):
 garbage-first heap   total 131072K, used 14034K [0x0000000081400000, 0x0000000100000000)
  region size 1024K, 1 young (1024K), 1 survivors (1024K)
 Metaspace       used 10050K, capacity 10404K, committed 10752K, reserved 1058816K
  class space    used 1004K, capacity 1168K, committed 1280K, reserved 1048576K
}

Deoptimization events (20 events):
Event: 17.710 Thread 0x000002d01e410800 DEOPT PACKING pc=0x000002d008df6ffb sp=0x000000d2b32fed20
Event: 17.710 Thread 0x000002d01e410800 DEOPT UNPACKING pc=0x000002d00847964e sp=0x000000d2b32fe228 mode 0
Event: 17.711 Thread 0x000002d01e410800 DEOPT PACKING pc=0x000002d008df6ffb sp=0x000000d2b32fed20
Event: 17.711 Thread 0x000002d01e410800 DEOPT UNPACKING pc=0x000002d00847964e sp=0x000000d2b32fe228 mode 0
Event: 17.711 Thread 0x000002d01e410800 DEOPT PACKING pc=0x000002d008df6ffb sp=0x000000d2b32fed20
Event: 17.711 Thread 0x000002d01e410800 DEOPT UNPACKING pc=0x000002d00847964e sp=0x000000d2b32fe228 mode 0
Event: 17.711 Thread 0x000002d01e410800 DEOPT PACKING pc=0x000002d008df6ffb sp=0x000000d2b32fed20
Event: 17.711 Thread 0x000002d01e410800 DEOPT UNPACKING pc=0x000002d00847964e sp=0x000000d2b32fe228 mode 0
Event: 17.712 Thread 0x000002d01e410800 DEOPT PACKING pc=0x000002d008df6ffb sp=0x000000d2b32fed20
Event: 17.712 Thread 0x000002d01e410800 DEOPT UNPACKING pc=0x000002d00847964e sp=0x000000d2b32fe228 mode 0
Event: 17.712 Thread 0x000002d01e410800 DEOPT PACKING pc=0x000002d008df6ffb sp=0x000000d2b32fed20
Event: 17.712 Thread 0x000002d01e410800 DEOPT UNPACKING pc=0x000002d00847964e sp=0x000000d2b32fe228 mode 0
Event: 17.713 Thread 0x000002d01e410800 DEOPT PACKING pc=0x000002d008df6ffb sp=0x000000d2b32fed20
Event: 17.713 Thread 0x000002d01e410800 DEOPT UNPACKING pc=0x000002d00847964e sp=0x000000d2b32fe228 mode 0
Event: 17.713 Thread 0x000002d01e410800 DEOPT PACKING pc=0x000002d008df6ffb sp=0x000000d2b32fed20
Event: 17.713 Thread 0x000002d01e410800 DEOPT UNPACKING pc=0x000002d00847964e sp=0x000000d2b32fe228 mode 0
Event: 17.713 Thread 0x000002d01e410800 DEOPT PACKING pc=0x000002d008df6ffb sp=0x000000d2b32fed20
Event: 17.713 Thread 0x000002d01e410800 DEOPT UNPACKING pc=0x000002d00847964e sp=0x000000d2b32fe228 mode 0
Event: 17.720 Thread 0x000002d01e410800 DEOPT PACKING pc=0x000002d008df6ffb sp=0x000000d2b32fed20
Event: 17.720 Thread 0x000002d01e410800 DEOPT UNPACKING pc=0x000002d00847964e sp=0x000000d2b32fe228 mode 0

Classes unloaded (0 events):
No events

Classes redefined (0 events):
No events

Internal exceptions (20 events):
Event: 0.358 Thread 0x000002d07eee7800 Exception <a 'java/lang/NoSuchMethodError'{0x00000000890eb658}: 'int java.lang.invoke.DirectMethodHandle$Holder.invokeSpecialIFC(java.lang.Object, java.lang.Object, int)'> (0x00000000890eb658) 
thrown [t:/workspace/open/src/hotspot/share/interpreter/linkResolver.cpp, line 767]
Event: 0.400 Thread 0x000002d07eee7800 Exception <a 'java/lang/NoSuchMethodError'{0x0000000088fe3cc0}: 'java.lang.Object java.lang.invoke.DirectMethodHandle$Holder.invokeStaticInit(java.lang.Object, int, int, int, int)'> (0x0000000088fe3cc0) 
thrown [t:/workspace/open/src/hotspot/share/interpreter/linkResolver.cpp, line 767]
Event: 0.643 Thread 0x000002d07eee7800 Exception <a 'java/lang/NoSuchMethodError'{0x0000000088e87d20}: 'java.lang.Object java.lang.invoke.DirectMethodHandle$Holder.invokeStaticInit(java.lang.Object, java.lang.Object, int, int, int, int)'> (0x0000000088e87d20) 
thrown [t:/workspace/open/src/hotspot/share/interpreter/linkResolver.cpp, line 767]
Event: 0.716 Thread 0x000002d01e410800 Exception <a 'java/lang/ClassNotFoundException'{0x0000000088d51fa8}: sun/awt/resources/spi/awtProvider> (0x0000000088d51fa8) 
thrown [t:/workspace/open/src/hotspot/share/classfile/systemDictionary.cpp, line 232]
Event: 0.721 Thread 0x000002d01e410800 Exception <a 'java/io/FileNotFoundException'{0x0000000088d55140}> (0x0000000088d55140) 
thrown [t:/workspace/open/src/hotspot/share/prims/jni.cpp, line 598]
Event: 0.728 Thread 0x000002d01e410800 Exception <a 'java/io/FileNotFoundException'{0x0000000088d7b648}> (0x0000000088d7b648) 
thrown [t:/workspace/open/src/hotspot/share/prims/jni.cpp, line 598]
Event: 0.770 Thread 0x000002d01e4a2000 Exception <a 'java/lang/NoSuchMethodError'{0x0000000088ddc768}: 'void java.lang.invoke.DirectMethodHandle$Holder.invokeSpecial(java.lang.Object, java.lang.Object)'> (0x0000000088ddc768) 
thrown [t:/workspace/open/src/hotspot/share/interpreter/linkResolver.cpp, line 767]
Event: 0.807 Thread 0x000002d01e410800 Exception <a 'java/lang/NoSuchMethodError'{0x0000000088c503f8}: 'java.lang.Object java.lang.invoke.DirectMethodHandle$Holder.invokeStatic(java.lang.Object, int, java.lang.Object, java.lang.Object, java.lang.Object, java.lang.Object)'> (0x0000000088c503f8) 
thrown [t:/workspace/open/src/hotspot/share/interpreter/linkResolver.cpp, line 767]
Event: 0.808 Thread 0x000002d01e410800 Exception <a 'java/lang/NoSuchMethodError'{0x0000000088c56d58}: 'java.lang.Object java.lang.invoke.DirectMethodHandle$Holder.invokeStatic(java.lang.Object, int, java.lang.Object, java.lang.Object, java.lang.Object)'> (0x0000000088c56d58) 
thrown [t:/workspace/open/src/hotspot/share/interpreter/linkResolver.cpp, line 767]
Event: 0.809 Thread 0x000002d01e410800 Exception <a 'java/lang/NoSuchMethodError'{0x0000000088c5a5c0}: 'java.lang.Object java.lang.invoke.DirectMethodHandle$Holder.invokeSpecial(java.lang.Object, java.lang.Object, int, java.lang.Object, java.lang.Object, java.lang.Object)'> (0x0000000088c5a5c0) 
thrown [t:/workspace/open/src/hotspot/share/interpreter/linkResolver.cpp, line 767]
Event: 0.851 Thread 0x000002d01e410800 Exception <a 'java/lang/ClassNotFoundException'{0x0000000088b135b8}: com/sun/swing/internal/plaf/metal/resources/spi/metalProvider> (0x0000000088b135b8) 
thrown [t:/workspace/open/src/hotspot/share/classfile/systemDictionary.cpp, line 232]
Event: 0.854 Thread 0x000002d01e410800 Exception <a 'java/lang/ClassNotFoundException'{0x0000000088b17620}: com/sun/swing/internal/plaf/basic/resources/spi/basicProvider> (0x0000000088b17620) 
thrown [t:/workspace/open/src/hotspot/share/classfile/systemDictionary.cpp, line 232]
Event: 0.859 Thread 0x000002d01e410800 Implicit null exception at 0x000002d00ff3ba68 to 0x000002d00ff3bafa
Event: 0.884 Thread 0x000002d01e410800 Exception <a 'java/lang/NoSuchMethodError'{0x0000000088b98b00}: 'void java.lang.invoke.DirectMethodHandle$Holder.invokeStaticInit(java.lang.Object)'> (0x0000000088b98b00) 
thrown [t:/workspace/open/src/hotspot/share/interpreter/linkResolver.cpp, line 767]
Event: 0.911 Thread 0x000002d01e410800 Exception <a 'java/lang/NoSuchMethodError'{0x0000000088bed190}: 'java.lang.Object java.lang.invoke.Invokers$Holder.linkToTargetMethod(java.lang.Object, int, java.lang.Object)'> (0x0000000088bed190) 
thrown [t:/workspace/open/src/hotspot/share/interpreter/linkResolver.cpp, line 767]
Event: 2.028 Thread 0x000002d01e410800 Exception <a 'java/lang/NoSuchMethodError'{0x0000000088689a00}: 'void java.lang.invoke.DirectMethodHandle$Holder.invokeStatic(java.lang.Object, int)'> (0x0000000088689a00) 
thrown [t:/workspace/open/src/hotspot/share/interpreter/linkResolver.cpp, line 767]
Event: 2.031 Thread 0x000002d01e620000 Exception <a 'java/lang/NoSuchMethodError'{0x0000000088692188}: 'void java.lang.invoke.DirectMethodHandle$Holder.invokeStatic(java.lang.Object, int, int)'> (0x0000000088692188) 
thrown [t:/workspace/open/src/hotspot/share/interpreter/linkResolver.cpp, line 767]
Event: 7.495 Thread 0x000002d01e410800 Implicit null exception at 0x000002d00ff8547b to 0x000002d00ff86586
Event: 7.495 Thread 0x000002d01e410800 Implicit null exception at 0x000002d00ff821cf to 0x000002d00ff82342
Event: 14.356 Thread 0x000002d01e410800 Implicit null exception at 0x000002d00ffd6549 to 0x000002d00ffd869a

Events (20 events):
Event: 17.824 Thread 0x000002d01e2cc800 Thread added: 0x000002d01e2cc800
Event: 18.738 Executing VM operation: RevokeBias
Event: 18.738 Executing VM operation: RevokeBias done
Event: 18.755 Executing VM operation: RevokeBias
Event: 18.755 Executing VM operation: RevokeBias done
Event: 18.755 Thread 0x000002d0214c0800 Thread exited: 0x000002d0214c0800
Event: 18.799 Executing VM operation: RevokeBias
Event: 18.799 Executing VM operation: RevokeBias done
Event: 18.799 Thread 0x000002d01e19a000 Thread exited: 0x000002d01e19a000
Event: 18.843 Executing VM operation: RevokeBias
Event: 18.843 Executing VM operation: RevokeBias done
Event: 18.843 Thread 0x000002d0216cf000 Thread exited: 0x000002d0216cf000
Event: 18.880 Executing VM operation: RevokeBias
Event: 18.880 Executing VM operation: RevokeBias done
Event: 18.880 Thread 0x000002d01e2cd800 Thread exited: 0x000002d01e2cd800
Event: 18.910 Executing VM operation: RevokeBias
Event: 18.910 Executing VM operation: RevokeBias done
Event: 18.910 Thread 0x000002d021048800 Thread exited: 0x000002d021048800
Event: 18.923 Executing VM operation: RevokeBias
Event: 18.923 Executing VM operation: RevokeBias done


Dynamic libraries:
0x00007ff651c80000 - 0x00007ff651c8f000 	C:\Program Files\bin\javaw.exe
0x00007ffc85d50000 - 0x00007ffc85f46000 	C:\WINDOWS\SYSTEM32\ntdll.dll
0x00007ffc85900000 - 0x00007ffc859bd000 	C:\WINDOWS\System32\KERNEL32.DLL
0x00007ffc83510000 - 0x00007ffc837d9000 	C:\WINDOWS\System32\KERNELBASE.dll
0x00007ffc83cb0000 - 0x00007ffc83db0000 	C:\WINDOWS\System32\ucrtbase.dll
0x00007ffc7cde0000 - 0x00007ffc7cdf8000 	C:\Program Files\bin\jli.dll
0x00007ffc83df0000 - 0x00007ffc83e9c000 	C:\WINDOWS\System32\ADVAPI32.dll
0x00007ffc85a70000 - 0x00007ffc85b0e000 	C:\WINDOWS\System32\msvcrt.dll
0x00007ffc84e70000 - 0x00007ffc84f0c000 	C:\WINDOWS\System32\sechost.dll
0x00007ffc83f70000 - 0x00007ffc8409b000 	C:\WINDOWS\System32\RPCRT4.dll
0x00007ffc84f10000 - 0x00007ffc850b0000 	C:\WINDOWS\System32\USER32.dll
0x00007ffc83bb0000 - 0x00007ffc83bd2000 	C:\WINDOWS\System32\win32u.dll
0x00007ffc840c0000 - 0x00007ffc840ea000 	C:\WINDOWS\System32\GDI32.dll
0x00007ffc83a40000 - 0x00007ffc83b49000 	C:\WINDOWS\System32\gdi32full.dll
0x00007ffc83be0000 - 0x00007ffc83c7d000 	C:\WINDOWS\System32\msvcp_win.dll
0x00007ffc7c120000 - 0x00007ffc7c135000 	C:\Program Files\bin\VCRUNTIME140.dll
0x00007ffc701c0000 - 0x00007ffc7045b000 	C:\WINDOWS\WinSxS\amd64_microsoft.windows.common-controls_6595b64144ccf1df_6.0.19041.488_none_ca04af081b815d21\COMCTL32.dll
0x00007ffc7a210000 - 0x00007ffc7a21a000 	C:\WINDOWS\SYSTEM32\VERSION.dll
0x00007ffc83dc0000 - 0x00007ffc83df0000 	C:\WINDOWS\System32\IMM32.DLL
0x00007ffc57670000 - 0x00007ffc5770b000 	C:\Program Files\bin\msvcp140.dll
0x00007ffc3b870000 - 0x00007ffc3c3cd000 	C:\Program Files\bin\server\jvm.dll
0x00007ffc85b10000 - 0x00007ffc85b18000 	C:\WINDOWS\System32\PSAPI.DLL
0x00007ffc7dd90000 - 0x00007ffc7dd99000 	C:\WINDOWS\SYSTEM32\WSOCK32.dll
0x00007ffc85800000 - 0x00007ffc8586b000 	C:\WINDOWS\System32\WS2_32.dll
0x00007ffc6e960000 - 0x00007ffc6e987000 	C:\WINDOWS\SYSTEM32\WINMM.dll
0x00007ffc81d70000 - 0x00007ffc81d82000 	C:\WINDOWS\SYSTEM32\kernel.appcore.dll
0x00007ffc7dd70000 - 0x00007ffc7dd80000 	C:\Program Files\bin\verify.dll
0x00007ffc812e0000 - 0x00007ffc814c4000 	C:\WINDOWS\SYSTEM32\DBGHELP.DLL
0x00007ffc6cf80000 - 0x00007ffc6cfac000 	C:\WINDOWS\SYSTEM32\dbgcore.DLL
0x00007ffc83490000 - 0x00007ffc83510000 	C:\WINDOWS\System32\bcryptPrimitives.dll
0x00007ffc7c010000 - 0x00007ffc7c036000 	C:\Program Files\bin\java.dll
0x00007ffc7dc70000 - 0x00007ffc7dc87000 	C:\Program Files\bin\zip.dll
0x00007ffc7cd80000 - 0x00007ffc7cd8a000 	C:\Program Files\bin\jimage.dll
0x00007ffc850b0000 - 0x00007ffc857f2000 	C:\WINDOWS\System32\SHELL32.dll
0x00007ffc815c0000 - 0x00007ffc81d55000 	C:\WINDOWS\SYSTEM32\windows.storage.dll
0x00007ffc84220000 - 0x00007ffc84576000 	C:\WINDOWS\System32\combase.dll
0x00007ffc82f00000 - 0x00007ffc82f2c000 	C:\WINDOWS\SYSTEM32\Wldp.dll
0x00007ffc85c00000 - 0x00007ffc85cae000 	C:\WINDOWS\System32\SHCORE.dll
0x00007ffc848c0000 - 0x00007ffc84915000 	C:\WINDOWS\System32\shlwapi.dll
0x00007ffc833c0000 - 0x00007ffc833e6000 	C:\WINDOWS\SYSTEM32\profapi.dll
0x00007ffc7bff0000 - 0x00007ffc7c009000 	C:\Program Files\bin\net.dll
0x00007ffc73260000 - 0x00007ffc73360000 	C:\WINDOWS\SYSTEM32\WINHTTP.dll
0x00007ffc82c80000 - 0x00007ffc82cea000 	C:\WINDOWS\system32\mswsock.dll
0x00007ffc7bf70000 - 0x00007ffc7bf83000 	C:\Program Files\bin\nio.dll
0x00007ffc82e60000 - 0x00007ffc82e78000 	C:\WINDOWS\SYSTEM32\CRYPTSP.dll
0x00007ffc825a0000 - 0x00007ffc825d4000 	C:\WINDOWS\system32\rsaenh.dll
0x00007ffc83c80000 - 0x00007ffc83ca7000 	C:\WINDOWS\System32\bcrypt.dll
0x00007ffc83340000 - 0x00007ffc8336e000 	C:\WINDOWS\SYSTEM32\USERENV.dll
0x00007ffc82e50000 - 0x00007ffc82e5c000 	C:\WINDOWS\SYSTEM32\CRYPTBASE.dll
0x00007ffc82920000 - 0x00007ffc8295b000 	C:\WINDOWS\SYSTEM32\IPHLPAPI.DLL
0x00007ffc83db0000 - 0x00007ffc83db8000 	C:\WINDOWS\System32\NSI.dll
0x00007ffc80bc0000 - 0x00007ffc80bd7000 	C:\WINDOWS\SYSTEM32\dhcpcsvc6.DLL
0x00007ffc80ba0000 - 0x00007ffc80bbd000 	C:\WINDOWS\SYSTEM32\dhcpcsvc.DLL
0x00007ffc82970000 - 0x00007ffc82a3b000 	C:\WINDOWS\SYSTEM32\DNSAPI.dll
0x000000006adc0000 - 0x000000006aeb2000 	C:\Users\Gorka\AppData\Local\Temp\sqlite-3.20.1-3db79282-2419-4a38-95f7-c7d2e247796c-sqlitejdbc.dll
0x00007ffc3f1d0000 - 0x00007ffc3f369000 	C:\Program Files\bin\awt.dll
0x00007ffc83ea0000 - 0x00007ffc83f6d000 	C:\WINDOWS\System32\OLEAUT32.dll
0x00007ffc7f6b0000 - 0x00007ffc7f740000 	C:\WINDOWS\SYSTEM32\apphelp.dll
0x00007ffc80d50000 - 0x00007ffc80d7f000 	C:\WINDOWS\system32\DWMAPI.DLL
0x00007ffc7f7a0000 - 0x00007ffc7f83e000 	C:\WINDOWS\system32\uxtheme.dll
0x00007ffc68fa0000 - 0x00007ffc690c5000 	C:\WINDOWS\system32\opengl32.dll
0x00007ffc70120000 - 0x00007ffc7014c000 	C:\WINDOWS\SYSTEM32\GLU32.dll
0x00007ffc847a0000 - 0x00007ffc848b6000 	C:\WINDOWS\System32\MSCTF.dll
0x00007ffc840f0000 - 0x00007ffc8421a000 	C:\WINDOWS\System32\ole32.dll
0x00007ffc50fd0000 - 0x00007ffc51052000 	C:\Program Files\bin\freetype.dll
0x00007ffc41360000 - 0x00007ffc41406000 	C:\Program Files\bin\fontmanager.dll
0x00007ffc7ab50000 - 0x00007ffc7ac4d000 	C:\WINDOWS\SYSTEM32\textinputframework.dll
0x00007ffc7f480000 - 0x00007ffc7f572000 	C:\WINDOWS\System32\CoreMessaging.dll
0x00007ffc7f120000 - 0x00007ffc7f47e000 	C:\WINDOWS\System32\CoreUIComponents.dll
0x00007ffc821d0000 - 0x00007ffc82203000 	C:\WINDOWS\SYSTEM32\ntmarta.dll
0x00007ffc7ea50000 - 0x00007ffc7eba6000 	C:\WINDOWS\SYSTEM32\wintypes.dll
0x00007ffc6f4b0000 - 0x00007ffc6f516000 	C:\WINDOWS\system32\Oleacc.dll

dbghelp: loaded successfully - version: 4.0.5 - missing functions: none
symbol engine: initialized successfully - sym options: 0x614 - pdb path: .;C:\Program Files\bin;C:\WINDOWS\SYSTEM32;C:\WINDOWS\WinSxS\amd64_microsoft.windows.common-controls_6595b64144ccf1df_6.0.19041.488_none_ca04af081b815d21;C:\Program Files\bin\server;C:\Users\Gorka\AppData\Local\Temp

VM Arguments:
jvm_args: -Dfile.encoding=Cp1252 
java_command: main.Launcher
java_class_path (initial): C:\Users\Gorka\git\StoneChaser-Program-3\bin;C:\Users\Gorka\.p2\pool\plugins\org.junit_4.13.0.v20200204-1500.jar;C:\Users\Gorka\.p2\pool\plugins\org.hamcrest.core_1.3.0.v20180420-1519.jar;C:\Users\Gorka\git\StoneChaser-Program-3\res\sqliteJAR\sqlite-jdbc-3.20.1.jar
Launcher Type: SUN_STANDARD

[Global flags]
     intx CICompilerCount                          = 3                                         {product} {ergonomic}
     uint ConcGCThreads                            = 1                                         {product} {ergonomic}
     uint G1ConcRefinementThreads                  = 4                                         {product} {ergonomic}
   size_t G1HeapRegionSize                         = 1048576                                   {product} {ergonomic}
    uintx GCDrainStackTargetSize                   = 64                                        {product} {ergonomic}
   size_t InitialHeapSize                          = 134217728                                 {product} {ergonomic}
   size_t MarkStackSize                            = 4194304                                   {product} {ergonomic}
   size_t MaxHeapSize                              = 2126512128                                {product} {ergonomic}
   size_t MaxNewSize                               = 1275068416                                {product} {ergonomic}
   size_t MinHeapDeltaBytes                        = 1048576                                   {product} {ergonomic}
   size_t MinHeapSize                              = 8388608                                   {product} {ergonomic}
    uintx NonNMethodCodeHeapSize                   = 5832780                                {pd product} {ergonomic}
    uintx NonProfiledCodeHeapSize                  = 122912730                              {pd product} {ergonomic}
    uintx ProfiledCodeHeapSize                     = 122912730                              {pd product} {ergonomic}
    uintx ReservedCodeCacheSize                    = 251658240                              {pd product} {ergonomic}
     bool SegmentedCodeCache                       = true                                      {product} {ergonomic}
   size_t SoftMaxHeapSize                          = 2126512128                             {manageable} {ergonomic}
     bool UseCompressedClassPointers               = true                                 {lp64_product} {ergonomic}
     bool UseCompressedOops                        = true                                 {lp64_product} {ergonomic}
     bool UseG1GC                                  = true                                      {product} {ergonomic}
     bool UseLargePagesIndividualAllocation        = false                                  {pd product} {ergonomic}

Logging:
Log output configuration:
 #0: stdout all=warning uptime,level,tags
 #1: stderr all=off uptime,level,tags

Environment Variables:
PATH=C:/Program Files/bin/server;C:/Program Files/bin;C:\Program Files\AdoptOpenJDK\jdk-11.0.8.10-hotspot\bin;C:\WINDOWS\system32;C:\WINDOWS;C:\WINDOWS\System32\Wbem;C:\WINDOWS\System32\WindowsPowerShell\v1.0\;C:\WINDOWS\System32\OpenSSH\;C:\Program Files (x86)\Intel\Intel(R) Management Engine Components\DAL;C:\Program Files\Intel\Intel(R) Management Engine Components\DAL;C:\Program Files (x86)\Intel\Intel(R) Management Engine Components\IPT;C:\Program Files\Intel\Intel(R) Management Engine Components\IPT;C:\Program Files\MySQL\MySQL Shell 8.0\bin\;C:\Users\Gorka\AppData\Local\Programs\Python\Launcher\;C:\WINDOWS\system32\config\systemprofile\AppData\Local\Microsoft\WindowsApps;C:\Users\Gorka\AppData\Roaming\Quest Software\vWorkspace Client\;;C:\Users\Gorka\AppData\Local\Microsoft\WindowsApps;C:\Users\Gorka\Desktop;
USERNAME=Gorka
OS=Windows_NT
PROCESSOR_IDENTIFIER=Intel64 Family 6 Model 142 Stepping 9, GenuineIntel



---------------  S Y S T E M  ---------------

OS: Windows 10 , 64 bit Build 19041 (10.0.19041.662)

CPU:total 4 (initial active 4) (2 cores per cpu, 2 threads per core) family 6 model 142 stepping 9, cmov, cx8, fxsr, mmx, sse, sse2, sse3, ssse3, sse4.1, sse4.2, popcnt, avx, avx2, aes, clmul, erms, 3dnowpref, lzcnt, ht, tsc, tscinvbit, bmi1, bmi2, adx, fma

Memory: 4k page, system-wide physical 8107M (2833M free)
TotalPageFile size 9387M (AvailPageFile size 2247M)
current process WorkingSet (physical memory assigned to process): 100M, peak: 118M
current process commit charge ("private bytes"): 223M, peak: 249M

vm_info: Java HotSpot(TM) 64-Bit Server VM (13.0.2+8) for windows-amd64 JRE (13.0.2+8), built on Dec 11 2019 09:20:33 by "mach5one" with unknown MS VC++:1916

END.
