#
# A fatal error has been detected by the Java Runtime Environment:
#
#  EXCEPTION_ACCESS_VIOLATION (0xc0000005) at pc=0x000000006adfd1ab, pid=8488, tid=2400
#
# JRE version: Java(TM) SE Runtime Environment (13.0.2+8) (build 13.0.2+8)
# Java VM: Java HotSpot(TM) 64-Bit Server VM (13.0.2+8, mixed mode, sharing, tiered, compressed oops, g1 gc, windows-amd64)
# Problematic frame:
# C  [sqlite-3.20.1-130cbddf-0b2b-4c56-8d1f-93ac7f0a8790-sqlitejdbc.dll+0x3d1ab]
#
# No core dump will be written. Minidumps are not enabled by default on client versions of Windows
#
# If you would like to submit a bug report, please visit:
#   http://bugreport.java.com/bugreport/crash.jsp
# The crash happened outside the Java Virtual Machine in native code.
# See problematic frame for where to report the bug.
#

---------------  S U M M A R Y ------------

Command Line: -Dfile.encoding=Cp1252 main.Launcher

Host: Intel(R) Core(TM) i5-7200U CPU @ 2.50GHz, 4 cores, 7G,  Windows 10 , 64 bit Build 19041 (10.0.19041.662)
Time: Thu Jan 14 12:57:21 2021 Hora estándar romance elapsed time: 4 seconds (0d 0h 0m 4s)

---------------  T H R E A D  ---------------

Current thread (0x00000245a1b6d000):  JavaThread "AWT-EventQueue-0" [_thread_in_native, id=2400, stack(0x0000009f8a000000,0x0000009f8a100000)]

Stack: [0x0000009f8a000000,0x0000009f8a100000],  sp=0x0000009f8a0fdee0,  free space=1015k
Native frames: (J=compiled Java code, j=interpreted, Vv=VM code, C=native code)
C  [sqlite-3.20.1-130cbddf-0b2b-4c56-8d1f-93ac7f0a8790-sqlitejdbc.dll+0x3d1ab]

Java frames: (J=compiled Java code, j=interpreted, Vv=VM code)
J 1327  org.sqlite.core.NativeDB.step(J)I (0 bytes) @ 0x000002459234378b [0x0000024592343740+0x000000000000004b]
J 1669 c1 org.sqlite.jdbc3.JDBC3ResultSet.next()Z (132 bytes) @ 0x000002458b0c4bdc [0x000002458b0c49a0+0x000000000000023c]
j  main.GameDB.existsGamePlayer(I)Z+74
j  main.gui.Viewer.loadUserInventoryTable()V+11
j  main.gui.Viewer$4.valueChanged(Ljavax/swing/event/ListSelectionEvent;)V+18
j  javax.swing.JList.fireSelectionValueChanged(IIZ)V+65 java.desktop@13.0.2
j  javax.swing.JList$ListSelectionHandler.valueChanged(Ljavax/swing/event/ListSelectionEvent;)V+16 java.desktop@13.0.2
j  javax.swing.DefaultListSelectionModel.fireValueChanged(IIZ)V+64 java.desktop@13.0.2
j  javax.swing.DefaultListSelectionModel.fireValueChanged(Z)V+34 java.desktop@13.0.2
j  javax.swing.DefaultListSelectionModel.setValueIsAdjusting(Z)V+15 java.desktop@13.0.2
j  javax.swing.JList.setValueIsAdjusting(Z)V+5 java.desktop@13.0.2
j  javax.swing.plaf.basic.BasicListUI$Handler.mouseReleased(Ljava/awt/event/MouseEvent;)V+70 java.desktop@13.0.2
j  java.awt.AWTEventMulticaster.mouseReleased(Ljava/awt/event/MouseEvent;)V+21 java.desktop@13.0.2
j  java.awt.Component.processMouseEvent(Ljava/awt/event/MouseEvent;)V+64 java.desktop@13.0.2
j  javax.swing.JComponent.processMouseEvent(Ljava/awt/event/MouseEvent;)V+23 java.desktop@13.0.2
j  java.awt.Component.processEvent(Ljava/awt/AWTEvent;)V+81 java.desktop@13.0.2
j  java.awt.Container.processEvent(Ljava/awt/AWTEvent;)V+18 java.desktop@13.0.2
j  java.awt.Component.dispatchEventImpl(Ljava/awt/AWTEvent;)V+496 java.desktop@13.0.2
j  java.awt.Container.dispatchEventImpl(Ljava/awt/AWTEvent;)V+42 java.desktop@13.0.2
j  java.awt.Component.dispatchEvent(Ljava/awt/AWTEvent;)V+2 java.desktop@13.0.2
j  java.awt.LightweightDispatcher.retargetMouseEvent(Ljava/awt/Component;ILjava/awt/event/MouseEvent;)V+349 java.desktop@13.0.2
j  java.awt.LightweightDispatcher.processMouseEvent(Ljava/awt/event/MouseEvent;)Z+155 java.desktop@13.0.2
j  java.awt.LightweightDispatcher.dispatchEvent(Ljava/awt/AWTEvent;)Z+50 java.desktop@13.0.2
j  java.awt.Container.dispatchEventImpl(Ljava/awt/AWTEvent;)V+12 java.desktop@13.0.2
j  java.awt.Window.dispatchEventImpl(Ljava/awt/AWTEvent;)V+19 java.desktop@13.0.2
j  java.awt.Component.dispatchEvent(Ljava/awt/AWTEvent;)V+2 java.desktop@13.0.2
j  java.awt.EventQueue.dispatchEventImpl(Ljava/awt/AWTEvent;Ljava/lang/Object;)V+41 java.desktop@13.0.2
j  java.awt.EventQueue$4.run()Ljava/lang/Void;+32 java.desktop@13.0.2
j  java.awt.EventQueue$4.run()Ljava/lang/Object;+1 java.desktop@13.0.2
J 1537 c1 java.security.ProtectionDomain$JavaSecurityAccessImpl.doIntersectionPrivilege(Ljava/security/PrivilegedAction;Ljava/security/AccessControlContext;Ljava/security/AccessControlContext;)Ljava/lang/Object; java.base@13.0.2 (22 bytes) @ 0x000002458b07bf1c [0x000002458b07ba00+0x000000000000051c]
J 1799 c1 java.awt.EventQueue.dispatchEvent(Ljava/awt/AWTEvent;)V java.desktop@13.0.2 (80 bytes) @ 0x000002458b11ea74 [0x000002458b11da80+0x0000000000000ff4]
J 1807 c1 java.awt.EventDispatchThread.pumpOneEventForFilters(I)V java.desktop@13.0.2 (113 bytes) @ 0x000002458b1242ac [0x000002458b123b20+0x000000000000078c]
j  java.awt.EventDispatchThread.pumpEventsForFilter(ILjava/awt/Conditional;Ljava/awt/EventFilter;)V+35 java.desktop@13.0.2
j  java.awt.EventDispatchThread.pumpEventsForHierarchy(ILjava/awt/Conditional;Ljava/awt/Component;)V+11 java.desktop@13.0.2
j  java.awt.EventDispatchThread.pumpEvents(ILjava/awt/Conditional;)V+4 java.desktop@13.0.2
j  java.awt.EventDispatchThread.pumpEvents(Ljava/awt/Conditional;)V+3 java.desktop@13.0.2
j  java.awt.EventDispatchThread.run()V+9 java.desktop@13.0.2
v  ~StubRoutines::call_stub

siginfo: EXCEPTION_ACCESS_VIOLATION (0xc0000005), reading address 0x00000245a1a2f518


Register to memory mapping:

RIP=0x000000006adfd1ab sqlite-3.20.1-130cbddf-0b2b-4c56-8d1f-93ac7f0a8790-sqlitejdbc.dll
RAX=0x0 is NULL
RBX=0x00000245a1a2f518 is an unknown value
RCX=0x00000245a1a2f518 is an unknown value
RDX=0x0000009f8a0fe020 is pointing into the stack for thread: 0x00000245a1b6d000
RSP=0x0000009f8a0fdee0 is pointing into the stack for thread: 0x00000245a1b6d000
RBP=0x0000009f8a0fe060 is pointing into the stack for thread: 0x00000245a1b6d000
RSI=0x0000000088b60180 is an oop: org.sqlite.core.NativeDB 
{0x0000000088b60180} - klass: 'org/sqlite/core/NativeDB'
RDI=0x00000245a1a2f518 is an unknown value
R8 =0x00000245a1a2f518 is an unknown value
R9 =0x00000245a13ec000 points into unknown readable memory: 00 00 00 00 00 00 00 00
R10=0x000000006adc2750 sqlite-3.20.1-130cbddf-0b2b-4c56-8d1f-93ac7f0a8790-sqlitejdbc.dll
R11=0x0000000000000246 is an unknown value
R12=0x0 is NULL
R13=0x0000009f8a0fe050 is pointing into the stack for thread: 0x00000245a1b6d000
R14=0x0000009f8a0fe020 is pointing into the stack for thread: 0x00000245a1b6d000
R15=0x00000245a1b6d000 is a thread


Registers:
RAX=0x0000000000000000, RBX=0x00000245a1a2f518, RCX=0x00000245a1a2f518, RDX=0x0000009f8a0fe020
RSP=0x0000009f8a0fdee0, RBP=0x0000009f8a0fe060, RSI=0x0000000088b60180, RDI=0x00000245a1a2f518
R8 =0x00000245a1a2f518, R9 =0x00000245a13ec000, R10=0x000000006adc2750, R11=0x0000000000000246
R12=0x0000000000000000, R13=0x0000009f8a0fe050, R14=0x0000009f8a0fe020, R15=0x00000245a1b6d000
RIP=0x000000006adfd1ab, EFLAGS=0x0000000000010246

Top of Stack: (sp=0x0000009f8a0fdee0)
0x0000009f8a0fdee0:   00000245a1b6d001 00000245a1b6d000
0x0000009f8a0fdef0:   756e654700000016 49656e696c65746e
0x0000009f8a0fdf00:   0000000000000000 000000006ae44cdb
0x0000009f8a0fdf10:   0000024500000000 00007ffc4cb3ac30
0x0000009f8a0fdf20:   000076ed7c68128f 0000000000000004
0x0000009f8a0fdf30:   00000245a1b6d000 0000009f8a0fe050
0x0000009f8a0fdf40:   0000009f8a0fe050 0000000000000000
0x0000009f8a0fdf50:   0000009f89bff058 00000245a1b6d000
0x0000009f8a0fdf60:   00000245a133d758 00007ffc4c23e613
0x0000009f8a0fdf70:   00000245a133d700 0000024500000005
0x0000009f8a0fdf80:   0000024500000002 0000009f8a0fe050
0x0000009f8a0fdf90:   00000245a1a2f518 00007ffc4c75007e
0x0000009f8a0fdfa0:   00000245a1b6d000 00000245a1b6d000
0x0000009f8a0fdfb0:   0000000088b60180 0000000088b60180
0x0000009f8a0fdfc0:   0000000088b60180 00000245a1a2f518
0x0000009f8a0fdfd0:   0000009f8a0fe060 0000000000000000 

Instructions: (pc=0x000000006adfd1ab)
0x000000006adfd0ab:   00 00 00 00 00 a8 01 75 0f 0f be 47 15 48 83 c4
0x000000006adfd0bb:   40 5b 5e 5f 5d 41 5c c3 44 0f b6 0e 8d 58 f4 d1
0x000000006adfd0cb:   fb 41 0f b6 c1 01 d8 39 e8 7f 5a 48 8b 47 08 4a
0x000000006adfd0db:   8d 0c 0e 44 8b 60 0c 48 8b 50 10 44 39 e3 45 89
0x000000006adfd0eb:   e0 44 0f 4e c3 4d 63 c0 e8 80 4f 08 00 83 f8 00
0x000000006adfd0fb:   75 68 44 29 e3 83 fb 00 75 60 66 83 7f 10 01 0f
0x000000006adfd10b:   86 80 00 00 00 41 b9 01 00 00 00 49 89 f8 48 89
0x000000006adfd11b:   f2 89 e9 e8 ad f3 ff ff e9 73 ff ff ff 0f 1f 84
0x000000006adfd12b:   00 00 00 00 00 48 8d 05 d5 d3 08 00 4c 8d 05 dd
0x000000006adfd13b:   e5 08 00 48 8d 15 4e db 08 00 41 b9 19 2a 01 00
0x000000006adfd14b:   b9 0b 00 00 00 48 89 44 24 20 e8 36 c6 ff ff c6
0x000000006adfd15b:   47 13 0b 31 c0 e9 36 ff ff ff 0f 8e 2c ff ff ff
0x000000006adfd16b:   0f be 47 15 e9 44 ff ff ff 48 8d 54 24 3c 48 8d
0x000000006adfd17b:   4e 01 e8 6e 51 fd ff 8b 44 24 3c e9 07 ff ff ff
0x000000006adfd18b:   0f 1f 44 00 00 0f be 47 12 c6 47 16 01 e9 fe fe
0x000000006adfd19b:   ff ff 0f 1f 00 48 83 ec 28 48 85 c9 74 37 31 c0
0x000000006adfd1ab:   48 83 39 00 74 0f 48 83 c4 28 c3 66 2e 0f 1f 84
0x000000006adfd1bb:   00 00 00 00 00 48 8d 15 19 e8 08 00 b9 15 00 00
0x000000006adfd1cb:   00 e8 bf c5 ff ff b8 01 00 00 00 eb d9 0f 1f 84
0x000000006adfd1db:   00 00 00 00 00 48 8d 15 d1 e7 08 00 b1 15 e8 a2
0x000000006adfd1eb:   c5 ff ff b8 01 00 00 00 eb bc 90 66 2e 0f 1f 84
0x000000006adfd1fb:   00 00 00 00 00 57 56 53 48 83 ec 40 48 89 cb 89
0x000000006adfd20b:   d6 e8 8f ff ff ff 85 c0 0f 85 9c 00 00 00 4c 8b
0x000000006adfd21b:   03 49 8b 48 18 48 85 c9 74 0e 89 44 24 3c ff 15
0x000000006adfd22b:   19 be 08 00 8b 44 24 3c 81 7b 24 a3 0d f2 2d 0f
0x000000006adfd23b:   84 90 00 00 00 48 8b 0b ba 15 00 00 00 c7 41 44
0x000000006adfd24b:   15 00 00 00 e8 3c 4f fd ff 48 8b 03 48 8b 48 18
0x000000006adfd25b:   48 85 c9 74 06 ff 15 f2 bd 08 00 4c 8b 83 f0 00
0x000000006adfd26b:   00 00 48 8d 15 9c e7 08 00 b9 15 00 00 00 e8 12
0x000000006adfd27b:   c5 ff ff 48 8d 05 87 d2 08 00 41 b9 b6 30 01 00
0x000000006adfd28b:   48 89 44 24 20 4c 8d 05 f5 d9 08 00 48 8d 15 f5
0x000000006adfd29b:   d9 08 00 b9 15 00 00 00 e8 e8 c4 ff ff b8 15 00 


Stack slot to memory mapping:
stack at sp + 0 slots: 0x00000245a1b6d001 points into unknown readable memory: 6d 99 4c fc 7f 00 00
stack at sp + 1 slots: 0x00000245a1b6d000 is a thread
stack at sp + 2 slots: 0x756e654700000016 is an unknown value
stack at sp + 3 slots: 0x49656e696c65746e is an unknown value
stack at sp + 4 slots: 0x0 is NULL
stack at sp + 5 slots: 0x000000006ae44cdb sqlite-3.20.1-130cbddf-0b2b-4c56-8d1f-93ac7f0a8790-sqlitejdbc.dll
stack at sp + 6 slots: 0x0000024500000000 is an unknown value
stack at sp + 7 slots: 0x00007ffc4cb3ac30 jvm.dll


---------------  P R O C E S S  ---------------

Threads class SMR info:
_java_thread_list=0x00000245a5656680, length=16, elements={
0x00000245a0939000, 0x00000245a0943000, 0x00000245a0957000, 0x00000245a0958000,
0x00000245a095a800, 0x00000245a12ea000, 0x00000245a12ef800, 0x00000245a13e5800,
0x00000245a13eb800, 0x00000245a166e000, 0x00000245822f7800, 0x00000245a16b5000,
0x00000245a16b8800, 0x00000245a1b49000, 0x00000245a1b6d000, 0x00000245a216e000
}

Java Threads: ( => current thread )
  0x00000245a0939000 JavaThread "Reference Handler" daemon [_thread_blocked, id=12256, stack(0x0000009f89100000,0x0000009f89200000)]
  0x00000245a0943000 JavaThread "Finalizer" daemon [_thread_blocked, id=14276, stack(0x0000009f89200000,0x0000009f89300000)]
  0x00000245a0957000 JavaThread "Signal Dispatcher" daemon [_thread_blocked, id=8440, stack(0x0000009f89300000,0x0000009f89400000)]
  0x00000245a0958000 JavaThread "Attach Listener" daemon [_thread_blocked, id=12608, stack(0x0000009f89400000,0x0000009f89500000)]
  0x00000245a095a800 JavaThread "C2 CompilerThread0" daemon [_thread_blocked, id=13828, stack(0x0000009f89500000,0x0000009f89600000)]
  0x00000245a12ea000 JavaThread "C1 CompilerThread0" daemon [_thread_blocked, id=8260, stack(0x0000009f89600000,0x0000009f89700000)]
  0x00000245a12ef800 JavaThread "Sweeper thread" daemon [_thread_blocked, id=7428, stack(0x0000009f89700000,0x0000009f89800000)]
  0x00000245a13e5800 JavaThread "Service Thread" daemon [_thread_blocked, id=4676, stack(0x0000009f89800000,0x0000009f89900000)]
  0x00000245a13eb800 JavaThread "Common-Cleaner" daemon [_thread_blocked, id=13908, stack(0x0000009f89a00000,0x0000009f89b00000)]
  0x00000245a166e000 JavaThread "Thread-0" [_thread_in_Java, id=14480, stack(0x0000009f89b00000,0x0000009f89c00000)]
  0x00000245822f7800 JavaThread "DestroyJavaVM" [_thread_blocked, id=13856, stack(0x0000009f88a00000,0x0000009f88b00000)]
  0x00000245a16b5000 JavaThread "Java2D Disposer" daemon [_thread_blocked, id=4396, stack(0x0000009f89d00000,0x0000009f89e00000)]
  0x00000245a16b8800 JavaThread "AWT-Shutdown" [_thread_blocked, id=8908, stack(0x0000009f89e00000,0x0000009f89f00000)]
  0x00000245a1b49000 JavaThread "AWT-Windows" daemon [_thread_in_native, id=18300, stack(0x0000009f89f00000,0x0000009f8a000000)]
=>0x00000245a1b6d000 JavaThread "AWT-EventQueue-0" [_thread_in_native, id=2400, stack(0x0000009f8a000000,0x0000009f8a100000)]
  0x00000245a216e000 JavaThread "TimerQueue" daemon [_thread_blocked, id=7412, stack(0x0000009f8a500000,0x0000009f8a600000)]

Other Threads:
  0x00000245a0935800 VMThread "VM Thread" [stack: 0x0000009f89000000,0x0000009f89100000] [id=8816]
  0x00000245a13ea000 WatcherThread [stack: 0x0000009f89900000,0x0000009f89a00000] [id=15160]
  0x000002458233c800 GCTaskThread "GC Thread#0" [stack: 0x0000009f88b00000,0x0000009f88c00000] [id=15968]
  0x00000245a1c5c800 GCTaskThread "GC Thread#1" [stack: 0x0000009f8a200000,0x0000009f8a300000] [id=7416]
  0x00000245a1c9e800 GCTaskThread "GC Thread#2" [stack: 0x0000009f8a300000,0x0000009f8a400000] [id=13380]
  0x00000245a1ca2000 GCTaskThread "GC Thread#3" [stack: 0x0000009f8a400000,0x0000009f8a500000] [id=1692]
  0x000002458234f000 ConcurrentGCThread "G1 Main Marker" [stack: 0x0000009f88c00000,0x0000009f88d00000] [id=12604]
  0x0000024582352000 ConcurrentGCThread "G1 Conc#0" [stack: 0x0000009f88d00000,0x0000009f88e00000] [id=17596]
  0x00000245a07c1800 ConcurrentGCThread "G1 Refine#0" [stack: 0x0000009f88e00000,0x0000009f88f00000] [id=13768]
  0x00000245823cc800 ConcurrentGCThread "G1 Young RemSet Sampling" [stack: 0x0000009f88f00000,0x0000009f89000000] [id=13020]

Threads with active compile tasks:

VM state:not at safepoint (normal execution)

VM Mutex/Monitor currently owned by a thread: None

Heap address: 0x0000000081400000, size: 2028 MB, Compressed Oops mode: 32-bit
Narrow klass base: 0x0000000800000000, Narrow klass shift: 3
Compressed class space size: 1073741824 Address: 0x0000000800b40000

Heap:
 garbage-first heap   total 131072K, used 21506K [0x0000000081400000, 0x0000000100000000)
  region size 1024K, 11 young (11264K), 2 survivors (2048K)
 Metaspace       used 11906K, capacity 12248K, committed 12544K, reserved 1060864K
  class space    used 1267K, capacity 1440K, committed 1536K, reserved 1048576K
Heap Regions: E=young(eden), S=young(survivor), O=old, HS=humongous(starts), HC=humongous(continues), CS=collection set, F=free, A=archive, TAMS=top-at-mark-start (previous, next)
|   0|0x0000000081400000, 0x0000000081500000, 0x0000000081500000|100%|HS|  |TAMS 0x0000000081400000, 0x0000000081400000| Complete 
|   1|0x0000000081500000, 0x0000000081600000, 0x0000000081600000|100%|HC|  |TAMS 0x0000000081500000, 0x0000000081500000| Complete 
|   2|0x0000000081600000, 0x0000000081700000, 0x0000000081700000|100%|HS|  |TAMS 0x0000000081600000, 0x0000000081600000| Complete 
|   3|0x0000000081700000, 0x0000000081800000, 0x0000000081800000|100%|HC|  |TAMS 0x0000000081700000, 0x0000000081700000| Complete 
|   4|0x0000000081800000, 0x0000000081900000, 0x0000000081900000|100%|HC|  |TAMS 0x0000000081800000, 0x0000000081800000| Complete 
|   5|0x0000000081900000, 0x0000000081a00000, 0x0000000081a00000|100%|HC|  |TAMS 0x0000000081900000, 0x0000000081900000| Complete 
|   6|0x0000000081a00000, 0x0000000081b00000, 0x0000000081b00000|100%|HS|  |TAMS 0x0000000081a00000, 0x0000000081a00000| Complete 
|   7|0x0000000081b00000, 0x0000000081c00000, 0x0000000081c00000|100%|HC|  |TAMS 0x0000000081b00000, 0x0000000081b00000| Complete 
|   8|0x0000000081c00000, 0x0000000081d00000, 0x0000000081d00000|100%|HS|  |TAMS 0x0000000081c00000, 0x0000000081c00000| Complete 
|   9|0x0000000081d00000, 0x0000000081e00000, 0x0000000081e00000|100%|HC|  |TAMS 0x0000000081d00000, 0x0000000081d00000| Complete 
|  10|0x0000000081e00000, 0x0000000081f00000, 0x0000000081f00000|100%| O|  |TAMS 0x0000000081e00000, 0x0000000081e00000| Untracked 
|  11|0x0000000081f00000, 0x0000000081f00a00, 0x0000000082000000|  0%| O|  |TAMS 0x0000000081f00000, 0x0000000081f00000| Untracked 
|  12|0x0000000082000000, 0x0000000082000000, 0x0000000082100000|  0%| F|  |TAMS 0x0000000082000000, 0x0000000082000000| Untracked 
|  13|0x0000000082100000, 0x0000000082100000, 0x0000000082200000|  0%| F|  |TAMS 0x0000000082100000, 0x0000000082100000| Untracked 
|  14|0x0000000082200000, 0x0000000082200000, 0x0000000082300000|  0%| F|  |TAMS 0x0000000082200000, 0x0000000082200000| Untracked 
|  15|0x0000000082300000, 0x0000000082300000, 0x0000000082400000|  0%| F|  |TAMS 0x0000000082300000, 0x0000000082300000| Untracked 
|  16|0x0000000082400000, 0x0000000082400000, 0x0000000082500000|  0%| F|  |TAMS 0x0000000082400000, 0x0000000082400000| Untracked 
|  17|0x0000000082500000, 0x0000000082500000, 0x0000000082600000|  0%| F|  |TAMS 0x0000000082500000, 0x0000000082500000| Untracked 
|  18|0x0000000082600000, 0x0000000082600000, 0x0000000082700000|  0%| F|  |TAMS 0x0000000082600000, 0x0000000082600000| Untracked 
|  19|0x0000000082700000, 0x0000000082700000, 0x0000000082800000|  0%| F|  |TAMS 0x0000000082700000, 0x0000000082700000| Untracked 
|  20|0x0000000082800000, 0x0000000082800000, 0x0000000082900000|  0%| F|  |TAMS 0x0000000082800000, 0x0000000082800000| Untracked 
|  21|0x0000000082900000, 0x0000000082900000, 0x0000000082a00000|  0%| F|  |TAMS 0x0000000082900000, 0x0000000082900000| Untracked 
|  22|0x0000000082a00000, 0x0000000082a00000, 0x0000000082b00000|  0%| F|  |TAMS 0x0000000082a00000, 0x0000000082a00000| Untracked 
|  23|0x0000000082b00000, 0x0000000082b00000, 0x0000000082c00000|  0%| F|  |TAMS 0x0000000082b00000, 0x0000000082b00000| Untracked 
|  24|0x0000000082c00000, 0x0000000082c00000, 0x0000000082d00000|  0%| F|  |TAMS 0x0000000082c00000, 0x0000000082c00000| Untracked 
|  25|0x0000000082d00000, 0x0000000082d00000, 0x0000000082e00000|  0%| F|  |TAMS 0x0000000082d00000, 0x0000000082d00000| Untracked 
|  26|0x0000000082e00000, 0x0000000082e00000, 0x0000000082f00000|  0%| F|  |TAMS 0x0000000082e00000, 0x0000000082e00000| Untracked 
|  27|0x0000000082f00000, 0x0000000082f00000, 0x0000000083000000|  0%| F|  |TAMS 0x0000000082f00000, 0x0000000082f00000| Untracked 
|  28|0x0000000083000000, 0x0000000083000000, 0x0000000083100000|  0%| F|  |TAMS 0x0000000083000000, 0x0000000083000000| Untracked 
|  29|0x0000000083100000, 0x0000000083100000, 0x0000000083200000|  0%| F|  |TAMS 0x0000000083100000, 0x0000000083100000| Untracked 
|  30|0x0000000083200000, 0x0000000083200000, 0x0000000083300000|  0%| F|  |TAMS 0x0000000083200000, 0x0000000083200000| Untracked 
|  31|0x0000000083300000, 0x0000000083300000, 0x0000000083400000|  0%| F|  |TAMS 0x0000000083300000, 0x0000000083300000| Untracked 
|  32|0x0000000083400000, 0x0000000083400000, 0x0000000083500000|  0%| F|  |TAMS 0x0000000083400000, 0x0000000083400000| Untracked 
|  33|0x0000000083500000, 0x0000000083500000, 0x0000000083600000|  0%| F|  |TAMS 0x0000000083500000, 0x0000000083500000| Untracked 
|  34|0x0000000083600000, 0x0000000083600000, 0x0000000083700000|  0%| F|  |TAMS 0x0000000083600000, 0x0000000083600000| Untracked 
|  35|0x0000000083700000, 0x0000000083700000, 0x0000000083800000|  0%| F|  |TAMS 0x0000000083700000, 0x0000000083700000| Untracked 
|  36|0x0000000083800000, 0x0000000083800000, 0x0000000083900000|  0%| F|  |TAMS 0x0000000083800000, 0x0000000083800000| Untracked 
|  37|0x0000000083900000, 0x0000000083900000, 0x0000000083a00000|  0%| F|  |TAMS 0x0000000083900000, 0x0000000083900000| Untracked 
|  38|0x0000000083a00000, 0x0000000083a00000, 0x0000000083b00000|  0%| F|  |TAMS 0x0000000083a00000, 0x0000000083a00000| Untracked 
|  39|0x0000000083b00000, 0x0000000083b00000, 0x0000000083c00000|  0%| F|  |TAMS 0x0000000083b00000, 0x0000000083b00000| Untracked 
|  40|0x0000000083c00000, 0x0000000083c00000, 0x0000000083d00000|  0%| F|  |TAMS 0x0000000083c00000, 0x0000000083c00000| Untracked 
|  41|0x0000000083d00000, 0x0000000083d00000, 0x0000000083e00000|  0%| F|  |TAMS 0x0000000083d00000, 0x0000000083d00000| Untracked 
|  42|0x0000000083e00000, 0x0000000083e00000, 0x0000000083f00000|  0%| F|  |TAMS 0x0000000083e00000, 0x0000000083e00000| Untracked 
|  43|0x0000000083f00000, 0x0000000083f00000, 0x0000000084000000|  0%| F|  |TAMS 0x0000000083f00000, 0x0000000083f00000| Untracked 
|  44|0x0000000084000000, 0x0000000084000000, 0x0000000084100000|  0%| F|  |TAMS 0x0000000084000000, 0x0000000084000000| Untracked 
|  45|0x0000000084100000, 0x0000000084100000, 0x0000000084200000|  0%| F|  |TAMS 0x0000000084100000, 0x0000000084100000| Untracked 
|  46|0x0000000084200000, 0x0000000084200000, 0x0000000084300000|  0%| F|  |TAMS 0x0000000084200000, 0x0000000084200000| Untracked 
|  47|0x0000000084300000, 0x0000000084300000, 0x0000000084400000|  0%| F|  |TAMS 0x0000000084300000, 0x0000000084300000| Untracked 
|  48|0x0000000084400000, 0x0000000084400000, 0x0000000084500000|  0%| F|  |TAMS 0x0000000084400000, 0x0000000084400000| Untracked 
|  49|0x0000000084500000, 0x0000000084500000, 0x0000000084600000|  0%| F|  |TAMS 0x0000000084500000, 0x0000000084500000| Untracked 
|  50|0x0000000084600000, 0x0000000084600000, 0x0000000084700000|  0%| F|  |TAMS 0x0000000084600000, 0x0000000084600000| Untracked 
|  51|0x0000000084700000, 0x0000000084700000, 0x0000000084800000|  0%| F|  |TAMS 0x0000000084700000, 0x0000000084700000| Untracked 
|  52|0x0000000084800000, 0x0000000084800000, 0x0000000084900000|  0%| F|  |TAMS 0x0000000084800000, 0x0000000084800000| Untracked 
|  53|0x0000000084900000, 0x0000000084900000, 0x0000000084a00000|  0%| F|  |TAMS 0x0000000084900000, 0x0000000084900000| Untracked 
|  54|0x0000000084a00000, 0x0000000084a00000, 0x0000000084b00000|  0%| F|  |TAMS 0x0000000084a00000, 0x0000000084a00000| Untracked 
|  55|0x0000000084b00000, 0x0000000084b00000, 0x0000000084c00000|  0%| F|  |TAMS 0x0000000084b00000, 0x0000000084b00000| Untracked 
|  56|0x0000000084c00000, 0x0000000084c00000, 0x0000000084d00000|  0%| F|  |TAMS 0x0000000084c00000, 0x0000000084c00000| Untracked 
|  57|0x0000000084d00000, 0x0000000084d00000, 0x0000000084e00000|  0%| F|  |TAMS 0x0000000084d00000, 0x0000000084d00000| Untracked 
|  58|0x0000000084e00000, 0x0000000084e00000, 0x0000000084f00000|  0%| F|  |TAMS 0x0000000084e00000, 0x0000000084e00000| Untracked 
|  59|0x0000000084f00000, 0x0000000084f00000, 0x0000000085000000|  0%| F|  |TAMS 0x0000000084f00000, 0x0000000084f00000| Untracked 
|  60|0x0000000085000000, 0x0000000085000000, 0x0000000085100000|  0%| F|  |TAMS 0x0000000085000000, 0x0000000085000000| Untracked 
|  61|0x0000000085100000, 0x0000000085100000, 0x0000000085200000|  0%| F|  |TAMS 0x0000000085100000, 0x0000000085100000| Untracked 
|  62|0x0000000085200000, 0x0000000085200000, 0x0000000085300000|  0%| F|  |TAMS 0x0000000085200000, 0x0000000085200000| Untracked 
|  63|0x0000000085300000, 0x0000000085300000, 0x0000000085400000|  0%| F|  |TAMS 0x0000000085300000, 0x0000000085300000| Untracked 
|  64|0x0000000085400000, 0x0000000085400000, 0x0000000085500000|  0%| F|  |TAMS 0x0000000085400000, 0x0000000085400000| Untracked 
|  65|0x0000000085500000, 0x0000000085500000, 0x0000000085600000|  0%| F|  |TAMS 0x0000000085500000, 0x0000000085500000| Untracked 
|  66|0x0000000085600000, 0x0000000085600000, 0x0000000085700000|  0%| F|  |TAMS 0x0000000085600000, 0x0000000085600000| Untracked 
|  67|0x0000000085700000, 0x0000000085700000, 0x0000000085800000|  0%| F|  |TAMS 0x0000000085700000, 0x0000000085700000| Untracked 
|  68|0x0000000085800000, 0x0000000085800000, 0x0000000085900000|  0%| F|  |TAMS 0x0000000085800000, 0x0000000085800000| Untracked 
|  69|0x0000000085900000, 0x0000000085900000, 0x0000000085a00000|  0%| F|  |TAMS 0x0000000085900000, 0x0000000085900000| Untracked 
|  70|0x0000000085a00000, 0x0000000085a00000, 0x0000000085b00000|  0%| F|  |TAMS 0x0000000085a00000, 0x0000000085a00000| Untracked 
|  71|0x0000000085b00000, 0x0000000085b00000, 0x0000000085c00000|  0%| F|  |TAMS 0x0000000085b00000, 0x0000000085b00000| Untracked 
|  72|0x0000000085c00000, 0x0000000085c00000, 0x0000000085d00000|  0%| F|  |TAMS 0x0000000085c00000, 0x0000000085c00000| Untracked 
|  73|0x0000000085d00000, 0x0000000085d00000, 0x0000000085e00000|  0%| F|  |TAMS 0x0000000085d00000, 0x0000000085d00000| Untracked 
|  74|0x0000000085e00000, 0x0000000085e00000, 0x0000000085f00000|  0%| F|  |TAMS 0x0000000085e00000, 0x0000000085e00000| Untracked 
|  75|0x0000000085f00000, 0x0000000085f00000, 0x0000000086000000|  0%| F|  |TAMS 0x0000000085f00000, 0x0000000085f00000| Untracked 
|  76|0x0000000086000000, 0x0000000086000000, 0x0000000086100000|  0%| F|  |TAMS 0x0000000086000000, 0x0000000086000000| Untracked 
|  77|0x0000000086100000, 0x0000000086100000, 0x0000000086200000|  0%| F|  |TAMS 0x0000000086100000, 0x0000000086100000| Untracked 
|  78|0x0000000086200000, 0x0000000086200000, 0x0000000086300000|  0%| F|  |TAMS 0x0000000086200000, 0x0000000086200000| Untracked 
|  79|0x0000000086300000, 0x0000000086300000, 0x0000000086400000|  0%| F|  |TAMS 0x0000000086300000, 0x0000000086300000| Untracked 
|  80|0x0000000086400000, 0x0000000086400000, 0x0000000086500000|  0%| F|  |TAMS 0x0000000086400000, 0x0000000086400000| Untracked 
|  81|0x0000000086500000, 0x0000000086500000, 0x0000000086600000|  0%| F|  |TAMS 0x0000000086500000, 0x0000000086500000| Untracked 
|  82|0x0000000086600000, 0x0000000086600000, 0x0000000086700000|  0%| F|  |TAMS 0x0000000086600000, 0x0000000086600000| Untracked 
|  83|0x0000000086700000, 0x0000000086700000, 0x0000000086800000|  0%| F|  |TAMS 0x0000000086700000, 0x0000000086700000| Untracked 
|  84|0x0000000086800000, 0x0000000086800000, 0x0000000086900000|  0%| F|  |TAMS 0x0000000086800000, 0x0000000086800000| Untracked 
|  85|0x0000000086900000, 0x0000000086900000, 0x0000000086a00000|  0%| F|  |TAMS 0x0000000086900000, 0x0000000086900000| Untracked 
|  86|0x0000000086a00000, 0x0000000086a00000, 0x0000000086b00000|  0%| F|  |TAMS 0x0000000086a00000, 0x0000000086a00000| Untracked 
|  87|0x0000000086b00000, 0x0000000086b00000, 0x0000000086c00000|  0%| F|  |TAMS 0x0000000086b00000, 0x0000000086b00000| Untracked 
|  88|0x0000000086c00000, 0x0000000086c00000, 0x0000000086d00000|  0%| F|  |TAMS 0x0000000086c00000, 0x0000000086c00000| Untracked 
|  89|0x0000000086d00000, 0x0000000086d00000, 0x0000000086e00000|  0%| F|  |TAMS 0x0000000086d00000, 0x0000000086d00000| Untracked 
|  90|0x0000000086e00000, 0x0000000086e00000, 0x0000000086f00000|  0%| F|  |TAMS 0x0000000086e00000, 0x0000000086e00000| Untracked 
|  91|0x0000000086f00000, 0x0000000086f00000, 0x0000000087000000|  0%| F|  |TAMS 0x0000000086f00000, 0x0000000086f00000| Untracked 
|  92|0x0000000087000000, 0x0000000087000000, 0x0000000087100000|  0%| F|  |TAMS 0x0000000087000000, 0x0000000087000000| Untracked 
|  93|0x0000000087100000, 0x0000000087100000, 0x0000000087200000|  0%| F|  |TAMS 0x0000000087100000, 0x0000000087100000| Untracked 
|  94|0x0000000087200000, 0x0000000087200000, 0x0000000087300000|  0%| F|  |TAMS 0x0000000087200000, 0x0000000087200000| Untracked 
|  95|0x0000000087300000, 0x0000000087300000, 0x0000000087400000|  0%| F|  |TAMS 0x0000000087300000, 0x0000000087300000| Untracked 
|  96|0x0000000087400000, 0x0000000087400000, 0x0000000087500000|  0%| F|  |TAMS 0x0000000087400000, 0x0000000087400000| Untracked 
|  97|0x0000000087500000, 0x0000000087500000, 0x0000000087600000|  0%| F|  |TAMS 0x0000000087500000, 0x0000000087500000| Untracked 
|  98|0x0000000087600000, 0x0000000087600000, 0x0000000087700000|  0%| F|  |TAMS 0x0000000087600000, 0x0000000087600000| Untracked 
|  99|0x0000000087700000, 0x0000000087700000, 0x0000000087800000|  0%| F|  |TAMS 0x0000000087700000, 0x0000000087700000| Untracked 
| 100|0x0000000087800000, 0x0000000087800000, 0x0000000087900000|  0%| F|  |TAMS 0x0000000087800000, 0x0000000087800000| Untracked 
| 101|0x0000000087900000, 0x0000000087900000, 0x0000000087a00000|  0%| F|  |TAMS 0x0000000087900000, 0x0000000087900000| Untracked 
| 102|0x0000000087a00000, 0x0000000087a00000, 0x0000000087b00000|  0%| F|  |TAMS 0x0000000087a00000, 0x0000000087a00000| Untracked 
| 103|0x0000000087b00000, 0x0000000087b00000, 0x0000000087c00000|  0%| F|  |TAMS 0x0000000087b00000, 0x0000000087b00000| Untracked 
| 104|0x0000000087c00000, 0x0000000087c00000, 0x0000000087d00000|  0%| F|  |TAMS 0x0000000087c00000, 0x0000000087c00000| Untracked 
| 105|0x0000000087d00000, 0x0000000087d00000, 0x0000000087e00000|  0%| F|  |TAMS 0x0000000087d00000, 0x0000000087d00000| Untracked 
| 106|0x0000000087e00000, 0x0000000087e00000, 0x0000000087f00000|  0%| F|  |TAMS 0x0000000087e00000, 0x0000000087e00000| Untracked 
| 107|0x0000000087f00000, 0x0000000087f00000, 0x0000000088000000|  0%| F|  |TAMS 0x0000000087f00000, 0x0000000087f00000| Untracked 
| 108|0x0000000088000000, 0x0000000088000000, 0x0000000088100000|  0%| F|  |TAMS 0x0000000088000000, 0x0000000088000000| Untracked 
| 109|0x0000000088100000, 0x0000000088100000, 0x0000000088200000|  0%| F|  |TAMS 0x0000000088100000, 0x0000000088100000| Untracked 
| 110|0x0000000088200000, 0x0000000088200000, 0x0000000088300000|  0%| F|  |TAMS 0x0000000088200000, 0x0000000088200000| Untracked 
| 111|0x0000000088300000, 0x0000000088300000, 0x0000000088400000|  0%| F|  |TAMS 0x0000000088300000, 0x0000000088300000| Untracked 
| 112|0x0000000088400000, 0x0000000088500000, 0x0000000088500000|100%| S|CS|TAMS 0x0000000088400000, 0x0000000088400000| Complete 
| 113|0x0000000088500000, 0x0000000088600000, 0x0000000088600000|100%| S|CS|TAMS 0x0000000088500000, 0x0000000088500000| Complete 
| 114|0x0000000088600000, 0x0000000088600000, 0x0000000088700000|  0%| F|  |TAMS 0x0000000088600000, 0x0000000088600000| Untracked 
| 115|0x0000000088700000, 0x0000000088700000, 0x0000000088800000|  0%| F|  |TAMS 0x0000000088700000, 0x0000000088700000| Untracked 
| 116|0x0000000088800000, 0x0000000088800000, 0x0000000088900000|  0%| F|  |TAMS 0x0000000088800000, 0x0000000088800000| Untracked 
| 117|0x0000000088900000, 0x0000000088900000, 0x0000000088a00000|  0%| F|  |TAMS 0x0000000088900000, 0x0000000088900000| Untracked 
| 118|0x0000000088a00000, 0x0000000088a00000, 0x0000000088b00000|  0%| F|  |TAMS 0x0000000088a00000, 0x0000000088a00000| Untracked 
| 119|0x0000000088b00000, 0x0000000088c00000, 0x0000000088c00000|100%| E|  |TAMS 0x0000000088b00000, 0x0000000088b00000| Complete 
| 120|0x0000000088c00000, 0x0000000088d00000, 0x0000000088d00000|100%| E|CS|TAMS 0x0000000088c00000, 0x0000000088c00000| Complete 
| 121|0x0000000088d00000, 0x0000000088e00000, 0x0000000088e00000|100%| E|CS|TAMS 0x0000000088d00000, 0x0000000088d00000| Complete 
| 122|0x0000000088e00000, 0x0000000088f00000, 0x0000000088f00000|100%| E|CS|TAMS 0x0000000088e00000, 0x0000000088e00000| Complete 
| 123|0x0000000088f00000, 0x0000000089000000, 0x0000000089000000|100%| E|CS|TAMS 0x0000000088f00000, 0x0000000088f00000| Complete 
| 124|0x0000000089000000, 0x0000000089100000, 0x0000000089100000|100%| E|CS|TAMS 0x0000000089000000, 0x0000000089000000| Complete 
| 125|0x0000000089100000, 0x0000000089200000, 0x0000000089200000|100%| E|CS|TAMS 0x0000000089100000, 0x0000000089100000| Complete 
| 126|0x0000000089200000, 0x0000000089300000, 0x0000000089300000|100%| E|CS|TAMS 0x0000000089200000, 0x0000000089200000| Complete 
| 127|0x0000000089300000, 0x0000000089400000, 0x0000000089400000|100%| E|CS|TAMS 0x0000000089300000, 0x0000000089300000| Complete 

Card table byte_map: [0x0000024599c10000,0x000002459a010000] _byte_map_base: 0x0000024599806000

Marking Bits (Prev, Next): (CMBitMap*) 0x000002458233d818, (CMBitMap*) 0x000002458233d858
 Prev Bits: [0x000002459a410000, 0x000002459c3c0000)
 Next Bits: [0x000002459c3c0000, 0x000002459e370000)

Polling page: 0x00000245802a0000

Metaspace:

Usage:
  Non-class:     10.55 MB capacity,    10.39 MB ( 98%) used,   140.95 KB (  1%) free+waste,    28.25 KB ( <1%) overhead. 
      Class:      1.41 MB capacity,     1.24 MB ( 88%) used,   155.50 KB ( 11%) free+waste,    16.88 KB (  1%) overhead. 
       Both:     11.96 MB capacity,    11.63 MB ( 97%) used,   296.45 KB (  2%) free+waste,    45.13 KB ( <1%) overhead. 

Virtual space:
  Non-class space:       12.00 MB reserved,      10.75 MB ( 90%) committed 
      Class space:        1.00 GB reserved,       1.50 MB ( <1%) committed 
             Both:        1.01 GB reserved,      12.25 MB (  1%) committed 

Chunk freelists:
   Non-Class:  8.00 KB
       Class:  0 bytes
        Both:  8.00 KB

MaxMetaspaceSize: 17179869184.00 GB
CompressedClassSpaceSize: 1.00 GB

CodeHeap 'non-profiled nmethods': size=120000Kb used=729Kb max_used=729Kb free=119271Kb
 bounds [0x00000245922e0000, 0x0000024592550000, 0x0000024599810000]
CodeHeap 'profiled nmethods': size=120000Kb used=3812Kb max_used=3812Kb free=116187Kb
 bounds [0x000002458adb0000, 0x000002458b170000, 0x00000245922e0000]
CodeHeap 'non-nmethods': size=5760Kb used=1312Kb max_used=1388Kb free=4447Kb
 bounds [0x000002458a810000, 0x000002458aa80000, 0x000002458adb0000]
 total_blobs=3151 nmethods=1936 adapters=506
 compilation: enabled
              stopped_count=0, restarted_count=0
 full_count=0

Compilation events (20 events):
Event: 4.723 Thread 0x00000245a12ea000 1937       3       java.awt.Color::equals (27 bytes)
Event: 4.723 Thread 0x00000245a12ea000 nmethod 1937 0x000002458b164390 code [0x000002458b164540, 0x000002458b164ab8]
Event: 4.723 Thread 0x00000245a12ea000 1939       3       javax.swing.UIDefaults::getColor (22 bytes)
Event: 4.723 Thread 0x00000245a12ea000 nmethod 1939 0x000002458b164b90 code [0x000002458b164d60, 0x000002458b165210]
Event: 4.723 Thread 0x00000245a12ea000 1940       3       javax.swing.UIManager::getColor (8 bytes)
Event: 4.724 Thread 0x00000245a12ea000 nmethod 1940 0x000002458b165310 code [0x000002458b165500, 0x000002458b165a90]
Event: 4.724 Thread 0x00000245a12ea000 1941  s    3       java.beans.ChangeListenerMap::get (25 bytes)
Event: 4.724 Thread 0x00000245a12ea000 nmethod 1941 0x000002458b165c10 code [0x000002458b165de0, 0x000002458b166350]
Event: 4.724 Thread 0x00000245a12ea000 1938       3       java.awt.ComponentOrientation::isLeftToRight (15 bytes)
Event: 4.724 Thread 0x00000245a12ea000 nmethod 1938 0x000002458b166490 code [0x000002458b166640, 0x000002458b166818]
Event: 4.724 Thread 0x00000245a12ea000 1942       3       java.awt.Container::proxyEnableEvents (44 bytes)
Event: 4.725 Thread 0x00000245a12ea000 nmethod 1942 0x000002458b166890 code [0x000002458b166a60, 0x000002458b166f30]
Event: 4.725 Thread 0x00000245a12ea000 1943   !   3       java.awt.Container::getComponent (29 bytes)
Event: 4.725 Thread 0x00000245a12ea000 nmethod 1943 0x000002458b167010 code [0x000002458b167200, 0x000002458b167670]
Event: 4.725 Thread 0x00000245a12ea000 1944       3       java.awt.Component::getSiblingIndexAbove (33 bytes)
Event: 4.726 Thread 0x00000245a12ea000 nmethod 1944 0x000002458b167810 code [0x000002458b167a20, 0x000002458b167fe0]
Event: 4.726 Thread 0x00000245a12ea000 1945       3       java.awt.Component::areBoundsValid (29 bytes)
Event: 4.726 Thread 0x00000245a12ea000 nmethod 1945 0x000002458b168190 code [0x000002458b168360, 0x000002458b1688b0]
Event: 4.727 Thread 0x00000245a12ea000 1946       3       org.sqlite.core.CoreResultSet::markCol (20 bytes)
Event: 4.728 Thread 0x00000245a12ea000 nmethod 1946 0x000002458b168990 code [0x000002458b168b60, 0x000002458b168fe0]

GC Heap History (2 events):
Event: 1.416 GC heap before
{Heap before GC invocations=0 (full 0):
 garbage-first heap   total 131072K, used 24576K [0x0000000081400000, 0x0000000100000000)
  region size 1024K, 14 young (14336K), 0 survivors (0K)
 Metaspace       used 8971K, capacity 9333K, committed 9600K, reserved 1058816K
  class space    used 966K, capacity 1132K, committed 1152K, reserved 1048576K
}
Event: 1.422 GC heap after
{Heap after GC invocations=1 (full 0):
 garbage-first heap   total 131072K, used 13314K [0x0000000081400000, 0x0000000100000000)
  region size 1024K, 2 young (2048K), 2 survivors (2048K)
 Metaspace       used 8971K, capacity 9333K, committed 9600K, reserved 1058816K
  class space    used 966K, capacity 1132K, committed 1152K, reserved 1048576K
}

Deoptimization events (20 events):
Event: 2.258 Thread 0x00000245a166e000 DEOPT PACKING pc=0x000002458b034c0b sp=0x0000009f89bff2d0
Event: 2.258 Thread 0x00000245a166e000 DEOPT UNPACKING pc=0x000002458a85964e sp=0x0000009f89bfe7d8 mode 0
Event: 2.258 Thread 0x00000245a166e000 DEOPT PACKING pc=0x000002458b034c0b sp=0x0000009f89bff2d0
Event: 2.258 Thread 0x00000245a166e000 DEOPT UNPACKING pc=0x000002458a85964e sp=0x0000009f89bfe7d8 mode 0
Event: 2.267 Thread 0x00000245a166e000 DEOPT PACKING pc=0x000002458b034c0b sp=0x0000009f89bff2d0
Event: 2.267 Thread 0x00000245a166e000 DEOPT UNPACKING pc=0x000002458a85964e sp=0x0000009f89bfe7d8 mode 0
Event: 3.312 Thread 0x00000245a1b6d000 Uncommon trap: trap_request=0xffffffc6 fr.pc=0x00000245923407ac relative=0x00000000000003cc
Event: 3.312 Thread 0x00000245a1b6d000 Uncommon trap: reason=bimorphic_or_optimized_type_check action=maybe_recompile pc=0x00000245923407ac method=java.util.HashMap.getNode(ILjava/lang/Object;)Ljava/util/HashMap$Node; @ 126 c2
Event: 3.312 Thread 0x00000245a1b6d000 DEOPT PACKING pc=0x00000245923407ac sp=0x0000009f8a0fe3f0
Event: 3.312 Thread 0x00000245a1b6d000 DEOPT UNPACKING pc=0x000002458a85912f sp=0x0000009f8a0fe368 mode 2
Event: 3.393 Thread 0x00000245a1b6d000 Uncommon trap: trap_request=0xffffff45 fr.pc=0x000002459234e60c relative=0x000000000000006c
Event: 3.393 Thread 0x00000245a1b6d000 Uncommon trap: reason=unstable_if action=reinterpret pc=0x000002459234e60c method=sun.font.TrueTypeFont.checkUseNatives()Z @ 4 c2
Event: 3.393 Thread 0x00000245a1b6d000 DEOPT PACKING pc=0x000002459234e60c sp=0x0000009f8a0fdbf0
Event: 3.393 Thread 0x00000245a1b6d000 DEOPT UNPACKING pc=0x000002458a85912f sp=0x0000009f8a0fdb68 mode 2
Event: 3.400 Thread 0x00000245a1b6d000 Uncommon trap: trap_request=0xffffff45 fr.pc=0x000002459234fb78 relative=0x00000000000000d8
Event: 3.400 Thread 0x00000245a1b6d000 Uncommon trap: reason=unstable_if action=reinterpret pc=0x000002459234fb78 method=sun.font.FileFontStrike.getCachedGlyphPtrInternal(I)J @ 4 c2
Event: 3.400 Thread 0x00000245a1b6d000 DEOPT PACKING pc=0x000002459234fb78 sp=0x0000009f8a0fda70
Event: 3.400 Thread 0x00000245a1b6d000 DEOPT UNPACKING pc=0x000002458a85912f sp=0x0000009f8a0fd9f0 mode 2
Event: 4.656 Thread 0x00000245a166e000 DEOPT PACKING pc=0x000002458afd7585 sp=0x0000009f89bfedb0
Event: 4.656 Thread 0x00000245a166e000 DEOPT UNPACKING pc=0x000002458a85964e sp=0x0000009f89bfe210 mode 0

Classes unloaded (0 events):
No events

Classes redefined (0 events):
No events

Internal exceptions (17 events):
Event: 0.318 Thread 0x00000245822f7800 Exception <a 'java/lang/NoSuchMethodError'{0x000000008911b4e0}: 'java.lang.Object java.lang.invoke.DirectMethodHandle$Holder.invokeStatic(java.lang.Object, int, java.lang.Object)'> (0x000000008911b4e0) 
thrown [t:/workspace/open/src/hotspot/share/interpreter/linkResolver.cpp, line 767]
Event: 0.342 Thread 0x00000245822f7800 Exception <a 'java/lang/ClassNotFoundException'{0x0000000089162448}: sun/util/logging/resources/spi/loggingProvider> (0x0000000089162448) 
thrown [t:/workspace/open/src/hotspot/share/classfile/systemDictionary.cpp, line 232]
Event: 0.435 Thread 0x00000245822f7800 Exception <a 'java/lang/NoSuchMethodError'{0x00000000890f0510}: 'int java.lang.invoke.DirectMethodHandle$Holder.invokeSpecialIFC(java.lang.Object, java.lang.Object, int)'> (0x00000000890f0510) 
thrown [t:/workspace/open/src/hotspot/share/interpreter/linkResolver.cpp, line 767]
Event: 0.477 Thread 0x00000245822f7800 Exception <a 'java/lang/NoSuchMethodError'{0x0000000088ff4f98}: 'java.lang.Object java.lang.invoke.DirectMethodHandle$Holder.invokeStaticInit(java.lang.Object, int, int, int, int)'> (0x0000000088ff4f98) 
thrown [t:/workspace/open/src/hotspot/share/interpreter/linkResolver.cpp, line 767]
Event: 0.733 Thread 0x00000245822f7800 Exception <a 'java/lang/NoSuchMethodError'{0x0000000088ea9088}: 'java.lang.Object java.lang.invoke.DirectMethodHandle$Holder.invokeStaticInit(java.lang.Object, java.lang.Object, int, int, int, int)'> (0x0000000088ea9088) 
thrown [t:/workspace/open/src/hotspot/share/interpreter/linkResolver.cpp, line 767]
Event: 0.824 Thread 0x00000245a166e000 Exception <a 'java/lang/ClassNotFoundException'{0x0000000088d5a740}: sun/awt/resources/spi/awtProvider> (0x0000000088d5a740) 
thrown [t:/workspace/open/src/hotspot/share/classfile/systemDictionary.cpp, line 232]
Event: 0.836 Thread 0x00000245a166e000 Exception <a 'java/io/FileNotFoundException'{0x0000000088d5d8d8}> (0x0000000088d5d8d8) 
thrown [t:/workspace/open/src/hotspot/share/prims/jni.cpp, line 598]
Event: 0.843 Thread 0x00000245a166e000 Exception <a 'java/io/FileNotFoundException'{0x0000000088d83de0}> (0x0000000088d83de0) 
thrown [t:/workspace/open/src/hotspot/share/prims/jni.cpp, line 598]
Event: 0.890 Thread 0x00000245a1b49000 Exception <a 'java/lang/NoSuchMethodError'{0x0000000088c4d1f8}: 'void java.lang.invoke.DirectMethodHandle$Holder.invokeSpecial(java.lang.Object, java.lang.Object)'> (0x0000000088c4d1f8) 
thrown [t:/workspace/open/src/hotspot/share/interpreter/linkResolver.cpp, line 767]
Event: 0.928 Thread 0x00000245a166e000 Exception <a 'java/lang/NoSuchMethodError'{0x0000000088cbfe48}: 'java.lang.Object java.lang.invoke.DirectMethodHandle$Holder.invokeStatic(java.lang.Object, int, java.lang.Object, java.lang.Object, java.lang.Object, java.lang.Object)'> (0x0000000088cbfe48) 
thrown [t:/workspace/open/src/hotspot/share/interpreter/linkResolver.cpp, line 767]
Event: 0.929 Thread 0x00000245a166e000 Exception <a 'java/lang/NoSuchMethodError'{0x0000000088cc67a8}: 'java.lang.Object java.lang.invoke.DirectMethodHandle$Holder.invokeStatic(java.lang.Object, int, java.lang.Object, java.lang.Object, java.lang.Object)'> (0x0000000088cc67a8) 
thrown [t:/workspace/open/src/hotspot/share/interpreter/linkResolver.cpp, line 767]
Event: 0.930 Thread 0x00000245a166e000 Exception <a 'java/lang/NoSuchMethodError'{0x0000000088cca010}: 'java.lang.Object java.lang.invoke.DirectMethodHandle$Holder.invokeSpecial(java.lang.Object, java.lang.Object, int, java.lang.Object, java.lang.Object, java.lang.Object)'> (0x0000000088cca010) 
thrown [t:/workspace/open/src/hotspot/share/interpreter/linkResolver.cpp, line 767]
Event: 0.956 Thread 0x00000245a166e000 Exception <a 'java/lang/ClassNotFoundException'{0x0000000088b830e8}: com/sun/swing/internal/plaf/metal/resources/spi/metalProvider> (0x0000000088b830e8) 
thrown [t:/workspace/open/src/hotspot/share/classfile/systemDictionary.cpp, line 232]
Event: 0.957 Thread 0x00000245a166e000 Exception <a 'java/lang/ClassNotFoundException'{0x0000000088b87150}: com/sun/swing/internal/plaf/basic/resources/spi/basicProvider> (0x0000000088b87150) 
thrown [t:/workspace/open/src/hotspot/share/classfile/systemDictionary.cpp, line 232]
Event: 0.963 Thread 0x00000245a166e000 Implicit null exception at 0x000002459231c768 to 0x000002459231c7fa
Event: 0.991 Thread 0x00000245a166e000 Exception <a 'java/lang/NoSuchMethodError'{0x0000000088bc0b18}: 'void java.lang.invoke.DirectMethodHandle$Holder.invokeStaticInit(java.lang.Object)'> (0x0000000088bc0b18) 
thrown [t:/workspace/open/src/hotspot/share/interpreter/linkResolver.cpp, line 767]
Event: 1.024 Thread 0x00000245a166e000 Exception <a 'java/lang/NoSuchMethodError'{0x0000000088a3db88}: 'java.lang.Object java.lang.invoke.Invokers$Holder.linkToTargetMethod(java.lang.Object, int, java.lang.Object)'> (0x0000000088a3db88) 
thrown [t:/workspace/open/src/hotspot/share/interpreter/linkResolver.cpp, line 767]

Events (20 events):
Event: 4.626 loading class javax/swing/plaf/metal/MetalBorders$TableHeaderBorder
Event: 4.626 loading class javax/swing/plaf/metal/MetalBorders$TableHeaderBorder done
Event: 4.629 Executing VM operation: RevokeBias
Event: 4.629 Executing VM operation: RevokeBias done
Event: 4.629 Executing VM operation: RevokeBias
Event: 4.629 Executing VM operation: RevokeBias done
Event: 4.635 loading class javax/swing/event/ChangeEvent
Event: 4.635 loading class javax/swing/event/ChangeEvent done
Event: 4.636 loading class javax/swing/JTable$2
Event: 4.636 loading class javax/swing/JTable$Resizable3
Event: 4.636 loading class javax/swing/JTable$Resizable2
Event: 4.636 loading class javax/swing/JTable$Resizable2 done
Event: 4.636 loading class javax/swing/JTable$Resizable3 done
Event: 4.636 loading class javax/swing/JTable$2 done
Event: 4.636 loading class javax/swing/JTable$5
Event: 4.637 loading class javax/swing/JTable$5 done
Event: 4.720 loading class javax/swing/Autoscroller
Event: 4.720 loading class javax/swing/Autoscroller done
Event: 4.727 Executing VM operation: RevokeBias
Event: 4.727 Executing VM operation: RevokeBias done


Dynamic libraries:
0x00007ff7a4e30000 - 0x00007ff7a4e3f000 	C:\Program Files\bin\javaw.exe
0x00007ffc85d50000 - 0x00007ffc85f46000 	C:\WINDOWS\SYSTEM32\ntdll.dll
0x00007ffc85900000 - 0x00007ffc859bd000 	C:\WINDOWS\System32\KERNEL32.DLL
0x00007ffc83510000 - 0x00007ffc837d9000 	C:\WINDOWS\System32\KERNELBASE.dll
0x00007ffc83cb0000 - 0x00007ffc83db0000 	C:\WINDOWS\System32\ucrtbase.dll
0x00007ffc73570000 - 0x00007ffc73588000 	C:\Program Files\bin\jli.dll
0x00007ffc83df0000 - 0x00007ffc83e9c000 	C:\WINDOWS\System32\ADVAPI32.dll
0x00007ffc85a70000 - 0x00007ffc85b0e000 	C:\WINDOWS\System32\msvcrt.dll
0x00007ffc84e70000 - 0x00007ffc84f0c000 	C:\WINDOWS\System32\sechost.dll
0x00007ffc83f70000 - 0x00007ffc8409b000 	C:\WINDOWS\System32\RPCRT4.dll
0x00007ffc84f10000 - 0x00007ffc850b0000 	C:\WINDOWS\System32\USER32.dll
0x00007ffc83bb0000 - 0x00007ffc83bd2000 	C:\WINDOWS\System32\win32u.dll
0x00007ffc840c0000 - 0x00007ffc840ea000 	C:\WINDOWS\System32\GDI32.dll
0x00007ffc83a40000 - 0x00007ffc83b49000 	C:\WINDOWS\System32\gdi32full.dll
0x00007ffc83be0000 - 0x00007ffc83c7d000 	C:\WINDOWS\System32\msvcp_win.dll
0x00007ffc727a0000 - 0x00007ffc727b5000 	C:\Program Files\bin\VCRUNTIME140.dll
0x00007ffc701c0000 - 0x00007ffc7045b000 	C:\WINDOWS\WinSxS\amd64_microsoft.windows.common-controls_6595b64144ccf1df_6.0.19041.488_none_ca04af081b815d21\COMCTL32.dll
0x00007ffc7a210000 - 0x00007ffc7a21a000 	C:\WINDOWS\SYSTEM32\VERSION.dll
0x00007ffc83dc0000 - 0x00007ffc83df0000 	C:\WINDOWS\System32\IMM32.DLL
0x00007ffc663d0000 - 0x00007ffc6646b000 	C:\Program Files\bin\msvcp140.dll
0x00007ffc4c0c0000 - 0x00007ffc4cc1d000 	C:\Program Files\bin\server\jvm.dll
0x00007ffc85b10000 - 0x00007ffc85b18000 	C:\WINDOWS\System32\PSAPI.DLL
0x00007ffc7d960000 - 0x00007ffc7d969000 	C:\WINDOWS\SYSTEM32\WSOCK32.dll
0x00007ffc85800000 - 0x00007ffc8586b000 	C:\WINDOWS\System32\WS2_32.dll
0x00007ffc6e960000 - 0x00007ffc6e987000 	C:\WINDOWS\SYSTEM32\WINMM.dll
0x00007ffc81d70000 - 0x00007ffc81d82000 	C:\WINDOWS\SYSTEM32\kernel.appcore.dll
0x00007ffc7cdc0000 - 0x00007ffc7cdd0000 	C:\Program Files\bin\verify.dll
0x00007ffc812e0000 - 0x00007ffc814c4000 	C:\WINDOWS\SYSTEM32\DBGHELP.DLL
0x00007ffc6cf80000 - 0x00007ffc6cfac000 	C:\WINDOWS\SYSTEM32\dbgcore.DLL
0x00007ffc83490000 - 0x00007ffc83510000 	C:\WINDOWS\System32\bcryptPrimitives.dll
0x00007ffc737b0000 - 0x00007ffc737d6000 	C:\Program Files\bin\java.dll
0x00007ffc73a60000 - 0x00007ffc73a77000 	C:\Program Files\bin\zip.dll
0x00007ffc7cd80000 - 0x00007ffc7cd8a000 	C:\Program Files\bin\jimage.dll
0x00007ffc850b0000 - 0x00007ffc857f2000 	C:\WINDOWS\System32\SHELL32.dll
0x00007ffc815c0000 - 0x00007ffc81d55000 	C:\WINDOWS\SYSTEM32\windows.storage.dll
0x00007ffc84220000 - 0x00007ffc84576000 	C:\WINDOWS\System32\combase.dll
0x00007ffc82f00000 - 0x00007ffc82f2c000 	C:\WINDOWS\SYSTEM32\Wldp.dll
0x00007ffc85c00000 - 0x00007ffc85cae000 	C:\WINDOWS\System32\SHCORE.dll
0x00007ffc848c0000 - 0x00007ffc84915000 	C:\WINDOWS\System32\shlwapi.dll
0x00007ffc833c0000 - 0x00007ffc833e6000 	C:\WINDOWS\SYSTEM32\profapi.dll
0x00007ffc735b0000 - 0x00007ffc735c9000 	C:\Program Files\bin\net.dll
0x00007ffc73260000 - 0x00007ffc73360000 	C:\WINDOWS\SYSTEM32\WINHTTP.dll
0x00007ffc82c80000 - 0x00007ffc82cea000 	C:\WINDOWS\system32\mswsock.dll
0x00007ffc72fb0000 - 0x00007ffc72fc3000 	C:\Program Files\bin\nio.dll
0x00007ffc82e60000 - 0x00007ffc82e78000 	C:\WINDOWS\SYSTEM32\CRYPTSP.dll
0x00007ffc825a0000 - 0x00007ffc825d4000 	C:\WINDOWS\system32\rsaenh.dll
0x00007ffc83c80000 - 0x00007ffc83ca7000 	C:\WINDOWS\System32\bcrypt.dll
0x00007ffc83340000 - 0x00007ffc8336e000 	C:\WINDOWS\SYSTEM32\USERENV.dll
0x00007ffc82e50000 - 0x00007ffc82e5c000 	C:\WINDOWS\SYSTEM32\CRYPTBASE.dll
0x00007ffc82920000 - 0x00007ffc8295b000 	C:\WINDOWS\SYSTEM32\IPHLPAPI.DLL
0x00007ffc83db0000 - 0x00007ffc83db8000 	C:\WINDOWS\System32\NSI.dll
0x00007ffc80bc0000 - 0x00007ffc80bd7000 	C:\WINDOWS\SYSTEM32\dhcpcsvc6.DLL
0x00007ffc80ba0000 - 0x00007ffc80bbd000 	C:\WINDOWS\SYSTEM32\dhcpcsvc.DLL
0x00007ffc82970000 - 0x00007ffc82a3b000 	C:\WINDOWS\SYSTEM32\DNSAPI.dll
0x000000006adc0000 - 0x000000006aeb2000 	C:\Users\Gorka\AppData\Local\Temp\sqlite-3.20.1-130cbddf-0b2b-4c56-8d1f-93ac7f0a8790-sqlitejdbc.dll
0x00007ffc50ad0000 - 0x00007ffc50c69000 	C:\Program Files\bin\awt.dll
0x00007ffc83ea0000 - 0x00007ffc83f6d000 	C:\WINDOWS\System32\OLEAUT32.dll
0x00007ffc7f6b0000 - 0x00007ffc7f740000 	C:\WINDOWS\SYSTEM32\apphelp.dll
0x00007ffc80d50000 - 0x00007ffc80d7f000 	C:\WINDOWS\system32\DWMAPI.DLL
0x00007ffc7f7a0000 - 0x00007ffc7f83e000 	C:\WINDOWS\system32\uxtheme.dll
0x00007ffc70c90000 - 0x00007ffc70db5000 	C:\WINDOWS\system32\opengl32.dll
0x00007ffc715c0000 - 0x00007ffc715ec000 	C:\WINDOWS\SYSTEM32\GLU32.dll
0x00007ffc847a0000 - 0x00007ffc848b6000 	C:\WINDOWS\System32\MSCTF.dll
0x00007ffc840f0000 - 0x00007ffc8421a000 	C:\WINDOWS\System32\ole32.dll
0x00007ffc66340000 - 0x00007ffc663c2000 	C:\Program Files\bin\freetype.dll
0x00007ffc5b250000 - 0x00007ffc5b2f6000 	C:\Program Files\bin\fontmanager.dll
0x00007ffc7bec0000 - 0x00007ffc7bfbd000 	C:\WINDOWS\SYSTEM32\textinputframework.dll
0x00007ffc7f120000 - 0x00007ffc7f47e000 	C:\WINDOWS\System32\CoreUIComponents.dll
0x00007ffc7f480000 - 0x00007ffc7f572000 	C:\WINDOWS\System32\CoreMessaging.dll
0x00007ffc821d0000 - 0x00007ffc82203000 	C:\WINDOWS\SYSTEM32\ntmarta.dll
0x00007ffc7ea50000 - 0x00007ffc7eba6000 	C:\WINDOWS\SYSTEM32\wintypes.dll
0x00007ffc70dd0000 - 0x00007ffc70e36000 	C:\WINDOWS\system32\Oleacc.dll

dbghelp: loaded successfully - version: 4.0.5 - missing functions: none
symbol engine: initialized successfully - sym options: 0x614 - pdb path: .;C:\Program Files\bin;C:\WINDOWS\SYSTEM32;C:\WINDOWS\WinSxS\amd64_microsoft.windows.common-controls_6595b64144ccf1df_6.0.19041.488_none_ca04af081b815d21;C:\Program Files\bin\server;C:\Users\Gorka\AppData\Local\Temp

VM Arguments:
jvm_args: -Dfile.encoding=Cp1252 
java_command: main.Launcher
java_class_path (initial): C:\Users\Gorka\git\StoneChaser-Program-3\bin;C:\Users\Gorka\.p2\pool\plugins\org.junit_4.13.0.v20200204-1500.jar;C:\Users\Gorka\.p2\pool\plugins\org.hamcrest.core_1.3.0.v20180420-1519.jar;C:\Users\Gorka\git\StoneChaser-Program-3\res\sqliteJAR\sqlite-jdbc-3.20.1.jar
Launcher Type: SUN_STANDARD

[Global flags]
     intx CICompilerCount                          = 3                                         {product} {ergonomic}
     uint ConcGCThreads                            = 1                                         {product} {ergonomic}
     uint G1ConcRefinementThreads                  = 4                                         {product} {ergonomic}
   size_t G1HeapRegionSize                         = 1048576                                   {product} {ergonomic}
    uintx GCDrainStackTargetSize                   = 64                                        {product} {ergonomic}
   size_t InitialHeapSize                          = 134217728                                 {product} {ergonomic}
   size_t MarkStackSize                            = 4194304                                   {product} {ergonomic}
   size_t MaxHeapSize                              = 2126512128                                {product} {ergonomic}
   size_t MaxNewSize                               = 1275068416                                {product} {ergonomic}
   size_t MinHeapDeltaBytes                        = 1048576                                   {product} {ergonomic}
   size_t MinHeapSize                              = 8388608                                   {product} {ergonomic}
    uintx NonNMethodCodeHeapSize                   = 5832780                                {pd product} {ergonomic}
    uintx NonProfiledCodeHeapSize                  = 122912730                              {pd product} {ergonomic}
    uintx ProfiledCodeHeapSize                     = 122912730                              {pd product} {ergonomic}
    uintx ReservedCodeCacheSize                    = 251658240                              {pd product} {ergonomic}
     bool SegmentedCodeCache                       = true                                      {product} {ergonomic}
   size_t SoftMaxHeapSize                          = 2126512128                             {manageable} {ergonomic}
     bool UseCompressedClassPointers               = true                                 {lp64_product} {ergonomic}
     bool UseCompressedOops                        = true                                 {lp64_product} {ergonomic}
     bool UseG1GC                                  = true                                      {product} {ergonomic}
     bool UseLargePagesIndividualAllocation        = false                                  {pd product} {ergonomic}

Logging:
Log output configuration:
 #0: stdout all=warning uptime,level,tags
 #1: stderr all=off uptime,level,tags

Environment Variables:
PATH=C:/Program Files/bin/server;C:/Program Files/bin;C:\Program Files\AdoptOpenJDK\jdk-11.0.8.10-hotspot\bin;C:\WINDOWS\system32;C:\WINDOWS;C:\WINDOWS\System32\Wbem;C:\WINDOWS\System32\WindowsPowerShell\v1.0\;C:\WINDOWS\System32\OpenSSH\;C:\Program Files (x86)\Intel\Intel(R) Management Engine Components\DAL;C:\Program Files\Intel\Intel(R) Management Engine Components\DAL;C:\Program Files (x86)\Intel\Intel(R) Management Engine Components\IPT;C:\Program Files\Intel\Intel(R) Management Engine Components\IPT;C:\Program Files\MySQL\MySQL Shell 8.0\bin\;C:\Users\Gorka\AppData\Local\Programs\Python\Launcher\;C:\WINDOWS\system32\config\systemprofile\AppData\Local\Microsoft\WindowsApps;C:\Users\Gorka\AppData\Roaming\Quest Software\vWorkspace Client\;;C:\Users\Gorka\AppData\Local\Microsoft\WindowsApps;C:\Users\Gorka\Desktop;
USERNAME=Gorka
OS=Windows_NT
PROCESSOR_IDENTIFIER=Intel64 Family 6 Model 142 Stepping 9, GenuineIntel



---------------  S Y S T E M  ---------------

OS: Windows 10 , 64 bit Build 19041 (10.0.19041.662)

CPU:total 4 (initial active 4) (2 cores per cpu, 2 threads per core) family 6 model 142 stepping 9, cmov, cx8, fxsr, mmx, sse, sse2, sse3, ssse3, sse4.1, sse4.2, popcnt, avx, avx2, aes, clmul, erms, 3dnowpref, lzcnt, ht, tsc, tscinvbit, bmi1, bmi2, adx, fma

Memory: 4k page, system-wide physical 8107M (2649M free)
TotalPageFile size 9387M (AvailPageFile size 2555M)
current process WorkingSet (physical memory assigned to process): 130M, peak: 138M
current process commit charge ("private bytes"): 265M, peak: 275M

vm_info: Java HotSpot(TM) 64-Bit Server VM (13.0.2+8) for windows-amd64 JRE (13.0.2+8), built on Dec 11 2019 09:20:33 by "mach5one" with unknown MS VC++:1916

END.
