#
# A fatal error has been detected by the Java Runtime Environment:
#
#  EXCEPTION_ACCESS_VIOLATION (0xc0000005) at pc=0x000000006add21f4, pid=2272, tid=12196
#
# JRE version: Java(TM) SE Runtime Environment (13.0.2+8) (build 13.0.2+8)
# Java VM: Java HotSpot(TM) 64-Bit Server VM (13.0.2+8, mixed mode, sharing, tiered, compressed oops, g1 gc, windows-amd64)
# Problematic frame:
# C  [sqlite-3.20.1-3a2a980f-33be-4d39-a889-3e3d4fadf23d-sqlitejdbc.dll+0x121f4]
#
# No core dump will be written. Minidumps are not enabled by default on client versions of Windows
#
# If you would like to submit a bug report, please visit:
#   http://bugreport.java.com/bugreport/crash.jsp
# The crash happened outside the Java Virtual Machine in native code.
# See problematic frame for where to report the bug.
#

---------------  S U M M A R Y ------------

Command Line: -Dfile.encoding=Cp1252 main.Launcher

Host: Intel(R) Core(TM) i5-7200U CPU @ 2.50GHz, 4 cores, 7G,  Windows 10 , 64 bit Build 19041 (10.0.19041.662)
Time: Sun Jan  3 18:19:16 2021 Hora estándar romance elapsed time: 5 seconds (0d 0h 0m 5s)

---------------  T H R E A D  ---------------

Current thread (0x000001babc4a9800):  JavaThread "Thread-44" [_thread_in_native, id=12196, stack(0x0000002c23a00000,0x0000002c23b00000)]

Stack: [0x0000002c23a00000,0x0000002c23b00000],  sp=0x0000002c23afee00,  free space=1019k
Native frames: (J=compiled Java code, j=interpreted, Vv=VM code, C=native code)
C  [sqlite-3.20.1-3a2a980f-33be-4d39-a889-3e3d4fadf23d-sqlitejdbc.dll+0x121f4]

Java frames: (J=compiled Java code, j=interpreted, Vv=VM code)
j  org.sqlite.core.NativeDB.column_int(JI)I+0
j  org.sqlite.jdbc3.JDBC3ResultSet.getInt(I)I+16
j  org.sqlite.jdbc3.JDBC3ResultSet.getInt(Ljava/lang/String;)I+6
j  main.GameDB.getNumberSessions(I)I+62
j  main.GameDB.updatePosition()V+33
j  main.states.GameState.lambda$0()V+10
j  main.states.GameState$$Lambda$154.run()V+4
j  java.lang.Thread.run()V+11 java.base@13.0.2
v  ~StubRoutines::call_stub

siginfo: EXCEPTION_ACCESS_VIOLATION (0xc0000005), reading address 0x0000000000000018


Register to memory mapping:

RIP=0x000000006add21f4 sqlite-3.20.1-3a2a980f-33be-4d39-a889-3e3d4fadf23d-sqlitejdbc.dll
RAX=0x0 is NULL
RBX=0x0 is NULL
RCX=0x000001babdd3d1d8 points into unknown readable memory: 00 00 00 00 00 00 00 00
RDX=0x0 is NULL
RSP=0x0000002c23afee00 is pointing into the stack for thread: 0x000001babc4a9800
RBP=0x0000002c23afef20 is pointing into the stack for thread: 0x000001babc4a9800
RSI=0x000001babdd3d1d8 points into unknown readable memory: 00 00 00 00 00 00 00 00
RDI=0x0000000000000076 is an unknown value
R8 =0x000001babdd3d1d8 points into unknown readable memory: 00 00 00 00 00 00 00 00
R9 =0x0 is NULL
R10=0x000001baa4800225 is at code_begin+1477 in an Interpreter codelet
method entry point (kind = native_synchronized)  [0x000001baa47ffc60, 0x000001baa48009a0]  3392 bytes
R11=0x0000000000000121 is an unknown value
R12=0x0 is NULL
R13={method} {0x000001babb5bb6b0} 'column_int' '(JI)I' in 'org/sqlite/core/NativeDB'
R14=0x0000002c23afef58 is pointing into the stack for thread: 0x000001babc4a9800
R15=0x000001babc4a9800 is a thread


Registers:
RAX=0x0000000000000000, RBX=0x0000000000000000, RCX=0x000001babdd3d1d8, RDX=0x0000000000000000
RSP=0x0000002c23afee00, RBP=0x0000002c23afef20, RSI=0x000001babdd3d1d8, RDI=0x0000000000000076
R8 =0x000001babdd3d1d8, R9 =0x0000000000000000, R10=0x000001baa4800225, R11=0x0000000000000121
R12=0x0000000000000000, R13=0x000001babb5bb6a8, R14=0x0000002c23afef58, R15=0x000001babc4a9800
RIP=0x000000006add21f4, EFLAGS=0x0000000000010206

Top of Stack: (sp=0x0000002c23afee00)
0x0000002c23afee00:   000001babc4a9800 0000002c23afeec8
0x0000002c23afee10:   0000002c23afef20 000001babb5bb6a8
0x0000002c23afee20:   000001babc2fe850 000001babdd3d1d8
0x0000002c23afee30:   0000000000000148 000000006addf04e
0x0000002c23afee40:   000001babc497ee8 000001babc497ee8
0x0000002c23afee50:   0000002c23afeeb0 000001babb601408
0x0000002c23afee60:   0000002c23afef58 000001babb5bb6a8
0x0000002c23afee70:   0000000000000148 000001baa4800254
0x0000002c23afee80:   0000002c23afeec8 0000002c23afeed8
0x0000002c23afee90:   0000000000000076 000001baa47fff7d
0x0000002c23afeea0:   000001babc4a9905 0000002c23afef20
0x0000002c23afeeb0:   0000000000000148 0000002c23afeed0
0x0000002c23afeec0:   000001baa47fff24 0000000000000001
0x0000002c23afeed0:   0000000088e20aa8 0000002c23afeec8
0x0000002c23afeee0:   000001babb5bb6a8 0000002c23afef58
0x0000002c23afeef0:   000001babb601408 0000000000000000 

Instructions: (pc=0x000000006add21f4)
0x000000006add20f4:   20 48 89 cb 48 8b 09 66 f7 41 08 60 24 75 3d b8
0x000000006add2104:   01 00 00 00 66 89 41 08 c6 43 29 01 48 8b 49 28
0x000000006add2114:   c7 43 24 07 00 00 00 f7 41 54 00 ff ff 00 74 0c
0x000000006add2124:   48 83 c4 20 5b c3 66 0f 1f 44 00 00 48 83 c4 20
0x000000006add2134:   5b e9 16 f2 ff ff 66 0f 1f 44 00 00 e8 3b ed ff
0x000000006add2144:   ff 48 8b 0b eb c2 66 0f 1f 44 00 00 53 48 83 ec
0x000000006add2154:   20 81 fa 0a 0c 00 00 74 2a 81 e2 fb 00 00 00 83
0x000000006add2164:   fa 0a 75 1f 48 89 cb 48 8b 09 31 c0 4c 8b 89 80
0x000000006add2174:   00 00 00 4d 85 c9 74 08 45 31 c0 30 d2 41 ff d1
0x000000006add2184:   89 43 4c 48 83 c4 20 5b c3 0f 1f 00 53 48 83 ec
0x000000006add2194:   30 48 89 cb 48 8b 89 48 01 00 00 48 85 c9 74 11
0x000000006add21a4:   66 f7 41 08 60 24 75 14 b8 01 00 00 00 66 89 41
0x000000006add21b4:   08 48 89 d9 48 83 c4 30 5b eb 91 90 89 54 24 2c
0x000000006add21c4:   e8 b7 ec ff ff 8b 54 24 2c 48 89 d9 48 83 c4 30
0x000000006add21d4:   5b e9 76 ff ff ff 66 0f 1f 44 00 00 56 53 48 83
0x000000006add21e4:   ec 28 48 85 c9 74 77 48 8b 01 48 89 ce 48 63 da
0x000000006add21f4:   48 8b 48 18 48 85 c9 74 06 ff 15 45 6e 0b 00 48
0x000000006add2204:   8b 86 88 00 00 00 48 85 c0 74 31 0f b7 96 bc 00
0x000000006add2214:   00 00 39 da 7e 26 85 db 78 22 48 8d 14 dd 00 00
0x000000006add2224:   00 00 48 c1 e3 06 48 29 d3 48 01 d8 48 83 c4 28
0x000000006add2234:   5b 5e c3 66 0f 1f 84 00 00 00 00 00 48 8b 0e ba
0x000000006add2244:   19 00 00 00 c7 41 44 19 00 00 00 e8 3c ff ff ff
0x000000006add2254:   48 8d 05 e5 25 0c 00 48 83 c4 28 5b 5e c3 48 8d
0x000000006add2264:   05 d7 25 0c 00 48 83 c4 28 5b 5e c3 48 83 fa 7f
0x000000006add2274:   76 2a 48 81 fa ff 3f 00 00 77 31 48 89 d0 83 e2
0x000000006add2284:   7f 48 c1 e8 07 88 51 01 83 c8 80 88 01 b8 02 00
0x000000006add2294:   00 00 c3 66 0f 1f 84 00 00 00 00 00 88 11 b8 01
0x000000006add22a4:   00 00 00 c3 0f 1f 84 00 00 00 00 00 e9 fb 25 ff
0x000000006add22b4:   ff 90 66 2e 0f 1f 84 00 00 00 00 00 56 53 48 83
0x000000006add22c4:   ec 38 48 8d 5c 24 20 48 89 ce 48 89 d9 e8 9a ff
0x000000006add22d4:   ff ff 48 89 da 41 89 c0 48 89 f1 e8 4c b3 ff ff
0x000000006add22e4:   90 48 83 c4 38 5b 5e c3 0f 1f 40 00 53 48 83 ec 


Stack slot to memory mapping:
stack at sp + 0 slots: 0x000001babc4a9800 is a thread
stack at sp + 1 slots: 0x0000002c23afeec8 is pointing into the stack for thread: 0x000001babc4a9800
stack at sp + 2 slots: 0x0000002c23afef20 is pointing into the stack for thread: 0x000001babc4a9800
stack at sp + 3 slots: {method} {0x000001babb5bb6b0} 'column_int' '(JI)I' in 'org/sqlite/core/NativeDB'
stack at sp + 4 slots: 0x000001babc2fe850 points into unknown readable memory: 02 00 00 00 00 00 00 00
stack at sp + 5 slots: 0x000001babdd3d1d8 points into unknown readable memory: 00 00 00 00 00 00 00 00
stack at sp + 6 slots: 0x0000000000000148 is an unknown value
stack at sp + 7 slots: 0x000000006addf04e sqlite-3.20.1-3a2a980f-33be-4d39-a889-3e3d4fadf23d-sqlitejdbc.dll


---------------  P R O C E S S  ---------------

Threads class SMR info:
_java_thread_list=0x000001babc495240, length=37, elements={
0x000001babb0fa800, 0x000001babb104800, 0x000001babb118800, 0x000001babb11b800,
0x000001babb11f000, 0x000001babb125000, 0x000001babb127800, 0x000001babbb8f800,
0x000001babbb96800, 0x000001babbec5800, 0x000001ba9aae7800, 0x000001babbf04000,
0x000001babbe82000, 0x000001babbe85800, 0x000001babbfb8800, 0x000001babc425800,
0x000001babc429000, 0x000001babc42a800, 0x000001babc42b800, 0x000001babc42d000,
0x000001babc433800, 0x000001babc432000, 0x000001babc42e000, 0x000001babc42f800,
0x000001babc431000, 0x000001babc4a6000, 0x000001babc4a1800, 0x000001babc4a3000,
0x000001babc4a4800, 0x000001babc4a5800, 0x000001babc4a7000, 0x000001babc4a8000,
0x000001babc4a2000, 0x000001babc4a9800, 0x000001babc4a4000, 0x000001babc4ab000,
0x000001babc4ac000
}

Java Threads: ( => current thread )
  0x000001babb0fa800 JavaThread "Reference Handler" daemon [_thread_blocked, id=13180, stack(0x0000002c1ff00000,0x0000002c20000000)]
  0x000001babb104800 JavaThread "Finalizer" daemon [_thread_blocked, id=11296, stack(0x0000002c20000000,0x0000002c20100000)]
  0x000001babb118800 JavaThread "Signal Dispatcher" daemon [_thread_blocked, id=13720, stack(0x0000002c20100000,0x0000002c20200000)]
  0x000001babb11b800 JavaThread "Attach Listener" daemon [_thread_blocked, id=13380, stack(0x0000002c20200000,0x0000002c20300000)]
  0x000001babb11f000 JavaThread "C2 CompilerThread0" daemon [_thread_in_native, id=2320, stack(0x0000002c20300000,0x0000002c20400000)]
  0x000001babb125000 JavaThread "C1 CompilerThread0" daemon [_thread_in_native, id=4632, stack(0x0000002c20400000,0x0000002c20500000)]
  0x000001babb127800 JavaThread "Sweeper thread" daemon [_thread_blocked, id=4996, stack(0x0000002c20500000,0x0000002c20600000)]
  0x000001babbb8f800 JavaThread "Service Thread" daemon [_thread_blocked, id=7924, stack(0x0000002c20600000,0x0000002c20700000)]
  0x000001babbb96800 JavaThread "Common-Cleaner" daemon [_thread_blocked, id=16088, stack(0x0000002c20800000,0x0000002c20900000)]
  0x000001babbec5800 JavaThread "Thread-0" [_thread_in_Java, id=12920, stack(0x0000002c20900000,0x0000002c20a00000)]
  0x000001ba9aae7800 JavaThread "DestroyJavaVM" [_thread_blocked, id=7692, stack(0x0000002c1f800000,0x0000002c1f900000)]
  0x000001babbf04000 JavaThread "Java2D Disposer" daemon [_thread_blocked, id=8760, stack(0x0000002c20a00000,0x0000002c20b00000)]
  0x000001babbe82000 JavaThread "AWT-Shutdown" [_thread_blocked, id=11952, stack(0x0000002c20b00000,0x0000002c20c00000)]
  0x000001babbe85800 JavaThread "AWT-Windows" daemon [_thread_in_native, id=14964, stack(0x0000002c20c00000,0x0000002c20d00000)]
  0x000001babbfb8800 JavaThread "AWT-EventQueue-0" [_thread_blocked, id=12016, stack(0x0000002c20d00000,0x0000002c20e00000)]
  0x000001babc425800 JavaThread "Thread-17" [_thread_in_native, id=13040, stack(0x0000002c21f00000,0x0000002c22000000)]
  0x000001babc429000 JavaThread "Thread-19" [_thread_in_native, id=12768, stack(0x0000002c22100000,0x0000002c22200000)]
  0x000001babc42a800 JavaThread "Thread-23" [_thread_in_native, id=10776, stack(0x0000002c22500000,0x0000002c22600000)]
  0x000001babc42b800 JavaThread "Thread-24" [_thread_in_native, id=7340, stack(0x0000002c22600000,0x0000002c22700000)]
  0x000001babc42d000 JavaThread "Thread-26" [_thread_in_native, id=15512, stack(0x0000002c22800000,0x0000002c22900000)]
  0x000001babc433800 JavaThread "Thread-27" [_thread_in_native, id=14304, stack(0x0000002c22900000,0x0000002c22a00000)]
  0x000001babc432000 JavaThread "Thread-29" [_thread_in_native, id=16364, stack(0x0000002c22b00000,0x0000002c22c00000)]
  0x000001babc42e000 JavaThread "Thread-30" [_thread_in_native, id=9540, stack(0x0000002c22c00000,0x0000002c22d00000)]
  0x000001babc42f800 JavaThread "Thread-33" [_thread_in_native, id=14448, stack(0x0000002c22f00000,0x0000002c23000000)]
  0x000001babc431000 JavaThread "Thread-35" [_thread_in_native, id=15596, stack(0x0000002c23100000,0x0000002c23200000)]
  0x000001babc4a6000 JavaThread "Thread-36" [_thread_in_native, id=11324, stack(0x0000002c23200000,0x0000002c23300000)]
  0x000001babc4a1800 JavaThread "Thread-37" [_thread_in_native, id=472, stack(0x0000002c23300000,0x0000002c23400000)]
  0x000001babc4a3000 JavaThread "Thread-38" [_thread_in_native, id=5968, stack(0x0000002c23400000,0x0000002c23500000)]
  0x000001babc4a4800 JavaThread "Thread-39" [_thread_in_native, id=1844, stack(0x0000002c23500000,0x0000002c23600000)]
  0x000001babc4a5800 JavaThread "Thread-40" [_thread_in_native, id=16200, stack(0x0000002c23600000,0x0000002c23700000)]
  0x000001babc4a7000 JavaThread "Thread-41" [_thread_in_native, id=15028, stack(0x0000002c23700000,0x0000002c23800000)]
  0x000001babc4a8000 JavaThread "Thread-42" [_thread_in_native, id=10600, stack(0x0000002c23800000,0x0000002c23900000)]
  0x000001babc4a2000 JavaThread "Thread-43" [_thread_in_native, id=2344, stack(0x0000002c23900000,0x0000002c23a00000)]
=>0x000001babc4a9800 JavaThread "Thread-44" [_thread_in_native, id=12196, stack(0x0000002c23a00000,0x0000002c23b00000)]
  0x000001babc4a4000 JavaThread "Thread-45" [_thread_in_native, id=9876, stack(0x0000002c23b00000,0x0000002c23c00000)]
  0x000001babc4ab000 JavaThread "Thread-46" [_thread_in_native, id=4232, stack(0x0000002c23c00000,0x0000002c23d00000)]
  0x000001babc4ac000 JavaThread "Thread-47" [_thread_in_native, id=316, stack(0x0000002c23d00000,0x0000002c23e00000)]

Other Threads:
  0x000001babb0f6000 VMThread "VM Thread" [stack: 0x0000002c1fe00000,0x0000002c1ff00000] [id=3836]
  0x000001babbb94800 WatcherThread [stack: 0x0000002c20700000,0x0000002c20800000] [id=11612]
  0x000001ba9ab2d800 GCTaskThread "GC Thread#0" [stack: 0x0000002c1f900000,0x0000002c1fa00000] [id=14956]
  0x000001babc084000 GCTaskThread "GC Thread#1" [stack: 0x0000002c20e00000,0x0000002c20f00000] [id=12360]
  0x000001babc09b800 GCTaskThread "GC Thread#2" [stack: 0x0000002c20f00000,0x0000002c21000000] [id=9660]
  0x000001babc09c000 GCTaskThread "GC Thread#3" [stack: 0x0000002c21000000,0x0000002c21100000] [id=8152]
  0x000001ba9ab40000 ConcurrentGCThread "G1 Main Marker" [stack: 0x0000002c1fa00000,0x0000002c1fb00000] [id=7604]
  0x000001ba9ab42000 ConcurrentGCThread "G1 Conc#0" [stack: 0x0000002c1fb00000,0x0000002c1fc00000] [id=16176]
  0x000001babaf81800 ConcurrentGCThread "G1 Refine#0" [stack: 0x0000002c1fc00000,0x0000002c1fd00000] [id=1416]
  0x000001babbbea000 ConcurrentGCThread "G1 Refine#1" [stack: 0x0000002c21100000,0x0000002c21200000] [id=15216]
  0x000001ba9abbe000 ConcurrentGCThread "G1 Young RemSet Sampling" [stack: 0x0000002c1fd00000,0x0000002c1fe00000] [id=1596]

Threads with active compile tasks:
C2 CompilerThread0     5334 1770       4       java.util.regex.Matcher::search (154 bytes)

VM state:not at safepoint (normal execution)

VM Mutex/Monitor currently owned by a thread: None

Heap address: 0x0000000081400000, size: 2028 MB, Compressed Oops mode: 32-bit
Narrow klass base: 0x0000000800000000, Narrow klass shift: 3
Compressed class space size: 1073741824 Address: 0x0000000800b40000

Heap:
 garbage-first heap   total 131072K, used 20476K [0x0000000081400000, 0x0000000100000000)
  region size 1024K, 6 young (6144K), 1 survivors (1024K)
 Metaspace       used 9733K, capacity 10055K, committed 10112K, reserved 1058816K
  class space    used 986K, capacity 1137K, committed 1152K, reserved 1048576K
Heap Regions: E=young(eden), S=young(survivor), O=old, HS=humongous(starts), HC=humongous(continues), CS=collection set, F=free, A=archive, TAMS=top-at-mark-start (previous, next)
|   0|0x0000000081400000, 0x0000000081500000, 0x0000000081500000|100%|HS|  |TAMS 0x0000000081400000, 0x0000000081400000| Complete 
|   1|0x0000000081500000, 0x0000000081600000, 0x0000000081600000|100%|HC|  |TAMS 0x0000000081500000, 0x0000000081500000| Complete 
|   2|0x0000000081600000, 0x0000000081700000, 0x0000000081700000|100%|HS|  |TAMS 0x0000000081600000, 0x0000000081600000| Complete 
|   3|0x0000000081700000, 0x0000000081800000, 0x0000000081800000|100%|HC|  |TAMS 0x0000000081700000, 0x0000000081700000| Complete 
|   4|0x0000000081800000, 0x0000000081900000, 0x0000000081900000|100%|HS|  |TAMS 0x0000000081800000, 0x0000000081800000| Complete 
|   5|0x0000000081900000, 0x0000000081a00000, 0x0000000081a00000|100%|HC|  |TAMS 0x0000000081900000, 0x0000000081900000| Complete 
|   6|0x0000000081a00000, 0x0000000081b00000, 0x0000000081b00000|100%|HS|  |TAMS 0x0000000081a00000, 0x0000000081a00000| Complete 
|   7|0x0000000081b00000, 0x0000000081c00000, 0x0000000081c00000|100%|HC|  |TAMS 0x0000000081b00000, 0x0000000081b00000| Complete 
|   8|0x0000000081c00000, 0x0000000081d00000, 0x0000000081d00000|100%|HS|  |TAMS 0x0000000081c00000, 0x0000000081c00000| Complete 
|   9|0x0000000081d00000, 0x0000000081e00000, 0x0000000081e00000|100%|HC|  |TAMS 0x0000000081d00000, 0x0000000081d00000| Complete 
|  10|0x0000000081e00000, 0x0000000081f00000, 0x0000000081f00000|100%| O|  |TAMS 0x0000000081e00000, 0x0000000081e00000| Untracked 
|  11|0x0000000081f00000, 0x0000000082000000, 0x0000000082000000|100%| O|  |TAMS 0x0000000081f00000, 0x0000000081f00000| Untracked 
|  12|0x0000000082000000, 0x0000000082100000, 0x0000000082100000|100%|HS|  |TAMS 0x0000000082000000, 0x0000000082000000| Complete 
|  13|0x0000000082100000, 0x0000000082200000, 0x0000000082200000|100%|HC|  |TAMS 0x0000000082100000, 0x0000000082100000| Complete 
|  14|0x0000000082200000, 0x0000000082300000, 0x0000000082300000|100%| O|  |TAMS 0x0000000082200000, 0x0000000082200000| Untracked 
|  15|0x0000000082300000, 0x00000000823b4600, 0x0000000082400000| 70%| O|  |TAMS 0x0000000082300000, 0x0000000082300000| Untracked 
|  16|0x0000000082400000, 0x0000000082400000, 0x0000000082500000|  0%| F|  |TAMS 0x0000000082400000, 0x0000000082400000| Untracked 
|  17|0x0000000082500000, 0x0000000082500000, 0x0000000082600000|  0%| F|  |TAMS 0x0000000082500000, 0x0000000082500000| Untracked 
|  18|0x0000000082600000, 0x0000000082600000, 0x0000000082700000|  0%| F|  |TAMS 0x0000000082600000, 0x0000000082600000| Untracked 
|  19|0x0000000082700000, 0x0000000082700000, 0x0000000082800000|  0%| F|  |TAMS 0x0000000082700000, 0x0000000082700000| Untracked 
|  20|0x0000000082800000, 0x0000000082800000, 0x0000000082900000|  0%| F|  |TAMS 0x0000000082800000, 0x0000000082800000| Untracked 
|  21|0x0000000082900000, 0x0000000082900000, 0x0000000082a00000|  0%| F|  |TAMS 0x0000000082900000, 0x0000000082900000| Untracked 
|  22|0x0000000082a00000, 0x0000000082a00000, 0x0000000082b00000|  0%| F|  |TAMS 0x0000000082a00000, 0x0000000082a00000| Untracked 
|  23|0x0000000082b00000, 0x0000000082b00000, 0x0000000082c00000|  0%| F|  |TAMS 0x0000000082b00000, 0x0000000082b00000| Untracked 
|  24|0x0000000082c00000, 0x0000000082c00000, 0x0000000082d00000|  0%| F|  |TAMS 0x0000000082c00000, 0x0000000082c00000| Untracked 
|  25|0x0000000082d00000, 0x0000000082d00000, 0x0000000082e00000|  0%| F|  |TAMS 0x0000000082d00000, 0x0000000082d00000| Untracked 
|  26|0x0000000082e00000, 0x0000000082e00000, 0x0000000082f00000|  0%| F|  |TAMS 0x0000000082e00000, 0x0000000082e00000| Untracked 
|  27|0x0000000082f00000, 0x0000000082f00000, 0x0000000083000000|  0%| F|  |TAMS 0x0000000082f00000, 0x0000000082f00000| Untracked 
|  28|0x0000000083000000, 0x0000000083000000, 0x0000000083100000|  0%| F|  |TAMS 0x0000000083000000, 0x0000000083000000| Untracked 
|  29|0x0000000083100000, 0x0000000083100000, 0x0000000083200000|  0%| F|  |TAMS 0x0000000083100000, 0x0000000083100000| Untracked 
|  30|0x0000000083200000, 0x0000000083200000, 0x0000000083300000|  0%| F|  |TAMS 0x0000000083200000, 0x0000000083200000| Untracked 
|  31|0x0000000083300000, 0x0000000083300000, 0x0000000083400000|  0%| F|  |TAMS 0x0000000083300000, 0x0000000083300000| Untracked 
|  32|0x0000000083400000, 0x0000000083400000, 0x0000000083500000|  0%| F|  |TAMS 0x0000000083400000, 0x0000000083400000| Untracked 
|  33|0x0000000083500000, 0x0000000083500000, 0x0000000083600000|  0%| F|  |TAMS 0x0000000083500000, 0x0000000083500000| Untracked 
|  34|0x0000000083600000, 0x0000000083600000, 0x0000000083700000|  0%| F|  |TAMS 0x0000000083600000, 0x0000000083600000| Untracked 
|  35|0x0000000083700000, 0x0000000083700000, 0x0000000083800000|  0%| F|  |TAMS 0x0000000083700000, 0x0000000083700000| Untracked 
|  36|0x0000000083800000, 0x0000000083800000, 0x0000000083900000|  0%| F|  |TAMS 0x0000000083800000, 0x0000000083800000| Untracked 
|  37|0x0000000083900000, 0x0000000083900000, 0x0000000083a00000|  0%| F|  |TAMS 0x0000000083900000, 0x0000000083900000| Untracked 
|  38|0x0000000083a00000, 0x0000000083a00000, 0x0000000083b00000|  0%| F|  |TAMS 0x0000000083a00000, 0x0000000083a00000| Untracked 
|  39|0x0000000083b00000, 0x0000000083b00000, 0x0000000083c00000|  0%| F|  |TAMS 0x0000000083b00000, 0x0000000083b00000| Untracked 
|  40|0x0000000083c00000, 0x0000000083c00000, 0x0000000083d00000|  0%| F|  |TAMS 0x0000000083c00000, 0x0000000083c00000| Untracked 
|  41|0x0000000083d00000, 0x0000000083d00000, 0x0000000083e00000|  0%| F|  |TAMS 0x0000000083d00000, 0x0000000083d00000| Untracked 
|  42|0x0000000083e00000, 0x0000000083e00000, 0x0000000083f00000|  0%| F|  |TAMS 0x0000000083e00000, 0x0000000083e00000| Untracked 
|  43|0x0000000083f00000, 0x0000000083f00000, 0x0000000084000000|  0%| F|  |TAMS 0x0000000083f00000, 0x0000000083f00000| Untracked 
|  44|0x0000000084000000, 0x0000000084000000, 0x0000000084100000|  0%| F|  |TAMS 0x0000000084000000, 0x0000000084000000| Untracked 
|  45|0x0000000084100000, 0x0000000084100000, 0x0000000084200000|  0%| F|  |TAMS 0x0000000084100000, 0x0000000084100000| Untracked 
|  46|0x0000000084200000, 0x0000000084200000, 0x0000000084300000|  0%| F|  |TAMS 0x0000000084200000, 0x0000000084200000| Untracked 
|  47|0x0000000084300000, 0x0000000084300000, 0x0000000084400000|  0%| F|  |TAMS 0x0000000084300000, 0x0000000084300000| Untracked 
|  48|0x0000000084400000, 0x0000000084400000, 0x0000000084500000|  0%| F|  |TAMS 0x0000000084400000, 0x0000000084400000| Untracked 
|  49|0x0000000084500000, 0x0000000084500000, 0x0000000084600000|  0%| F|  |TAMS 0x0000000084500000, 0x0000000084500000| Untracked 
|  50|0x0000000084600000, 0x0000000084600000, 0x0000000084700000|  0%| F|  |TAMS 0x0000000084600000, 0x0000000084600000| Untracked 
|  51|0x0000000084700000, 0x0000000084700000, 0x0000000084800000|  0%| F|  |TAMS 0x0000000084700000, 0x0000000084700000| Untracked 
|  52|0x0000000084800000, 0x0000000084800000, 0x0000000084900000|  0%| F|  |TAMS 0x0000000084800000, 0x0000000084800000| Untracked 
|  53|0x0000000084900000, 0x0000000084900000, 0x0000000084a00000|  0%| F|  |TAMS 0x0000000084900000, 0x0000000084900000| Untracked 
|  54|0x0000000084a00000, 0x0000000084a00000, 0x0000000084b00000|  0%| F|  |TAMS 0x0000000084a00000, 0x0000000084a00000| Untracked 
|  55|0x0000000084b00000, 0x0000000084b00000, 0x0000000084c00000|  0%| F|  |TAMS 0x0000000084b00000, 0x0000000084b00000| Untracked 
|  56|0x0000000084c00000, 0x0000000084c00000, 0x0000000084d00000|  0%| F|  |TAMS 0x0000000084c00000, 0x0000000084c00000| Untracked 
|  57|0x0000000084d00000, 0x0000000084d00000, 0x0000000084e00000|  0%| F|  |TAMS 0x0000000084d00000, 0x0000000084d00000| Untracked 
|  58|0x0000000084e00000, 0x0000000084e00000, 0x0000000084f00000|  0%| F|  |TAMS 0x0000000084e00000, 0x0000000084e00000| Untracked 
|  59|0x0000000084f00000, 0x0000000084f00000, 0x0000000085000000|  0%| F|  |TAMS 0x0000000084f00000, 0x0000000084f00000| Untracked 
|  60|0x0000000085000000, 0x0000000085000000, 0x0000000085100000|  0%| F|  |TAMS 0x0000000085000000, 0x0000000085000000| Untracked 
|  61|0x0000000085100000, 0x0000000085100000, 0x0000000085200000|  0%| F|  |TAMS 0x0000000085100000, 0x0000000085100000| Untracked 
|  62|0x0000000085200000, 0x0000000085200000, 0x0000000085300000|  0%| F|  |TAMS 0x0000000085200000, 0x0000000085200000| Untracked 
|  63|0x0000000085300000, 0x0000000085300000, 0x0000000085400000|  0%| F|  |TAMS 0x0000000085300000, 0x0000000085300000| Untracked 
|  64|0x0000000085400000, 0x0000000085400000, 0x0000000085500000|  0%| F|  |TAMS 0x0000000085400000, 0x0000000085400000| Untracked 
|  65|0x0000000085500000, 0x0000000085500000, 0x0000000085600000|  0%| F|  |TAMS 0x0000000085500000, 0x0000000085500000| Untracked 
|  66|0x0000000085600000, 0x0000000085600000, 0x0000000085700000|  0%| F|  |TAMS 0x0000000085600000, 0x0000000085600000| Untracked 
|  67|0x0000000085700000, 0x0000000085700000, 0x0000000085800000|  0%| F|  |TAMS 0x0000000085700000, 0x0000000085700000| Untracked 
|  68|0x0000000085800000, 0x0000000085800000, 0x0000000085900000|  0%| F|  |TAMS 0x0000000085800000, 0x0000000085800000| Untracked 
|  69|0x0000000085900000, 0x0000000085900000, 0x0000000085a00000|  0%| F|  |TAMS 0x0000000085900000, 0x0000000085900000| Untracked 
|  70|0x0000000085a00000, 0x0000000085a00000, 0x0000000085b00000|  0%| F|  |TAMS 0x0000000085a00000, 0x0000000085a00000| Untracked 
|  71|0x0000000085b00000, 0x0000000085b00000, 0x0000000085c00000|  0%| F|  |TAMS 0x0000000085b00000, 0x0000000085b00000| Untracked 
|  72|0x0000000085c00000, 0x0000000085c00000, 0x0000000085d00000|  0%| F|  |TAMS 0x0000000085c00000, 0x0000000085c00000| Untracked 
|  73|0x0000000085d00000, 0x0000000085d00000, 0x0000000085e00000|  0%| F|  |TAMS 0x0000000085d00000, 0x0000000085d00000| Untracked 
|  74|0x0000000085e00000, 0x0000000085e00000, 0x0000000085f00000|  0%| F|  |TAMS 0x0000000085e00000, 0x0000000085e00000| Untracked 
|  75|0x0000000085f00000, 0x0000000085f00000, 0x0000000086000000|  0%| F|  |TAMS 0x0000000085f00000, 0x0000000085f00000| Untracked 
|  76|0x0000000086000000, 0x0000000086000000, 0x0000000086100000|  0%| F|  |TAMS 0x0000000086000000, 0x0000000086000000| Untracked 
|  77|0x0000000086100000, 0x0000000086100000, 0x0000000086200000|  0%| F|  |TAMS 0x0000000086100000, 0x0000000086100000| Untracked 
|  78|0x0000000086200000, 0x0000000086200000, 0x0000000086300000|  0%| F|  |TAMS 0x0000000086200000, 0x0000000086200000| Untracked 
|  79|0x0000000086300000, 0x0000000086300000, 0x0000000086400000|  0%| F|  |TAMS 0x0000000086300000, 0x0000000086300000| Untracked 
|  80|0x0000000086400000, 0x0000000086400000, 0x0000000086500000|  0%| F|  |TAMS 0x0000000086400000, 0x0000000086400000| Untracked 
|  81|0x0000000086500000, 0x0000000086500000, 0x0000000086600000|  0%| F|  |TAMS 0x0000000086500000, 0x0000000086500000| Untracked 
|  82|0x0000000086600000, 0x0000000086600000, 0x0000000086700000|  0%| F|  |TAMS 0x0000000086600000, 0x0000000086600000| Untracked 
|  83|0x0000000086700000, 0x0000000086700000, 0x0000000086800000|  0%| F|  |TAMS 0x0000000086700000, 0x0000000086700000| Untracked 
|  84|0x0000000086800000, 0x0000000086800000, 0x0000000086900000|  0%| F|  |TAMS 0x0000000086800000, 0x0000000086800000| Untracked 
|  85|0x0000000086900000, 0x0000000086900000, 0x0000000086a00000|  0%| F|  |TAMS 0x0000000086900000, 0x0000000086900000| Untracked 
|  86|0x0000000086a00000, 0x0000000086a00000, 0x0000000086b00000|  0%| F|  |TAMS 0x0000000086a00000, 0x0000000086a00000| Untracked 
|  87|0x0000000086b00000, 0x0000000086b00000, 0x0000000086c00000|  0%| F|  |TAMS 0x0000000086b00000, 0x0000000086b00000| Untracked 
|  88|0x0000000086c00000, 0x0000000086c00000, 0x0000000086d00000|  0%| F|  |TAMS 0x0000000086c00000, 0x0000000086c00000| Untracked 
|  89|0x0000000086d00000, 0x0000000086d00000, 0x0000000086e00000|  0%| F|  |TAMS 0x0000000086d00000, 0x0000000086d00000| Untracked 
|  90|0x0000000086e00000, 0x0000000086e00000, 0x0000000086f00000|  0%| F|  |TAMS 0x0000000086e00000, 0x0000000086e00000| Untracked 
|  91|0x0000000086f00000, 0x0000000086f00000, 0x0000000087000000|  0%| F|  |TAMS 0x0000000086f00000, 0x0000000086f00000| Untracked 
|  92|0x0000000087000000, 0x0000000087000000, 0x0000000087100000|  0%| F|  |TAMS 0x0000000087000000, 0x0000000087000000| Untracked 
|  93|0x0000000087100000, 0x0000000087100000, 0x0000000087200000|  0%| F|  |TAMS 0x0000000087100000, 0x0000000087100000| Untracked 
|  94|0x0000000087200000, 0x0000000087200000, 0x0000000087300000|  0%| F|  |TAMS 0x0000000087200000, 0x0000000087200000| Untracked 
|  95|0x0000000087300000, 0x0000000087300000, 0x0000000087400000|  0%| F|  |TAMS 0x0000000087300000, 0x0000000087300000| Untracked 
|  96|0x0000000087400000, 0x0000000087400000, 0x0000000087500000|  0%| F|  |TAMS 0x0000000087400000, 0x0000000087400000| Untracked 
|  97|0x0000000087500000, 0x0000000087500000, 0x0000000087600000|  0%| F|  |TAMS 0x0000000087500000, 0x0000000087500000| Untracked 
|  98|0x0000000087600000, 0x0000000087600000, 0x0000000087700000|  0%| F|  |TAMS 0x0000000087600000, 0x0000000087600000| Untracked 
|  99|0x0000000087700000, 0x0000000087700000, 0x0000000087800000|  0%| F|  |TAMS 0x0000000087700000, 0x0000000087700000| Untracked 
| 100|0x0000000087800000, 0x0000000087800000, 0x0000000087900000|  0%| F|  |TAMS 0x0000000087800000, 0x0000000087800000| Untracked 
| 101|0x0000000087900000, 0x0000000087900000, 0x0000000087a00000|  0%| F|  |TAMS 0x0000000087900000, 0x0000000087900000| Untracked 
| 102|0x0000000087a00000, 0x0000000087a00000, 0x0000000087b00000|  0%| F|  |TAMS 0x0000000087a00000, 0x0000000087a00000| Untracked 
| 103|0x0000000087b00000, 0x0000000087b00000, 0x0000000087c00000|  0%| F|  |TAMS 0x0000000087b00000, 0x0000000087b00000| Untracked 
| 104|0x0000000087c00000, 0x0000000087c00000, 0x0000000087d00000|  0%| F|  |TAMS 0x0000000087c00000, 0x0000000087c00000| Untracked 
| 105|0x0000000087d00000, 0x0000000087d00000, 0x0000000087e00000|  0%| F|  |TAMS 0x0000000087d00000, 0x0000000087d00000| Untracked 
| 106|0x0000000087e00000, 0x0000000087e00000, 0x0000000087f00000|  0%| F|  |TAMS 0x0000000087e00000, 0x0000000087e00000| Untracked 
| 107|0x0000000087f00000, 0x0000000087f00000, 0x0000000088000000|  0%| F|  |TAMS 0x0000000087f00000, 0x0000000087f00000| Untracked 
| 108|0x0000000088000000, 0x0000000088000000, 0x0000000088100000|  0%| F|  |TAMS 0x0000000088000000, 0x0000000088000000| Untracked 
| 109|0x0000000088100000, 0x0000000088100000, 0x0000000088200000|  0%| F|  |TAMS 0x0000000088100000, 0x0000000088100000| Untracked 
| 110|0x0000000088200000, 0x0000000088200000, 0x0000000088300000|  0%| F|  |TAMS 0x0000000088200000, 0x0000000088200000| Untracked 
| 111|0x0000000088300000, 0x0000000088300000, 0x0000000088400000|  0%| F|  |TAMS 0x0000000088300000, 0x0000000088300000| Untracked 
| 112|0x0000000088400000, 0x0000000088400000, 0x0000000088500000|  0%| F|  |TAMS 0x0000000088400000, 0x0000000088400000| Untracked 
| 113|0x0000000088500000, 0x0000000088500000, 0x0000000088600000|  0%| F|  |TAMS 0x0000000088500000, 0x0000000088500000| Untracked 
| 114|0x0000000088600000, 0x0000000088600000, 0x0000000088700000|  0%| F|  |TAMS 0x0000000088600000, 0x0000000088600000| Untracked 
| 115|0x0000000088700000, 0x0000000088700000, 0x0000000088800000|  0%| F|  |TAMS 0x0000000088700000, 0x0000000088700000| Untracked 
| 116|0x0000000088800000, 0x0000000088800000, 0x0000000088900000|  0%| F|  |TAMS 0x0000000088800000, 0x0000000088800000| Untracked 
| 117|0x0000000088900000, 0x0000000088900000, 0x0000000088a00000|  0%| F|  |TAMS 0x0000000088900000, 0x0000000088900000| Untracked 
| 118|0x0000000088a00000, 0x0000000088a00000, 0x0000000088b00000|  0%| F|  |TAMS 0x0000000088a00000, 0x0000000088a00000| Untracked 
| 119|0x0000000088b00000, 0x0000000088b00000, 0x0000000088c00000|  0%| F|  |TAMS 0x0000000088b00000, 0x0000000088b00000| Untracked 
| 120|0x0000000088c00000, 0x0000000088c00000, 0x0000000088d00000|  0%| F|  |TAMS 0x0000000088c00000, 0x0000000088c00000| Untracked 
| 121|0x0000000088d00000, 0x0000000088d00000, 0x0000000088e00000|  0%| F|  |TAMS 0x0000000088d00000, 0x0000000088d00000| Untracked 
| 122|0x0000000088e00000, 0x0000000088ef6578, 0x0000000088f00000| 96%| E|  |TAMS 0x0000000088e00000, 0x0000000088e00000| Complete 
| 123|0x0000000088f00000, 0x0000000088f4ad00, 0x0000000089000000| 29%| S|CS|TAMS 0x0000000088f00000, 0x0000000088f00000| Complete 
| 124|0x0000000089000000, 0x0000000089100000, 0x0000000089100000|100%| E|CS|TAMS 0x0000000089000000, 0x0000000089000000| Complete 
| 125|0x0000000089100000, 0x0000000089200000, 0x0000000089200000|100%| E|CS|TAMS 0x0000000089100000, 0x0000000089100000| Complete 
| 126|0x0000000089200000, 0x0000000089300000, 0x0000000089300000|100%| E|CS|TAMS 0x0000000089200000, 0x0000000089200000| Complete 
| 127|0x0000000089300000, 0x0000000089400000, 0x0000000089400000|100%| E|CS|TAMS 0x0000000089300000, 0x0000000089300000| Complete 

Card table byte_map: [0x000001bab4380000,0x000001bab4780000] _byte_map_base: 0x000001bab3f76000

Marking Bits (Prev, Next): (CMBitMap*) 0x000001ba9ab2e1e8, (CMBitMap*) 0x000001ba9ab2e228
 Prev Bits: [0x000001bab4b80000, 0x000001bab6b30000)
 Next Bits: [0x000001bab6b30000, 0x000001bab8ae0000)

Polling page: 0x000001ba9abd0000

Metaspace:

Usage:
  Non-class:      8.71 MB capacity,     8.54 MB ( 98%) used,   147.28 KB (  2%) free+waste,    24.50 KB ( <1%) overhead. 
      Class:      1.11 MB capacity,   986.80 KB ( 87%) used,   134.82 KB ( 12%) free+waste,    15.38 KB (  1%) overhead. 
       Both:      9.82 MB capacity,     9.50 MB ( 97%) used,   282.10 KB (  3%) free+waste,    39.88 KB ( <1%) overhead. 

Virtual space:
  Non-class space:       10.00 MB reserved,       8.75 MB ( 88%) committed 
      Class space:        1.00 GB reserved,       1.13 MB ( <1%) committed 
             Both:        1.01 GB reserved,       9.88 MB ( <1%) committed 

Chunk freelists:
   Non-Class:  42.00 KB
       Class:  15.00 KB
        Both:  57.00 KB

MaxMetaspaceSize: 17179869184.00 GB
CompressedClassSpaceSize: 1.00 GB

CodeHeap 'non-profiled nmethods': size=120000Kb used=529Kb max_used=529Kb free=119470Kb
 bounds [0x000001baac2c0000, 0x000001baac530000, 0x000001bab37f0000]
CodeHeap 'profiled nmethods': size=120000Kb used=3725Kb max_used=3725Kb free=116274Kb
 bounds [0x000001baa4d90000, 0x000001baa5140000, 0x000001baac2c0000]
CodeHeap 'non-nmethods': size=5760Kb used=1297Kb max_used=1313Kb free=4462Kb
 bounds [0x000001baa47f0000, 0x000001baa4a60000, 0x000001baa4d90000]
 total_blobs=3013 nmethods=1874 adapters=486
 compilation: enabled
              stopped_count=0, restarted_count=0
 full_count=0

Compilation events (20 events):
Event: 5.157 Thread 0x000001babb125000 1854       3       java.util.HashMap$EntryIterator::next (5 bytes)
Event: 5.157 Thread 0x000001babb125000 nmethod 1854 0x000001baa511f810 code [0x000001baa511f9c0, 0x000001baa511fb70]
Event: 5.165 Thread 0x000001babb125000 1855       3       sun.java2d.loops.GraphicsPrimitive::convertFrom (84 bytes)
Event: 5.165 Thread 0x000001babb125000 nmethod 1855 0x000001baa511fc10 code [0x000001baa511fe40, 0x000001baa5120440]
Event: 5.166 Thread 0x000001babb125000 1857       3       main.states.GameState::saveButtonIsPressed (48 bytes)
Event: 5.166 Thread 0x000001babb125000 nmethod 1857 0x000001baa5120690 code [0x000001baa5120880, 0x000001baa5120d30]
Event: 5.177 Thread 0x000001babb125000 1858       3       java.util.Formatter$FormatSpecifier::checkNumeric (168 bytes)
Event: 5.178 Thread 0x000001babb125000 nmethod 1858 0x000001baa5120e90 code [0x000001baa5121140, 0x000001baa5121e00]
Event: 5.178 Thread 0x000001babb125000 1859       3       java.util.Formatter$FormatSpecifier::print (59 bytes)
Event: 5.178 Thread 0x000001babb125000 nmethod 1859 0x000001baa5122210 code [0x000001baa51223c0, 0x000001baa5122650]
Event: 5.178 Thread 0x000001babb125000 1860       3       java.util.Formatter$FormatSpecifier::adjustWidth (29 bytes)
Event: 5.179 Thread 0x000001babb125000 nmethod 1860 0x000001baa5122710 code [0x000001baa51228c0, 0x000001baa5122bf8]
Event: 5.179 Thread 0x000001babb125000 1861       3       sun.java2d.pipe.Region::isInsideQuickCheck (57 bytes)
Event: 5.180 Thread 0x000001babb125000 nmethod 1861 0x000001baa5122d10 code [0x000001baa5122ec0, 0x000001baa5123198]
Event: 5.181 Thread 0x000001babb125000 1862       3       java.util.Formatter$FormatSpecifier::leadingSign (82 bytes)
Event: 5.182 Thread 0x000001babb125000 nmethod 1862 0x000001baa5123290 code [0x000001baa51234e0, 0x000001baa5123d60]
Event: 5.182 Thread 0x000001babb125000 1863       3       sun.font.FontStrikeDesc::<init> (144 bytes)
Event: 5.183 Thread 0x000001babb125000 nmethod 1863 0x000001baa5124110 code [0x000001baa51242c0, 0x000001baa51246f8]
Event: 5.198 Thread 0x000001babb125000 1864       3       java.awt.GraphicsEnvironment::getLocalGraphicsEnvironment (4 bytes)
Event: 5.198 Thread 0x000001babb125000 nmethod 1864 0x000001baa5124790 code [0x000001baa5124920, 0x000001baa5124a78]

GC Heap History (4 events):
Event: 2.005 GC heap before
{Heap before GC invocations=0 (full 0):
 garbage-first heap   total 131072K, used 24576K [0x0000000081400000, 0x0000000100000000)
  region size 1024K, 14 young (14336K), 0 survivors (0K)
 Metaspace       used 9301K, capacity 9603K, committed 9856K, reserved 1058816K
  class space    used 982K, capacity 1136K, committed 1152K, reserved 1048576K
}
Event: 2.011 GC heap after
{Heap after GC invocations=1 (full 0):
 garbage-first heap   total 131072K, used 13865K [0x0000000081400000, 0x0000000100000000)
  region size 1024K, 2 young (2048K), 2 survivors (2048K)
 Metaspace       used 9301K, capacity 9603K, committed 9856K, reserved 1058816K
  class space    used 982K, capacity 1136K, committed 1152K, reserved 1048576K
}
Event: 4.713 GC heap before
{Heap before GC invocations=1 (full 0):
 garbage-first heap   total 131072K, used 20009K [0x0000000081400000, 0x0000000100000000)
  region size 1024K, 6 young (6144K), 2 survivors (2048K)
 Metaspace       used 9580K, capacity 9926K, committed 10112K, reserved 1058816K
  class space    used 986K, capacity 1137K, committed 1152K, reserved 1048576K
}
Event: 4.717 GC heap after
{Heap after GC invocations=2 (full 0):
 garbage-first heap   total 131072K, used 14332K [0x0000000081400000, 0x0000000100000000)
  region size 1024K, 1 young (1024K), 1 survivors (1024K)
 Metaspace       used 9580K, capacity 9926K, committed 10112K, reserved 1058816K
  class space    used 986K, capacity 1137K, committed 1152K, reserved 1048576K
}

Deoptimization events (20 events):
Event: 3.514 Thread 0x000001babbec5800 DEOPT PACKING pc=0x000001baa50a2cfb sp=0x0000002c209ff590
Event: 3.514 Thread 0x000001babbec5800 DEOPT UNPACKING pc=0x000001baa483964e sp=0x0000002c209fea98 mode 0
Event: 3.514 Thread 0x000001babbec5800 DEOPT PACKING pc=0x000001baa50a2cfb sp=0x0000002c209ff590
Event: 3.514 Thread 0x000001babbec5800 DEOPT UNPACKING pc=0x000001baa483964e sp=0x0000002c209fea98 mode 0
Event: 3.518 Thread 0x000001babbec5800 DEOPT PACKING pc=0x000001baa50a2cfb sp=0x0000002c209ff590
Event: 3.518 Thread 0x000001babbec5800 DEOPT UNPACKING pc=0x000001baa483964e sp=0x0000002c209fea98 mode 0
Event: 3.519 Thread 0x000001babbec5800 DEOPT PACKING pc=0x000001baa50a2cfb sp=0x0000002c209ff590
Event: 3.519 Thread 0x000001babbec5800 DEOPT UNPACKING pc=0x000001baa483964e sp=0x0000002c209fea98 mode 0
Event: 3.519 Thread 0x000001babbec5800 DEOPT PACKING pc=0x000001baa50a2cfb sp=0x0000002c209ff590
Event: 3.519 Thread 0x000001babbec5800 DEOPT UNPACKING pc=0x000001baa483964e sp=0x0000002c209fea98 mode 0
Event: 3.520 Thread 0x000001babbec5800 DEOPT PACKING pc=0x000001baa50a2cfb sp=0x0000002c209ff590
Event: 3.520 Thread 0x000001babbec5800 DEOPT UNPACKING pc=0x000001baa483964e sp=0x0000002c209fea98 mode 0
Event: 3.520 Thread 0x000001babbec5800 DEOPT PACKING pc=0x000001baa50a2cfb sp=0x0000002c209ff590
Event: 3.520 Thread 0x000001babbec5800 DEOPT UNPACKING pc=0x000001baa483964e sp=0x0000002c209fea98 mode 0
Event: 3.521 Thread 0x000001babbec5800 DEOPT PACKING pc=0x000001baa50a2cfb sp=0x0000002c209ff590
Event: 3.521 Thread 0x000001babbec5800 DEOPT UNPACKING pc=0x000001baa483964e sp=0x0000002c209fea98 mode 0
Event: 4.718 Thread 0x000001babc425800 DEOPT PACKING pc=0x000001baa4f8ae32 sp=0x0000002c21ffe830
Event: 4.718 Thread 0x000001babc425800 DEOPT UNPACKING pc=0x000001baa483964e sp=0x0000002c21ffdc98 mode 0
Event: 4.718 Thread 0x000001babc2f5000 DEOPT PACKING pc=0x000001baa4f8ae32 sp=0x0000002c21efe450
Event: 4.718 Thread 0x000001babc2f5000 DEOPT UNPACKING pc=0x000001baa483964e sp=0x0000002c21efd8b8 mode 0

Classes unloaded (0 events):
No events

Classes redefined (0 events):
No events

Internal exceptions (19 events):
Event: 0.221 Thread 0x000001ba9aae7800 Exception <a 'java/lang/NoSuchMethodError'{0x000000008911ad80}: 'java.lang.Object java.lang.invoke.DirectMethodHandle$Holder.invokeStatic(java.lang.Object, int, java.lang.Object)'> (0x000000008911ad80) 
thrown [t:/workspace/open/src/hotspot/share/interpreter/linkResolver.cpp, line 767]
Event: 0.240 Thread 0x000001ba9aae7800 Exception <a 'java/lang/ClassNotFoundException'{0x00000000891620d0}: sun/util/logging/resources/spi/loggingProvider> (0x00000000891620d0) 
thrown [t:/workspace/open/src/hotspot/share/classfile/systemDictionary.cpp, line 232]
Event: 0.350 Thread 0x000001ba9aae7800 Exception <a 'java/lang/NoSuchMethodError'{0x00000000890eb718}: 'int java.lang.invoke.DirectMethodHandle$Holder.invokeSpecialIFC(java.lang.Object, java.lang.Object, int)'> (0x00000000890eb718) 
thrown [t:/workspace/open/src/hotspot/share/interpreter/linkResolver.cpp, line 767]
Event: 0.451 Thread 0x000001ba9aae7800 Exception <a 'java/lang/NoSuchMethodError'{0x0000000088fe2600}: 'java.lang.Object java.lang.invoke.DirectMethodHandle$Holder.invokeStaticInit(java.lang.Object, int, int, int, int)'> (0x0000000088fe2600) 
thrown [t:/workspace/open/src/hotspot/share/interpreter/linkResolver.cpp, line 767]
Event: 0.696 Thread 0x000001ba9aae7800 Exception <a 'java/lang/NoSuchMethodError'{0x0000000088e769f0}: 'java.lang.Object java.lang.invoke.DirectMethodHandle$Holder.invokeStaticInit(java.lang.Object, java.lang.Object, int, int, int, int)'> (0x0000000088e769f0) 
thrown [t:/workspace/open/src/hotspot/share/interpreter/linkResolver.cpp, line 767]
Event: 0.768 Thread 0x000001babbec5800 Exception <a 'java/lang/ClassNotFoundException'{0x0000000088d51fa8}: sun/awt/resources/spi/awtProvider> (0x0000000088d51fa8) 
thrown [t:/workspace/open/src/hotspot/share/classfile/systemDictionary.cpp, line 232]
Event: 0.774 Thread 0x000001babbec5800 Exception <a 'java/io/FileNotFoundException'{0x0000000088d551c8}> (0x0000000088d551c8) 
thrown [t:/workspace/open/src/hotspot/share/prims/jni.cpp, line 598]
Event: 0.780 Thread 0x000001babbec5800 Exception <a 'java/io/FileNotFoundException'{0x0000000088d7b6d0}> (0x0000000088d7b6d0) 
thrown [t:/workspace/open/src/hotspot/share/prims/jni.cpp, line 598]
Event: 0.824 Thread 0x000001babbe85800 Exception <a 'java/lang/NoSuchMethodError'{0x0000000088ddc770}: 'void java.lang.invoke.DirectMethodHandle$Holder.invokeSpecial(java.lang.Object, java.lang.Object)'> (0x0000000088ddc770) 
thrown [t:/workspace/open/src/hotspot/share/interpreter/linkResolver.cpp, line 767]
Event: 0.853 Thread 0x000001babbec5800 Exception <a 'java/lang/NoSuchMethodError'{0x0000000088c50478}: 'java.lang.Object java.lang.invoke.DirectMethodHandle$Holder.invokeStatic(java.lang.Object, int, java.lang.Object, java.lang.Object, java.lang.Object, java.lang.Object)'> (0x0000000088c50478) 
thrown [t:/workspace/open/src/hotspot/share/interpreter/linkResolver.cpp, line 767]
Event: 0.854 Thread 0x000001babbec5800 Exception <a 'java/lang/NoSuchMethodError'{0x0000000088c56dd8}: 'java.lang.Object java.lang.invoke.DirectMethodHandle$Holder.invokeStatic(java.lang.Object, int, java.lang.Object, java.lang.Object, java.lang.Object)'> (0x0000000088c56dd8) 
thrown [t:/workspace/open/src/hotspot/share/interpreter/linkResolver.cpp, line 767]
Event: 0.854 Thread 0x000001babbec5800 Exception <a 'java/lang/NoSuchMethodError'{0x0000000088c5a640}: 'java.lang.Object java.lang.invoke.DirectMethodHandle$Holder.invokeSpecial(java.lang.Object, java.lang.Object, int, java.lang.Object, java.lang.Object, java.lang.Object)'> (0x0000000088c5a640) 
thrown [t:/workspace/open/src/hotspot/share/interpreter/linkResolver.cpp, line 767]
Event: 0.880 Thread 0x000001babbec5800 Exception <a 'java/lang/ClassNotFoundException'{0x0000000088b138a8}: com/sun/swing/internal/plaf/metal/resources/spi/metalProvider> (0x0000000088b138a8) 
thrown [t:/workspace/open/src/hotspot/share/classfile/systemDictionary.cpp, line 232]
Event: 0.881 Thread 0x000001babbec5800 Exception <a 'java/lang/ClassNotFoundException'{0x0000000088b17910}: com/sun/swing/internal/plaf/basic/resources/spi/basicProvider> (0x0000000088b17910) 
thrown [t:/workspace/open/src/hotspot/share/classfile/systemDictionary.cpp, line 232]
Event: 0.889 Thread 0x000001babbec5800 Implicit null exception at 0x000001baac2fa3e8 to 0x000001baac2fa47a
Event: 0.921 Thread 0x000001babbec5800 Exception <a 'java/lang/NoSuchMethodError'{0x0000000088b98e00}: 'void java.lang.invoke.DirectMethodHandle$Holder.invokeStaticInit(java.lang.Object)'> (0x0000000088b98e00) 
thrown [t:/workspace/open/src/hotspot/share/interpreter/linkResolver.cpp, line 767]
Event: 0.949 Thread 0x000001babbec5800 Exception <a 'java/lang/NoSuchMethodError'{0x0000000088bed470}: 'java.lang.Object java.lang.invoke.Invokers$Holder.linkToTargetMethod(java.lang.Object, int, java.lang.Object)'> (0x0000000088bed470) 
thrown [t:/workspace/open/src/hotspot/share/interpreter/linkResolver.cpp, line 767]
Event: 1.974 Thread 0x000001babbec5800 Exception <a 'java/lang/NoSuchMethodError'{0x0000000088680f40}: 'void java.lang.invoke.DirectMethodHandle$Holder.invokeStatic(java.lang.Object, int)'> (0x0000000088680f40) 
thrown [t:/workspace/open/src/hotspot/share/interpreter/linkResolver.cpp, line 767]
Event: 1.978 Thread 0x000001babc084000 Exception <a 'java/lang/NoSuchMethodError'{0x0000000088692198}: 'void java.lang.invoke.DirectMethodHandle$Holder.invokeStatic(java.lang.Object, int, int)'> (0x0000000088692198) 
thrown [t:/workspace/open/src/hotspot/share/interpreter/linkResolver.cpp, line 767]

Events (20 events):
Event: 4.901 Executing VM operation: RevokeBias done
Event: 4.901 Thread 0x000001babc426800 Thread exited: 0x000001babc426800
Event: 4.936 Executing VM operation: RevokeBias
Event: 4.938 Executing VM operation: RevokeBias done
Event: 4.938 Thread 0x000001babc2f5000 Thread exited: 0x000001babc2f5000
Event: 4.951 Executing VM operation: RevokeBias
Event: 4.952 Executing VM operation: RevokeBias done
Event: 4.952 Thread 0x000001babc42a000 Thread exited: 0x000001babc42a000
Event: 4.968 Executing VM operation: RevokeBias
Event: 4.969 Executing VM operation: RevokeBias done
Event: 4.969 Thread 0x000001babc42c000 Thread exited: 0x000001babc42c000
Event: 5.036 Executing VM operation: BulkRevokeBias
Event: 5.036 Executing VM operation: BulkRevokeBias done
Event: 5.037 Thread 0x000001babc428000 Thread exited: 0x000001babc428000
Event: 5.082 Thread 0x000001babc434800 Thread exited: 0x000001babc434800
Event: 5.119 Thread 0x000001babc42e800 Thread exited: 0x000001babc42e800
Event: 5.160 Thread 0x000001babc430800 Thread exited: 0x000001babc430800
Event: 5.220 Thread 0x000001babc432800 Thread exited: 0x000001babc432800
Event: 5.234 Executing VM operation: RevokeBias
Event: 5.238 Executing VM operation: RevokeBias done


Dynamic libraries:
0x00007ff7c8f50000 - 0x00007ff7c8f5f000 	C:\Program Files\bin\javaw.exe
0x00007ffe0fa70000 - 0x00007ffe0fc66000 	C:\WINDOWS\SYSTEM32\ntdll.dll
0x00007ffe0f340000 - 0x00007ffe0f3fd000 	C:\WINDOWS\System32\KERNEL32.DLL
0x00007ffe0d300000 - 0x00007ffe0d5c9000 	C:\WINDOWS\System32\KERNELBASE.dll
0x00007ffe0d200000 - 0x00007ffe0d300000 	C:\WINDOWS\System32\ucrtbase.dll
0x00007ffdfbc30000 - 0x00007ffdfbc48000 	C:\Program Files\bin\jli.dll
0x00007ffdf9300000 - 0x00007ffdf9315000 	C:\Program Files\bin\VCRUNTIME140.dll
0x00007ffe0e230000 - 0x00007ffe0e2dc000 	C:\WINDOWS\System32\ADVAPI32.dll
0x00007ffe0f2a0000 - 0x00007ffe0f33e000 	C:\WINDOWS\System32\msvcrt.dll
0x00007ffe0e4d0000 - 0x00007ffe0e56c000 	C:\WINDOWS\System32\sechost.dll
0x00007ffe0e2e0000 - 0x00007ffe0e40b000 	C:\WINDOWS\System32\RPCRT4.dll
0x00007ffe0f6e0000 - 0x00007ffe0f880000 	C:\WINDOWS\System32\USER32.dll
0x00007ffe0d650000 - 0x00007ffe0d672000 	C:\WINDOWS\System32\win32u.dll
0x00007ffe0e430000 - 0x00007ffe0e45a000 	C:\WINDOWS\System32\GDI32.dll
0x00007ffe0d680000 - 0x00007ffe0d789000 	C:\WINDOWS\System32\gdi32full.dll
0x00007ffe0d7f0000 - 0x00007ffe0d88d000 	C:\WINDOWS\System32\msvcp_win.dll
0x00007ffdfa440000 - 0x00007ffdfa6db000 	C:\WINDOWS\WinSxS\amd64_microsoft.windows.common-controls_6595b64144ccf1df_6.0.19041.488_none_ca04af081b815d21\COMCTL32.dll
0x00007ffe00560000 - 0x00007ffe0056a000 	C:\WINDOWS\SYSTEM32\VERSION.dll
0x00007ffe0e0f0000 - 0x00007ffe0e120000 	C:\WINDOWS\System32\IMM32.DLL
0x00007ffdded40000 - 0x00007ffddeddb000 	C:\Program Files\bin\msvcp140.dll
0x00007ffdcc2d0000 - 0x00007ffdcce2d000 	C:\Program Files\bin\server\jvm.dll
0x00007ffe0e570000 - 0x00007ffe0e578000 	C:\WINDOWS\System32\PSAPI.DLL
0x00007ffe040f0000 - 0x00007ffe040f9000 	C:\WINDOWS\SYSTEM32\WSOCK32.dll
0x00007ffe0eed0000 - 0x00007ffe0ef3b000 	C:\WINDOWS\System32\WS2_32.dll
0x00007ffdf88b0000 - 0x00007ffdf88d7000 	C:\WINDOWS\SYSTEM32\WINMM.dll
0x00007ffe0ba90000 - 0x00007ffe0baa2000 	C:\WINDOWS\SYSTEM32\kernel.appcore.dll
0x00007ffdfcb80000 - 0x00007ffdfcb90000 	C:\Program Files\bin\verify.dll
0x00007ffe0b000000 - 0x00007ffe0b1e4000 	C:\WINDOWS\SYSTEM32\DBGHELP.DLL
0x00007ffdf6a90000 - 0x00007ffdf6abc000 	C:\WINDOWS\SYSTEM32\dbgcore.DLL
0x00007ffe0d5d0000 - 0x00007ffe0d650000 	C:\WINDOWS\System32\bcryptPrimitives.dll
0x00007ffdfbb60000 - 0x00007ffdfbb86000 	C:\Program Files\bin\java.dll
0x00007ffdfb7d0000 - 0x00007ffdfb7e7000 	C:\Program Files\bin\zip.dll
0x00007ffdfc450000 - 0x00007ffdfc45a000 	C:\Program Files\bin\jimage.dll
0x00007ffe0e580000 - 0x00007ffe0ecc2000 	C:\WINDOWS\System32\SHELL32.dll
0x00007ffe0b1f0000 - 0x00007ffe0b985000 	C:\WINDOWS\SYSTEM32\windows.storage.dll
0x00007ffe0ef40000 - 0x00007ffe0f296000 	C:\WINDOWS\System32\combase.dll
0x00007ffe0cc20000 - 0x00007ffe0cc4c000 	C:\WINDOWS\SYSTEM32\Wldp.dll
0x00007ffe0e120000 - 0x00007ffe0e1ce000 	C:\WINDOWS\System32\SHCORE.dll
0x00007ffe0e1d0000 - 0x00007ffe0e225000 	C:\WINDOWS\System32\shlwapi.dll
0x00007ffe0d0e0000 - 0x00007ffe0d106000 	C:\WINDOWS\SYSTEM32\profapi.dll
0x00007ffdfb7b0000 - 0x00007ffdfb7c9000 	C:\Program Files\bin\net.dll
0x00007ffe02750000 - 0x00007ffe02850000 	C:\WINDOWS\SYSTEM32\WINHTTP.dll
0x00007ffe0c9a0000 - 0x00007ffe0ca0a000 	C:\WINDOWS\system32\mswsock.dll
0x00007ffdfb020000 - 0x00007ffdfb033000 	C:\Program Files\bin\nio.dll
0x00007ffe0cb70000 - 0x00007ffe0cb88000 	C:\WINDOWS\SYSTEM32\CRYPTSP.dll
0x00007ffe0c2c0000 - 0x00007ffe0c2f4000 	C:\WINDOWS\system32\rsaenh.dll
0x00007ffe0daa0000 - 0x00007ffe0dac7000 	C:\WINDOWS\System32\bcrypt.dll
0x00007ffe0d060000 - 0x00007ffe0d08e000 	C:\WINDOWS\SYSTEM32\USERENV.dll
0x00007ffe0cb90000 - 0x00007ffe0cb9c000 	C:\WINDOWS\SYSTEM32\CRYPTBASE.dll
0x00007ffe0c640000 - 0x00007ffe0c67b000 	C:\WINDOWS\SYSTEM32\IPHLPAPI.DLL
0x00007ffe0dfc0000 - 0x00007ffe0dfc8000 	C:\WINDOWS\System32\NSI.dll
0x00007ffe0a8e0000 - 0x00007ffe0a8f7000 	C:\WINDOWS\SYSTEM32\dhcpcsvc6.DLL
0x00007ffe0a8c0000 - 0x00007ffe0a8dd000 	C:\WINDOWS\SYSTEM32\dhcpcsvc.DLL
0x00007ffe0c690000 - 0x00007ffe0c75b000 	C:\WINDOWS\SYSTEM32\DNSAPI.dll
0x000000006adc0000 - 0x000000006aeb2000 	C:\Users\Gorka\AppData\Local\Temp\sqlite-3.20.1-3a2a980f-33be-4d39-a889-3e3d4fadf23d-sqlitejdbc.dll
0x00007ffdd49f0000 - 0x00007ffdd4b89000 	C:\Program Files\bin\awt.dll
0x00007ffe0ecd0000 - 0x00007ffe0ed9d000 	C:\WINDOWS\System32\OLEAUT32.dll
0x00007ffe093d0000 - 0x00007ffe09460000 	C:\WINDOWS\SYSTEM32\apphelp.dll
0x00007ffe0aa70000 - 0x00007ffe0aa9f000 	C:\WINDOWS\system32\DWMAPI.DLL
0x00007ffe094c0000 - 0x00007ffe0955e000 	C:\WINDOWS\system32\uxtheme.dll
0x00007ffddc7f0000 - 0x00007ffddc915000 	C:\WINDOWS\system32\opengl32.dll
0x00007ffdf8910000 - 0x00007ffdf893c000 	C:\WINDOWS\SYSTEM32\GLU32.dll
0x00007ffe0dfd0000 - 0x00007ffe0e0e6000 	C:\WINDOWS\System32\MSCTF.dll
0x00007ffe0eda0000 - 0x00007ffe0eeca000 	C:\WINDOWS\System32\ole32.dll
0x00007ffde4fe0000 - 0x00007ffde5062000 	C:\Program Files\bin\freetype.dll
0x00007ffdda200000 - 0x00007ffdda2a6000 	C:\Program Files\bin\fontmanager.dll
0x00007ffe03ff0000 - 0x00007ffe040ed000 	C:\WINDOWS\SYSTEM32\textinputframework.dll
0x00007ffe091a0000 - 0x00007ffe09292000 	C:\WINDOWS\System32\CoreMessaging.dll
0x00007ffe08e40000 - 0x00007ffe0919e000 	C:\WINDOWS\System32\CoreUIComponents.dll
0x00007ffe08770000 - 0x00007ffe088c6000 	C:\WINDOWS\SYSTEM32\wintypes.dll
0x00007ffe0bef0000 - 0x00007ffe0bf23000 	C:\WINDOWS\SYSTEM32\ntmarta.dll
0x00007ffdf9bd0000 - 0x00007ffdf9c36000 	C:\WINDOWS\system32\Oleacc.dll

dbghelp: loaded successfully - version: 4.0.5 - missing functions: none
symbol engine: initialized successfully - sym options: 0x614 - pdb path: .;C:\Program Files\bin;C:\WINDOWS\SYSTEM32;C:\WINDOWS\WinSxS\amd64_microsoft.windows.common-controls_6595b64144ccf1df_6.0.19041.488_none_ca04af081b815d21;C:\Program Files\bin\server;C:\Users\Gorka\AppData\Local\Temp

VM Arguments:
jvm_args: -Dfile.encoding=Cp1252 
java_command: main.Launcher
java_class_path (initial): C:\Users\Gorka\git\StoneChaser-Program-3\bin;C:\Users\Gorka\.p2\pool\plugins\org.junit_4.13.0.v20200204-1500.jar;C:\Users\Gorka\.p2\pool\plugins\org.hamcrest.core_1.3.0.v20180420-1519.jar;C:\Users\Gorka\git\StoneChaser-Program-3\res\sqliteJAR\sqlite-jdbc-3.20.1.jar
Launcher Type: SUN_STANDARD

[Global flags]
     intx CICompilerCount                          = 3                                         {product} {ergonomic}
     uint ConcGCThreads                            = 1                                         {product} {ergonomic}
     uint G1ConcRefinementThreads                  = 4                                         {product} {ergonomic}
   size_t G1HeapRegionSize                         = 1048576                                   {product} {ergonomic}
    uintx GCDrainStackTargetSize                   = 64                                        {product} {ergonomic}
   size_t InitialHeapSize                          = 134217728                                 {product} {ergonomic}
   size_t MarkStackSize                            = 4194304                                   {product} {ergonomic}
   size_t MaxHeapSize                              = 2126512128                                {product} {ergonomic}
   size_t MaxNewSize                               = 1275068416                                {product} {ergonomic}
   size_t MinHeapDeltaBytes                        = 1048576                                   {product} {ergonomic}
   size_t MinHeapSize                              = 8388608                                   {product} {ergonomic}
    uintx NonNMethodCodeHeapSize                   = 5832780                                {pd product} {ergonomic}
    uintx NonProfiledCodeHeapSize                  = 122912730                              {pd product} {ergonomic}
    uintx ProfiledCodeHeapSize                     = 122912730                              {pd product} {ergonomic}
    uintx ReservedCodeCacheSize                    = 251658240                              {pd product} {ergonomic}
     bool SegmentedCodeCache                       = true                                      {product} {ergonomic}
   size_t SoftMaxHeapSize                          = 2126512128                             {manageable} {ergonomic}
     bool UseCompressedClassPointers               = true                                 {lp64_product} {ergonomic}
     bool UseCompressedOops                        = true                                 {lp64_product} {ergonomic}
     bool UseG1GC                                  = true                                      {product} {ergonomic}
     bool UseLargePagesIndividualAllocation        = false                                  {pd product} {ergonomic}

Logging:
Log output configuration:
 #0: stdout all=warning uptime,level,tags
 #1: stderr all=off uptime,level,tags

Environment Variables:
PATH=C:/Program Files/bin/server;C:/Program Files/bin;C:\Program Files\AdoptOpenJDK\jdk-11.0.8.10-hotspot\bin;C:\WINDOWS\system32;C:\WINDOWS;C:\WINDOWS\System32\Wbem;C:\WINDOWS\System32\WindowsPowerShell\v1.0\;C:\WINDOWS\System32\OpenSSH\;C:\Program Files (x86)\Intel\Intel(R) Management Engine Components\DAL;C:\Program Files\Intel\Intel(R) Management Engine Components\DAL;C:\Program Files (x86)\Intel\Intel(R) Management Engine Components\IPT;C:\Program Files\Intel\Intel(R) Management Engine Components\IPT;C:\Program Files\MySQL\MySQL Shell 8.0\bin\;C:\Users\Gorka\AppData\Local\Programs\Python\Launcher\;C:\WINDOWS\system32\config\systemprofile\AppData\Local\Microsoft\WindowsApps;C:\Users\Gorka\AppData\Roaming\Quest Software\vWorkspace Client\;;C:\Users\Gorka\AppData\Local\Microsoft\WindowsApps;C:\Users\Gorka\Desktop;
USERNAME=Gorka
OS=Windows_NT
PROCESSOR_IDENTIFIER=Intel64 Family 6 Model 142 Stepping 9, GenuineIntel



---------------  S Y S T E M  ---------------

OS: Windows 10 , 64 bit Build 19041 (10.0.19041.662)

CPU:total 4 (initial active 4) (2 cores per cpu, 2 threads per core) family 6 model 142 stepping 9, cmov, cx8, fxsr, mmx, sse, sse2, sse3, ssse3, sse4.1, sse4.2, popcnt, avx, avx2, aes, clmul, erms, 3dnowpref, lzcnt, ht, tsc, tscinvbit, bmi1, bmi2, adx, fma

Memory: 4k page, system-wide physical 8107M (3617M free)
TotalPageFile size 9387M (AvailPageFile size 3257M)
current process WorkingSet (physical memory assigned to process): 135M, peak: 135M
current process commit charge ("private bytes"): 271M, peak: 271M

vm_info: Java HotSpot(TM) 64-Bit Server VM (13.0.2+8) for windows-amd64 JRE (13.0.2+8), built on Dec 11 2019 09:20:33 by "mach5one" with unknown MS VC++:1916

END.
